SF:C:\github\vx\crates\vx-cli\src\cli.rs
FN:24,_RNCNvXs3_NtCsgADnf5To0jN_6vx_cli3cliNtB7_3CliNtNtCs9dv23kYwsEz_12clap_builder6derive14FromArgMatches20from_arg_matches_mut0B9_
FN:32,_RNCNvXs3_NtCsgADnf5To0jN_6vx_cli3cliNtB7_3CliNtNtCs9dv23kYwsEz_12clap_builder6derive14FromArgMatches20from_arg_matches_muts0_0B9_
FN:28,_RNCNvXs3_NtCsgADnf5To0jN_6vx_cli3cliNtB7_3CliNtNtCs9dv23kYwsEz_12clap_builder6derive14FromArgMatches20from_arg_matches_muts_0B9_
FN:24,_RNCNvXs3_NtCsgADnf5To0jN_6vx_cli3cliNtB7_3CliNtNtCs9dv23kYwsEz_12clap_builder6derive14FromArgMatches27update_from_arg_matches_mut0B9_
FN:32,_RNCNvXs3_NtCsgADnf5To0jN_6vx_cli3cliNtB7_3CliNtNtCs9dv23kYwsEz_12clap_builder6derive14FromArgMatches27update_from_arg_matches_muts0_0B9_
FN:28,_RNCNvXs3_NtCsgADnf5To0jN_6vx_cli3cliNtB7_3CliNtNtCs9dv23kYwsEz_12clap_builder6derive14FromArgMatches27update_from_arg_matches_muts_0B9_
FN:47,_RNCNvXs5_NtCsgADnf5To0jN_6vx_cli3cliNtB7_8CommandsNtNtCs9dv23kYwsEz_12clap_builder6derive14FromArgMatches20from_arg_matches_mut0B9_
FN:53,_RNCNvXs5_NtCsgADnf5To0jN_6vx_cli3cliNtB7_8CommandsNtNtCs9dv23kYwsEz_12clap_builder6derive14FromArgMatches20from_arg_matches_muts0_0B9_
FN:60,_RNCNvXs5_NtCsgADnf5To0jN_6vx_cli3cliNtB7_8CommandsNtNtCs9dv23kYwsEz_12clap_builder6derive14FromArgMatches20from_arg_matches_muts1_0B9_
FN:65,_RNCNvXs5_NtCsgADnf5To0jN_6vx_cli3cliNtB7_8CommandsNtNtCs9dv23kYwsEz_12clap_builder6derive14FromArgMatches20from_arg_matches_muts2_0B9_
FN:75,_RNCNvXs5_NtCsgADnf5To0jN_6vx_cli3cliNtB7_8CommandsNtNtCs9dv23kYwsEz_12clap_builder6derive14FromArgMatches20from_arg_matches_muts3_0B9_
FN:83,_RNCNvXs5_NtCsgADnf5To0jN_6vx_cli3cliNtB7_8CommandsNtNtCs9dv23kYwsEz_12clap_builder6derive14FromArgMatches20from_arg_matches_muts4_0B9_
FN:92,_RNCNvXs5_NtCsgADnf5To0jN_6vx_cli3cliNtB7_8CommandsNtNtCs9dv23kYwsEz_12clap_builder6derive14FromArgMatches20from_arg_matches_muts5_0B9_
FN:97,_RNCNvXs5_NtCsgADnf5To0jN_6vx_cli3cliNtB7_8CommandsNtNtCs9dv23kYwsEz_12clap_builder6derive14FromArgMatches20from_arg_matches_muts6_0B9_
FN:103,_RNCNvXs5_NtCsgADnf5To0jN_6vx_cli3cliNtB7_8CommandsNtNtCs9dv23kYwsEz_12clap_builder6derive14FromArgMatches20from_arg_matches_muts7_0B9_
FN:106,_RNCNvXs5_NtCsgADnf5To0jN_6vx_cli3cliNtB7_8CommandsNtNtCs9dv23kYwsEz_12clap_builder6derive14FromArgMatches20from_arg_matches_muts8_0B9_
FN:112,_RNCNvXs5_NtCsgADnf5To0jN_6vx_cli3cliNtB7_8CommandsNtNtCs9dv23kYwsEz_12clap_builder6derive14FromArgMatches20from_arg_matches_muts9_0B9_
FN:50,_RNCNvXs5_NtCsgADnf5To0jN_6vx_cli3cliNtB7_8CommandsNtNtCs9dv23kYwsEz_12clap_builder6derive14FromArgMatches20from_arg_matches_muts_0B9_
FN:118,_RNCNvXs5_NtCsgADnf5To0jN_6vx_cli3cliNtB7_8CommandsNtNtCs9dv23kYwsEz_12clap_builder6derive14FromArgMatches20from_arg_matches_mutsa_0B9_
FN:121,_RNCNvXs5_NtCsgADnf5To0jN_6vx_cli3cliNtB7_8CommandsNtNtCs9dv23kYwsEz_12clap_builder6derive14FromArgMatches20from_arg_matches_mutsb_0B9_
FN:124,_RNCNvXs5_NtCsgADnf5To0jN_6vx_cli3cliNtB7_8CommandsNtNtCs9dv23kYwsEz_12clap_builder6derive14FromArgMatches20from_arg_matches_mutsc_0B9_
FN:130,_RNCNvXs5_NtCsgADnf5To0jN_6vx_cli3cliNtB7_8CommandsNtNtCs9dv23kYwsEz_12clap_builder6derive14FromArgMatches20from_arg_matches_mutsd_0B9_
FN:133,_RNCNvXs5_NtCsgADnf5To0jN_6vx_cli3cliNtB7_8CommandsNtNtCs9dv23kYwsEz_12clap_builder6derive14FromArgMatches20from_arg_matches_mutse_0B9_
FN:152,_RNCNvXs5_NtCsgADnf5To0jN_6vx_cli3cliNtB7_8CommandsNtNtCs9dv23kYwsEz_12clap_builder6derive14FromArgMatches20from_arg_matches_mutsf_0B9_
FN:155,_RNCNvXs5_NtCsgADnf5To0jN_6vx_cli3cliNtB7_8CommandsNtNtCs9dv23kYwsEz_12clap_builder6derive14FromArgMatches20from_arg_matches_mutsg_0B9_
FN:158,_RNCNvXs5_NtCsgADnf5To0jN_6vx_cli3cliNtB7_8CommandsNtNtCs9dv23kYwsEz_12clap_builder6derive14FromArgMatches20from_arg_matches_mutsh_0B9_
FN:161,_RNCNvXs5_NtCsgADnf5To0jN_6vx_cli3cliNtB7_8CommandsNtNtCs9dv23kYwsEz_12clap_builder6derive14FromArgMatches20from_arg_matches_mutsi_0B9_
FN:168,_RNCNvXs5_NtCsgADnf5To0jN_6vx_cli3cliNtB7_8CommandsNtNtCs9dv23kYwsEz_12clap_builder6derive14FromArgMatches20from_arg_matches_mutsj_0B9_
FN:171,_RNCNvXs5_NtCsgADnf5To0jN_6vx_cli3cliNtB7_8CommandsNtNtCs9dv23kYwsEz_12clap_builder6derive14FromArgMatches20from_arg_matches_mutsk_0B9_
FN:174,_RNCNvXs5_NtCsgADnf5To0jN_6vx_cli3cliNtB7_8CommandsNtNtCs9dv23kYwsEz_12clap_builder6derive14FromArgMatches20from_arg_matches_mutsl_0B9_
FN:177,_RNCNvXs5_NtCsgADnf5To0jN_6vx_cli3cliNtB7_8CommandsNtNtCs9dv23kYwsEz_12clap_builder6derive14FromArgMatches20from_arg_matches_mutsm_0B9_
FN:180,_RNCNvXs5_NtCsgADnf5To0jN_6vx_cli3cliNtB7_8CommandsNtNtCs9dv23kYwsEz_12clap_builder6derive14FromArgMatches20from_arg_matches_mutsn_0B9_
FN:183,_RNCNvXs5_NtCsgADnf5To0jN_6vx_cli3cliNtB7_8CommandsNtNtCs9dv23kYwsEz_12clap_builder6derive14FromArgMatches20from_arg_matches_mutso_0B9_
FN:190,_RNCNvXs5_NtCsgADnf5To0jN_6vx_cli3cliNtB7_8CommandsNtNtCs9dv23kYwsEz_12clap_builder6derive14FromArgMatches20from_arg_matches_mutsp_0B9_
FN:199,_RNCNvXs5_NtCsgADnf5To0jN_6vx_cli3cliNtB7_8CommandsNtNtCs9dv23kYwsEz_12clap_builder6derive14FromArgMatches20from_arg_matches_mutsq_0B9_
FN:202,_RNCNvXs5_NtCsgADnf5To0jN_6vx_cli3cliNtB7_8CommandsNtNtCs9dv23kYwsEz_12clap_builder6derive14FromArgMatches20from_arg_matches_mutsr_0B9_
FN:205,_RNCNvXs5_NtCsgADnf5To0jN_6vx_cli3cliNtB7_8CommandsNtNtCs9dv23kYwsEz_12clap_builder6derive14FromArgMatches20from_arg_matches_mutss_0B9_
FN:212,_RNCNvXs5_NtCsgADnf5To0jN_6vx_cli3cliNtB7_8CommandsNtNtCs9dv23kYwsEz_12clap_builder6derive14FromArgMatches20from_arg_matches_mutst_0B9_
FN:215,_RNCNvXs5_NtCsgADnf5To0jN_6vx_cli3cliNtB7_8CommandsNtNtCs9dv23kYwsEz_12clap_builder6derive14FromArgMatches20from_arg_matches_mutsu_0B9_
FN:218,_RNCNvXs5_NtCsgADnf5To0jN_6vx_cli3cliNtB7_8CommandsNtNtCs9dv23kYwsEz_12clap_builder6derive14FromArgMatches20from_arg_matches_mutsv_0B9_
FN:221,_RNCNvXs5_NtCsgADnf5To0jN_6vx_cli3cliNtB7_8CommandsNtNtCs9dv23kYwsEz_12clap_builder6derive14FromArgMatches20from_arg_matches_mutsw_0B9_
FN:224,_RNCNvXs5_NtCsgADnf5To0jN_6vx_cli3cliNtB7_8CommandsNtNtCs9dv23kYwsEz_12clap_builder6derive14FromArgMatches20from_arg_matches_mutsx_0B9_
FN:230,_RNCNvXs5_NtCsgADnf5To0jN_6vx_cli3cliNtB7_8CommandsNtNtCs9dv23kYwsEz_12clap_builder6derive14FromArgMatches20from_arg_matches_mutsy_0B9_
FN:47,_RNCNvXs5_NtCsgADnf5To0jN_6vx_cli3cliNtB7_8CommandsNtNtCs9dv23kYwsEz_12clap_builder6derive14FromArgMatches27update_from_arg_matches_mut0B9_
FN:53,_RNCNvXs5_NtCsgADnf5To0jN_6vx_cli3cliNtB7_8CommandsNtNtCs9dv23kYwsEz_12clap_builder6derive14FromArgMatches27update_from_arg_matches_muts0_0B9_
FN:60,_RNCNvXs5_NtCsgADnf5To0jN_6vx_cli3cliNtB7_8CommandsNtNtCs9dv23kYwsEz_12clap_builder6derive14FromArgMatches27update_from_arg_matches_muts1_0B9_
FN:65,_RNCNvXs5_NtCsgADnf5To0jN_6vx_cli3cliNtB7_8CommandsNtNtCs9dv23kYwsEz_12clap_builder6derive14FromArgMatches27update_from_arg_matches_muts2_0B9_
FN:75,_RNCNvXs5_NtCsgADnf5To0jN_6vx_cli3cliNtB7_8CommandsNtNtCs9dv23kYwsEz_12clap_builder6derive14FromArgMatches27update_from_arg_matches_muts3_0B9_
FN:83,_RNCNvXs5_NtCsgADnf5To0jN_6vx_cli3cliNtB7_8CommandsNtNtCs9dv23kYwsEz_12clap_builder6derive14FromArgMatches27update_from_arg_matches_muts4_0B9_
FN:92,_RNCNvXs5_NtCsgADnf5To0jN_6vx_cli3cliNtB7_8CommandsNtNtCs9dv23kYwsEz_12clap_builder6derive14FromArgMatches27update_from_arg_matches_muts5_0B9_
FN:97,_RNCNvXs5_NtCsgADnf5To0jN_6vx_cli3cliNtB7_8CommandsNtNtCs9dv23kYwsEz_12clap_builder6derive14FromArgMatches27update_from_arg_matches_muts6_0B9_
FN:103,_RNCNvXs5_NtCsgADnf5To0jN_6vx_cli3cliNtB7_8CommandsNtNtCs9dv23kYwsEz_12clap_builder6derive14FromArgMatches27update_from_arg_matches_muts7_0B9_
FN:106,_RNCNvXs5_NtCsgADnf5To0jN_6vx_cli3cliNtB7_8CommandsNtNtCs9dv23kYwsEz_12clap_builder6derive14FromArgMatches27update_from_arg_matches_muts8_0B9_
FN:112,_RNCNvXs5_NtCsgADnf5To0jN_6vx_cli3cliNtB7_8CommandsNtNtCs9dv23kYwsEz_12clap_builder6derive14FromArgMatches27update_from_arg_matches_muts9_0B9_
FN:50,_RNCNvXs5_NtCsgADnf5To0jN_6vx_cli3cliNtB7_8CommandsNtNtCs9dv23kYwsEz_12clap_builder6derive14FromArgMatches27update_from_arg_matches_muts_0B9_
FN:118,_RNCNvXs5_NtCsgADnf5To0jN_6vx_cli3cliNtB7_8CommandsNtNtCs9dv23kYwsEz_12clap_builder6derive14FromArgMatches27update_from_arg_matches_mutsa_0B9_
FN:121,_RNCNvXs5_NtCsgADnf5To0jN_6vx_cli3cliNtB7_8CommandsNtNtCs9dv23kYwsEz_12clap_builder6derive14FromArgMatches27update_from_arg_matches_mutsb_0B9_
FN:124,_RNCNvXs5_NtCsgADnf5To0jN_6vx_cli3cliNtB7_8CommandsNtNtCs9dv23kYwsEz_12clap_builder6derive14FromArgMatches27update_from_arg_matches_mutsc_0B9_
FN:130,_RNCNvXs5_NtCsgADnf5To0jN_6vx_cli3cliNtB7_8CommandsNtNtCs9dv23kYwsEz_12clap_builder6derive14FromArgMatches27update_from_arg_matches_mutsd_0B9_
FN:133,_RNCNvXs5_NtCsgADnf5To0jN_6vx_cli3cliNtB7_8CommandsNtNtCs9dv23kYwsEz_12clap_builder6derive14FromArgMatches27update_from_arg_matches_mutse_0B9_
FN:152,_RNCNvXs5_NtCsgADnf5To0jN_6vx_cli3cliNtB7_8CommandsNtNtCs9dv23kYwsEz_12clap_builder6derive14FromArgMatches27update_from_arg_matches_mutsf_0B9_
FN:155,_RNCNvXs5_NtCsgADnf5To0jN_6vx_cli3cliNtB7_8CommandsNtNtCs9dv23kYwsEz_12clap_builder6derive14FromArgMatches27update_from_arg_matches_mutsg_0B9_
FN:158,_RNCNvXs5_NtCsgADnf5To0jN_6vx_cli3cliNtB7_8CommandsNtNtCs9dv23kYwsEz_12clap_builder6derive14FromArgMatches27update_from_arg_matches_mutsh_0B9_
FN:161,_RNCNvXs5_NtCsgADnf5To0jN_6vx_cli3cliNtB7_8CommandsNtNtCs9dv23kYwsEz_12clap_builder6derive14FromArgMatches27update_from_arg_matches_mutsi_0B9_
FN:168,_RNCNvXs5_NtCsgADnf5To0jN_6vx_cli3cliNtB7_8CommandsNtNtCs9dv23kYwsEz_12clap_builder6derive14FromArgMatches27update_from_arg_matches_mutsj_0B9_
FN:171,_RNCNvXs5_NtCsgADnf5To0jN_6vx_cli3cliNtB7_8CommandsNtNtCs9dv23kYwsEz_12clap_builder6derive14FromArgMatches27update_from_arg_matches_mutsk_0B9_
FN:174,_RNCNvXs5_NtCsgADnf5To0jN_6vx_cli3cliNtB7_8CommandsNtNtCs9dv23kYwsEz_12clap_builder6derive14FromArgMatches27update_from_arg_matches_mutsl_0B9_
FN:177,_RNCNvXs5_NtCsgADnf5To0jN_6vx_cli3cliNtB7_8CommandsNtNtCs9dv23kYwsEz_12clap_builder6derive14FromArgMatches27update_from_arg_matches_mutsm_0B9_
FN:180,_RNCNvXs5_NtCsgADnf5To0jN_6vx_cli3cliNtB7_8CommandsNtNtCs9dv23kYwsEz_12clap_builder6derive14FromArgMatches27update_from_arg_matches_mutsn_0B9_
FN:183,_RNCNvXs5_NtCsgADnf5To0jN_6vx_cli3cliNtB7_8CommandsNtNtCs9dv23kYwsEz_12clap_builder6derive14FromArgMatches27update_from_arg_matches_mutso_0B9_
FN:190,_RNCNvXs5_NtCsgADnf5To0jN_6vx_cli3cliNtB7_8CommandsNtNtCs9dv23kYwsEz_12clap_builder6derive14FromArgMatches27update_from_arg_matches_mutsp_0B9_
FN:199,_RNCNvXs5_NtCsgADnf5To0jN_6vx_cli3cliNtB7_8CommandsNtNtCs9dv23kYwsEz_12clap_builder6derive14FromArgMatches27update_from_arg_matches_mutsq_0B9_
FN:202,_RNCNvXs5_NtCsgADnf5To0jN_6vx_cli3cliNtB7_8CommandsNtNtCs9dv23kYwsEz_12clap_builder6derive14FromArgMatches27update_from_arg_matches_mutsr_0B9_
FN:205,_RNCNvXs5_NtCsgADnf5To0jN_6vx_cli3cliNtB7_8CommandsNtNtCs9dv23kYwsEz_12clap_builder6derive14FromArgMatches27update_from_arg_matches_mutss_0B9_
FN:212,_RNCNvXs5_NtCsgADnf5To0jN_6vx_cli3cliNtB7_8CommandsNtNtCs9dv23kYwsEz_12clap_builder6derive14FromArgMatches27update_from_arg_matches_mutst_0B9_
FN:215,_RNCNvXs5_NtCsgADnf5To0jN_6vx_cli3cliNtB7_8CommandsNtNtCs9dv23kYwsEz_12clap_builder6derive14FromArgMatches27update_from_arg_matches_mutsu_0B9_
FN:218,_RNCNvXs5_NtCsgADnf5To0jN_6vx_cli3cliNtB7_8CommandsNtNtCs9dv23kYwsEz_12clap_builder6derive14FromArgMatches27update_from_arg_matches_mutsv_0B9_
FN:221,_RNCNvXs5_NtCsgADnf5To0jN_6vx_cli3cliNtB7_8CommandsNtNtCs9dv23kYwsEz_12clap_builder6derive14FromArgMatches27update_from_arg_matches_mutsw_0B9_
FN:224,_RNCNvXs5_NtCsgADnf5To0jN_6vx_cli3cliNtB7_8CommandsNtNtCs9dv23kYwsEz_12clap_builder6derive14FromArgMatches27update_from_arg_matches_mutsx_0B9_
FN:230,_RNCNvXs5_NtCsgADnf5To0jN_6vx_cli3cliNtB7_8CommandsNtNtCs9dv23kYwsEz_12clap_builder6derive14FromArgMatches27update_from_arg_matches_mutsy_0B9_
FN:268,_RNCNvXs8_NtCsgADnf5To0jN_6vx_cli3cliNtB7_13ConfigCommandNtNtCs9dv23kYwsEz_12clap_builder6derive14FromArgMatches20from_arg_matches_mut0B9_
FN:275,_RNCNvXs8_NtCsgADnf5To0jN_6vx_cli3cliNtB7_13ConfigCommandNtNtCs9dv23kYwsEz_12clap_builder6derive14FromArgMatches20from_arg_matches_muts0_0B9_
FN:270,_RNCNvXs8_NtCsgADnf5To0jN_6vx_cli3cliNtB7_13ConfigCommandNtNtCs9dv23kYwsEz_12clap_builder6derive14FromArgMatches20from_arg_matches_muts_0B9_
FN:268,_RNCNvXs8_NtCsgADnf5To0jN_6vx_cli3cliNtB7_13ConfigCommandNtNtCs9dv23kYwsEz_12clap_builder6derive14FromArgMatches27update_from_arg_matches_mut0B9_
FN:275,_RNCNvXs8_NtCsgADnf5To0jN_6vx_cli3cliNtB7_13ConfigCommandNtNtCs9dv23kYwsEz_12clap_builder6derive14FromArgMatches27update_from_arg_matches_muts0_0B9_
FN:270,_RNCNvXs8_NtCsgADnf5To0jN_6vx_cli3cliNtB7_13ConfigCommandNtNtCs9dv23kYwsEz_12clap_builder6derive14FromArgMatches27update_from_arg_matches_muts_0B9_
FN:292,_RNCNvXsb_NtCsgADnf5To0jN_6vx_cli3cliNtB7_13PluginCommandNtNtCs9dv23kYwsEz_12clap_builder6derive14FromArgMatches20from_arg_matches_mut0B9_
FN:305,_RNCNvXsb_NtCsgADnf5To0jN_6vx_cli3cliNtB7_13PluginCommandNtNtCs9dv23kYwsEz_12clap_builder6derive14FromArgMatches20from_arg_matches_muts0_0B9_
FN:310,_RNCNvXsb_NtCsgADnf5To0jN_6vx_cli3cliNtB7_13PluginCommandNtNtCs9dv23kYwsEz_12clap_builder6derive14FromArgMatches20from_arg_matches_muts1_0B9_
FN:315,_RNCNvXsb_NtCsgADnf5To0jN_6vx_cli3cliNtB7_13PluginCommandNtNtCs9dv23kYwsEz_12clap_builder6derive14FromArgMatches20from_arg_matches_muts2_0B9_
FN:300,_RNCNvXsb_NtCsgADnf5To0jN_6vx_cli3cliNtB7_13PluginCommandNtNtCs9dv23kYwsEz_12clap_builder6derive14FromArgMatches20from_arg_matches_muts_0B9_
FN:292,_RNCNvXsb_NtCsgADnf5To0jN_6vx_cli3cliNtB7_13PluginCommandNtNtCs9dv23kYwsEz_12clap_builder6derive14FromArgMatches27update_from_arg_matches_mut0B9_
FN:305,_RNCNvXsb_NtCsgADnf5To0jN_6vx_cli3cliNtB7_13PluginCommandNtNtCs9dv23kYwsEz_12clap_builder6derive14FromArgMatches27update_from_arg_matches_muts0_0B9_
FN:310,_RNCNvXsb_NtCsgADnf5To0jN_6vx_cli3cliNtB7_13PluginCommandNtNtCs9dv23kYwsEz_12clap_builder6derive14FromArgMatches27update_from_arg_matches_muts1_0B9_
FN:315,_RNCNvXsb_NtCsgADnf5To0jN_6vx_cli3cliNtB7_13PluginCommandNtNtCs9dv23kYwsEz_12clap_builder6derive14FromArgMatches27update_from_arg_matches_muts2_0B9_
FN:300,_RNCNvXsb_NtCsgADnf5To0jN_6vx_cli3cliNtB7_13PluginCommandNtNtCs9dv23kYwsEz_12clap_builder6derive14FromArgMatches27update_from_arg_matches_muts_0B9_
FN:331,_RNCNvXse_NtCsgADnf5To0jN_6vx_cli3cliNtB7_12ShellCommandNtNtCs9dv23kYwsEz_12clap_builder6derive14FromArgMatches20from_arg_matches_mut0B9_
FN:331,_RNCNvXse_NtCsgADnf5To0jN_6vx_cli3cliNtB7_12ShellCommandNtNtCs9dv23kYwsEz_12clap_builder6derive14FromArgMatches27update_from_arg_matches_mut0B9_
FN:24,_RNCNvXs3_NtCsgQUhu4AasEN_6vx_cli3cliNtB7_3CliNtNtCs9dv23kYwsEz_12clap_builder6derive14FromArgMatches20from_arg_matches_mut0B9_
FN:32,_RNCNvXs3_NtCsgQUhu4AasEN_6vx_cli3cliNtB7_3CliNtNtCs9dv23kYwsEz_12clap_builder6derive14FromArgMatches20from_arg_matches_muts0_0B9_
FN:28,_RNCNvXs3_NtCsgQUhu4AasEN_6vx_cli3cliNtB7_3CliNtNtCs9dv23kYwsEz_12clap_builder6derive14FromArgMatches20from_arg_matches_muts_0B9_
FN:47,_RNCNvXs5_NtCsgQUhu4AasEN_6vx_cli3cliNtB7_8CommandsNtNtCs9dv23kYwsEz_12clap_builder6derive14FromArgMatches20from_arg_matches_mut0B9_
FN:53,_RNCNvXs5_NtCsgQUhu4AasEN_6vx_cli3cliNtB7_8CommandsNtNtCs9dv23kYwsEz_12clap_builder6derive14FromArgMatches20from_arg_matches_muts0_0B9_
FN:60,_RNCNvXs5_NtCsgQUhu4AasEN_6vx_cli3cliNtB7_8CommandsNtNtCs9dv23kYwsEz_12clap_builder6derive14FromArgMatches20from_arg_matches_muts1_0B9_
FN:65,_RNCNvXs5_NtCsgQUhu4AasEN_6vx_cli3cliNtB7_8CommandsNtNtCs9dv23kYwsEz_12clap_builder6derive14FromArgMatches20from_arg_matches_muts2_0B9_
FN:75,_RNCNvXs5_NtCsgQUhu4AasEN_6vx_cli3cliNtB7_8CommandsNtNtCs9dv23kYwsEz_12clap_builder6derive14FromArgMatches20from_arg_matches_muts3_0B9_
FN:83,_RNCNvXs5_NtCsgQUhu4AasEN_6vx_cli3cliNtB7_8CommandsNtNtCs9dv23kYwsEz_12clap_builder6derive14FromArgMatches20from_arg_matches_muts4_0B9_
FN:92,_RNCNvXs5_NtCsgQUhu4AasEN_6vx_cli3cliNtB7_8CommandsNtNtCs9dv23kYwsEz_12clap_builder6derive14FromArgMatches20from_arg_matches_muts5_0B9_
FN:97,_RNCNvXs5_NtCsgQUhu4AasEN_6vx_cli3cliNtB7_8CommandsNtNtCs9dv23kYwsEz_12clap_builder6derive14FromArgMatches20from_arg_matches_muts6_0B9_
FN:103,_RNCNvXs5_NtCsgQUhu4AasEN_6vx_cli3cliNtB7_8CommandsNtNtCs9dv23kYwsEz_12clap_builder6derive14FromArgMatches20from_arg_matches_muts7_0B9_
FN:106,_RNCNvXs5_NtCsgQUhu4AasEN_6vx_cli3cliNtB7_8CommandsNtNtCs9dv23kYwsEz_12clap_builder6derive14FromArgMatches20from_arg_matches_muts8_0B9_
FN:112,_RNCNvXs5_NtCsgQUhu4AasEN_6vx_cli3cliNtB7_8CommandsNtNtCs9dv23kYwsEz_12clap_builder6derive14FromArgMatches20from_arg_matches_muts9_0B9_
FN:50,_RNCNvXs5_NtCsgQUhu4AasEN_6vx_cli3cliNtB7_8CommandsNtNtCs9dv23kYwsEz_12clap_builder6derive14FromArgMatches20from_arg_matches_muts_0B9_
FN:118,_RNCNvXs5_NtCsgQUhu4AasEN_6vx_cli3cliNtB7_8CommandsNtNtCs9dv23kYwsEz_12clap_builder6derive14FromArgMatches20from_arg_matches_mutsa_0B9_
FN:121,_RNCNvXs5_NtCsgQUhu4AasEN_6vx_cli3cliNtB7_8CommandsNtNtCs9dv23kYwsEz_12clap_builder6derive14FromArgMatches20from_arg_matches_mutsb_0B9_
FN:124,_RNCNvXs5_NtCsgQUhu4AasEN_6vx_cli3cliNtB7_8CommandsNtNtCs9dv23kYwsEz_12clap_builder6derive14FromArgMatches20from_arg_matches_mutsc_0B9_
FN:130,_RNCNvXs5_NtCsgQUhu4AasEN_6vx_cli3cliNtB7_8CommandsNtNtCs9dv23kYwsEz_12clap_builder6derive14FromArgMatches20from_arg_matches_mutsd_0B9_
FN:133,_RNCNvXs5_NtCsgQUhu4AasEN_6vx_cli3cliNtB7_8CommandsNtNtCs9dv23kYwsEz_12clap_builder6derive14FromArgMatches20from_arg_matches_mutse_0B9_
FN:152,_RNCNvXs5_NtCsgQUhu4AasEN_6vx_cli3cliNtB7_8CommandsNtNtCs9dv23kYwsEz_12clap_builder6derive14FromArgMatches20from_arg_matches_mutsf_0B9_
FN:155,_RNCNvXs5_NtCsgQUhu4AasEN_6vx_cli3cliNtB7_8CommandsNtNtCs9dv23kYwsEz_12clap_builder6derive14FromArgMatches20from_arg_matches_mutsg_0B9_
FN:158,_RNCNvXs5_NtCsgQUhu4AasEN_6vx_cli3cliNtB7_8CommandsNtNtCs9dv23kYwsEz_12clap_builder6derive14FromArgMatches20from_arg_matches_mutsh_0B9_
FN:161,_RNCNvXs5_NtCsgQUhu4AasEN_6vx_cli3cliNtB7_8CommandsNtNtCs9dv23kYwsEz_12clap_builder6derive14FromArgMatches20from_arg_matches_mutsi_0B9_
FN:168,_RNCNvXs5_NtCsgQUhu4AasEN_6vx_cli3cliNtB7_8CommandsNtNtCs9dv23kYwsEz_12clap_builder6derive14FromArgMatches20from_arg_matches_mutsj_0B9_
FN:171,_RNCNvXs5_NtCsgQUhu4AasEN_6vx_cli3cliNtB7_8CommandsNtNtCs9dv23kYwsEz_12clap_builder6derive14FromArgMatches20from_arg_matches_mutsk_0B9_
FN:174,_RNCNvXs5_NtCsgQUhu4AasEN_6vx_cli3cliNtB7_8CommandsNtNtCs9dv23kYwsEz_12clap_builder6derive14FromArgMatches20from_arg_matches_mutsl_0B9_
FN:177,_RNCNvXs5_NtCsgQUhu4AasEN_6vx_cli3cliNtB7_8CommandsNtNtCs9dv23kYwsEz_12clap_builder6derive14FromArgMatches20from_arg_matches_mutsm_0B9_
FN:180,_RNCNvXs5_NtCsgQUhu4AasEN_6vx_cli3cliNtB7_8CommandsNtNtCs9dv23kYwsEz_12clap_builder6derive14FromArgMatches20from_arg_matches_mutsn_0B9_
FN:183,_RNCNvXs5_NtCsgQUhu4AasEN_6vx_cli3cliNtB7_8CommandsNtNtCs9dv23kYwsEz_12clap_builder6derive14FromArgMatches20from_arg_matches_mutso_0B9_
FN:190,_RNCNvXs5_NtCsgQUhu4AasEN_6vx_cli3cliNtB7_8CommandsNtNtCs9dv23kYwsEz_12clap_builder6derive14FromArgMatches20from_arg_matches_mutsp_0B9_
FN:199,_RNCNvXs5_NtCsgQUhu4AasEN_6vx_cli3cliNtB7_8CommandsNtNtCs9dv23kYwsEz_12clap_builder6derive14FromArgMatches20from_arg_matches_mutsq_0B9_
FN:202,_RNCNvXs5_NtCsgQUhu4AasEN_6vx_cli3cliNtB7_8CommandsNtNtCs9dv23kYwsEz_12clap_builder6derive14FromArgMatches20from_arg_matches_mutsr_0B9_
FN:205,_RNCNvXs5_NtCsgQUhu4AasEN_6vx_cli3cliNtB7_8CommandsNtNtCs9dv23kYwsEz_12clap_builder6derive14FromArgMatches20from_arg_matches_mutss_0B9_
FN:212,_RNCNvXs5_NtCsgQUhu4AasEN_6vx_cli3cliNtB7_8CommandsNtNtCs9dv23kYwsEz_12clap_builder6derive14FromArgMatches20from_arg_matches_mutst_0B9_
FN:215,_RNCNvXs5_NtCsgQUhu4AasEN_6vx_cli3cliNtB7_8CommandsNtNtCs9dv23kYwsEz_12clap_builder6derive14FromArgMatches20from_arg_matches_mutsu_0B9_
FN:218,_RNCNvXs5_NtCsgQUhu4AasEN_6vx_cli3cliNtB7_8CommandsNtNtCs9dv23kYwsEz_12clap_builder6derive14FromArgMatches20from_arg_matches_mutsv_0B9_
FN:221,_RNCNvXs5_NtCsgQUhu4AasEN_6vx_cli3cliNtB7_8CommandsNtNtCs9dv23kYwsEz_12clap_builder6derive14FromArgMatches20from_arg_matches_mutsw_0B9_
FN:224,_RNCNvXs5_NtCsgQUhu4AasEN_6vx_cli3cliNtB7_8CommandsNtNtCs9dv23kYwsEz_12clap_builder6derive14FromArgMatches20from_arg_matches_mutsx_0B9_
FN:230,_RNCNvXs5_NtCsgQUhu4AasEN_6vx_cli3cliNtB7_8CommandsNtNtCs9dv23kYwsEz_12clap_builder6derive14FromArgMatches20from_arg_matches_mutsy_0B9_
FN:268,_RNCNvXs8_NtCsgQUhu4AasEN_6vx_cli3cliNtB7_13ConfigCommandNtNtCs9dv23kYwsEz_12clap_builder6derive14FromArgMatches20from_arg_matches_mut0B9_
FN:275,_RNCNvXs8_NtCsgQUhu4AasEN_6vx_cli3cliNtB7_13ConfigCommandNtNtCs9dv23kYwsEz_12clap_builder6derive14FromArgMatches20from_arg_matches_muts0_0B9_
FN:270,_RNCNvXs8_NtCsgQUhu4AasEN_6vx_cli3cliNtB7_13ConfigCommandNtNtCs9dv23kYwsEz_12clap_builder6derive14FromArgMatches20from_arg_matches_muts_0B9_
FN:292,_RNCNvXsb_NtCsgQUhu4AasEN_6vx_cli3cliNtB7_13PluginCommandNtNtCs9dv23kYwsEz_12clap_builder6derive14FromArgMatches20from_arg_matches_mut0B9_
FN:305,_RNCNvXsb_NtCsgQUhu4AasEN_6vx_cli3cliNtB7_13PluginCommandNtNtCs9dv23kYwsEz_12clap_builder6derive14FromArgMatches20from_arg_matches_muts0_0B9_
FN:310,_RNCNvXsb_NtCsgQUhu4AasEN_6vx_cli3cliNtB7_13PluginCommandNtNtCs9dv23kYwsEz_12clap_builder6derive14FromArgMatches20from_arg_matches_muts1_0B9_
FN:315,_RNCNvXsb_NtCsgQUhu4AasEN_6vx_cli3cliNtB7_13PluginCommandNtNtCs9dv23kYwsEz_12clap_builder6derive14FromArgMatches20from_arg_matches_muts2_0B9_
FN:300,_RNCNvXsb_NtCsgQUhu4AasEN_6vx_cli3cliNtB7_13PluginCommandNtNtCs9dv23kYwsEz_12clap_builder6derive14FromArgMatches20from_arg_matches_muts_0B9_
FN:331,_RNCNvXse_NtCsgQUhu4AasEN_6vx_cli3cliNtB7_12ShellCommandNtNtCs9dv23kYwsEz_12clap_builder6derive14FromArgMatches20from_arg_matches_mut0B9_
FN:24,_RNCNvXs3_NtCsgQUhu4AasEN_6vx_cli3cliNtB7_3CliNtNtCs9dv23kYwsEz_12clap_builder6derive14FromArgMatches27update_from_arg_matches_mut0B9_
FN:32,_RNCNvXs3_NtCsgQUhu4AasEN_6vx_cli3cliNtB7_3CliNtNtCs9dv23kYwsEz_12clap_builder6derive14FromArgMatches27update_from_arg_matches_muts0_0B9_
FN:28,_RNCNvXs3_NtCsgQUhu4AasEN_6vx_cli3cliNtB7_3CliNtNtCs9dv23kYwsEz_12clap_builder6derive14FromArgMatches27update_from_arg_matches_muts_0B9_
FN:47,_RNCNvXs5_NtCsgQUhu4AasEN_6vx_cli3cliNtB7_8CommandsNtNtCs9dv23kYwsEz_12clap_builder6derive14FromArgMatches27update_from_arg_matches_mut0B9_
FN:53,_RNCNvXs5_NtCsgQUhu4AasEN_6vx_cli3cliNtB7_8CommandsNtNtCs9dv23kYwsEz_12clap_builder6derive14FromArgMatches27update_from_arg_matches_muts0_0B9_
FN:60,_RNCNvXs5_NtCsgQUhu4AasEN_6vx_cli3cliNtB7_8CommandsNtNtCs9dv23kYwsEz_12clap_builder6derive14FromArgMatches27update_from_arg_matches_muts1_0B9_
FN:65,_RNCNvXs5_NtCsgQUhu4AasEN_6vx_cli3cliNtB7_8CommandsNtNtCs9dv23kYwsEz_12clap_builder6derive14FromArgMatches27update_from_arg_matches_muts2_0B9_
FN:75,_RNCNvXs5_NtCsgQUhu4AasEN_6vx_cli3cliNtB7_8CommandsNtNtCs9dv23kYwsEz_12clap_builder6derive14FromArgMatches27update_from_arg_matches_muts3_0B9_
FN:83,_RNCNvXs5_NtCsgQUhu4AasEN_6vx_cli3cliNtB7_8CommandsNtNtCs9dv23kYwsEz_12clap_builder6derive14FromArgMatches27update_from_arg_matches_muts4_0B9_
FN:92,_RNCNvXs5_NtCsgQUhu4AasEN_6vx_cli3cliNtB7_8CommandsNtNtCs9dv23kYwsEz_12clap_builder6derive14FromArgMatches27update_from_arg_matches_muts5_0B9_
FN:97,_RNCNvXs5_NtCsgQUhu4AasEN_6vx_cli3cliNtB7_8CommandsNtNtCs9dv23kYwsEz_12clap_builder6derive14FromArgMatches27update_from_arg_matches_muts6_0B9_
FN:103,_RNCNvXs5_NtCsgQUhu4AasEN_6vx_cli3cliNtB7_8CommandsNtNtCs9dv23kYwsEz_12clap_builder6derive14FromArgMatches27update_from_arg_matches_muts7_0B9_
FN:106,_RNCNvXs5_NtCsgQUhu4AasEN_6vx_cli3cliNtB7_8CommandsNtNtCs9dv23kYwsEz_12clap_builder6derive14FromArgMatches27update_from_arg_matches_muts8_0B9_
FN:112,_RNCNvXs5_NtCsgQUhu4AasEN_6vx_cli3cliNtB7_8CommandsNtNtCs9dv23kYwsEz_12clap_builder6derive14FromArgMatches27update_from_arg_matches_muts9_0B9_
FN:50,_RNCNvXs5_NtCsgQUhu4AasEN_6vx_cli3cliNtB7_8CommandsNtNtCs9dv23kYwsEz_12clap_builder6derive14FromArgMatches27update_from_arg_matches_muts_0B9_
FN:118,_RNCNvXs5_NtCsgQUhu4AasEN_6vx_cli3cliNtB7_8CommandsNtNtCs9dv23kYwsEz_12clap_builder6derive14FromArgMatches27update_from_arg_matches_mutsa_0B9_
FN:121,_RNCNvXs5_NtCsgQUhu4AasEN_6vx_cli3cliNtB7_8CommandsNtNtCs9dv23kYwsEz_12clap_builder6derive14FromArgMatches27update_from_arg_matches_mutsb_0B9_
FN:124,_RNCNvXs5_NtCsgQUhu4AasEN_6vx_cli3cliNtB7_8CommandsNtNtCs9dv23kYwsEz_12clap_builder6derive14FromArgMatches27update_from_arg_matches_mutsc_0B9_
FN:130,_RNCNvXs5_NtCsgQUhu4AasEN_6vx_cli3cliNtB7_8CommandsNtNtCs9dv23kYwsEz_12clap_builder6derive14FromArgMatches27update_from_arg_matches_mutsd_0B9_
FN:133,_RNCNvXs5_NtCsgQUhu4AasEN_6vx_cli3cliNtB7_8CommandsNtNtCs9dv23kYwsEz_12clap_builder6derive14FromArgMatches27update_from_arg_matches_mutse_0B9_
FN:152,_RNCNvXs5_NtCsgQUhu4AasEN_6vx_cli3cliNtB7_8CommandsNtNtCs9dv23kYwsEz_12clap_builder6derive14FromArgMatches27update_from_arg_matches_mutsf_0B9_
FN:155,_RNCNvXs5_NtCsgQUhu4AasEN_6vx_cli3cliNtB7_8CommandsNtNtCs9dv23kYwsEz_12clap_builder6derive14FromArgMatches27update_from_arg_matches_mutsg_0B9_
FN:158,_RNCNvXs5_NtCsgQUhu4AasEN_6vx_cli3cliNtB7_8CommandsNtNtCs9dv23kYwsEz_12clap_builder6derive14FromArgMatches27update_from_arg_matches_mutsh_0B9_
FN:161,_RNCNvXs5_NtCsgQUhu4AasEN_6vx_cli3cliNtB7_8CommandsNtNtCs9dv23kYwsEz_12clap_builder6derive14FromArgMatches27update_from_arg_matches_mutsi_0B9_
FN:168,_RNCNvXs5_NtCsgQUhu4AasEN_6vx_cli3cliNtB7_8CommandsNtNtCs9dv23kYwsEz_12clap_builder6derive14FromArgMatches27update_from_arg_matches_mutsj_0B9_
FN:171,_RNCNvXs5_NtCsgQUhu4AasEN_6vx_cli3cliNtB7_8CommandsNtNtCs9dv23kYwsEz_12clap_builder6derive14FromArgMatches27update_from_arg_matches_mutsk_0B9_
FN:174,_RNCNvXs5_NtCsgQUhu4AasEN_6vx_cli3cliNtB7_8CommandsNtNtCs9dv23kYwsEz_12clap_builder6derive14FromArgMatches27update_from_arg_matches_mutsl_0B9_
FN:177,_RNCNvXs5_NtCsgQUhu4AasEN_6vx_cli3cliNtB7_8CommandsNtNtCs9dv23kYwsEz_12clap_builder6derive14FromArgMatches27update_from_arg_matches_mutsm_0B9_
FN:180,_RNCNvXs5_NtCsgQUhu4AasEN_6vx_cli3cliNtB7_8CommandsNtNtCs9dv23kYwsEz_12clap_builder6derive14FromArgMatches27update_from_arg_matches_mutsn_0B9_
FN:183,_RNCNvXs5_NtCsgQUhu4AasEN_6vx_cli3cliNtB7_8CommandsNtNtCs9dv23kYwsEz_12clap_builder6derive14FromArgMatches27update_from_arg_matches_mutso_0B9_
FN:190,_RNCNvXs5_NtCsgQUhu4AasEN_6vx_cli3cliNtB7_8CommandsNtNtCs9dv23kYwsEz_12clap_builder6derive14FromArgMatches27update_from_arg_matches_mutsp_0B9_
FN:199,_RNCNvXs5_NtCsgQUhu4AasEN_6vx_cli3cliNtB7_8CommandsNtNtCs9dv23kYwsEz_12clap_builder6derive14FromArgMatches27update_from_arg_matches_mutsq_0B9_
FN:202,_RNCNvXs5_NtCsgQUhu4AasEN_6vx_cli3cliNtB7_8CommandsNtNtCs9dv23kYwsEz_12clap_builder6derive14FromArgMatches27update_from_arg_matches_mutsr_0B9_
FN:205,_RNCNvXs5_NtCsgQUhu4AasEN_6vx_cli3cliNtB7_8CommandsNtNtCs9dv23kYwsEz_12clap_builder6derive14FromArgMatches27update_from_arg_matches_mutss_0B9_
FN:212,_RNCNvXs5_NtCsgQUhu4AasEN_6vx_cli3cliNtB7_8CommandsNtNtCs9dv23kYwsEz_12clap_builder6derive14FromArgMatches27update_from_arg_matches_mutst_0B9_
FN:215,_RNCNvXs5_NtCsgQUhu4AasEN_6vx_cli3cliNtB7_8CommandsNtNtCs9dv23kYwsEz_12clap_builder6derive14FromArgMatches27update_from_arg_matches_mutsu_0B9_
FN:218,_RNCNvXs5_NtCsgQUhu4AasEN_6vx_cli3cliNtB7_8CommandsNtNtCs9dv23kYwsEz_12clap_builder6derive14FromArgMatches27update_from_arg_matches_mutsv_0B9_
FN:221,_RNCNvXs5_NtCsgQUhu4AasEN_6vx_cli3cliNtB7_8CommandsNtNtCs9dv23kYwsEz_12clap_builder6derive14FromArgMatches27update_from_arg_matches_mutsw_0B9_
FN:224,_RNCNvXs5_NtCsgQUhu4AasEN_6vx_cli3cliNtB7_8CommandsNtNtCs9dv23kYwsEz_12clap_builder6derive14FromArgMatches27update_from_arg_matches_mutsx_0B9_
FN:230,_RNCNvXs5_NtCsgQUhu4AasEN_6vx_cli3cliNtB7_8CommandsNtNtCs9dv23kYwsEz_12clap_builder6derive14FromArgMatches27update_from_arg_matches_mutsy_0B9_
FN:268,_RNCNvXs8_NtCsgQUhu4AasEN_6vx_cli3cliNtB7_13ConfigCommandNtNtCs9dv23kYwsEz_12clap_builder6derive14FromArgMatches27update_from_arg_matches_mut0B9_
FN:275,_RNCNvXs8_NtCsgQUhu4AasEN_6vx_cli3cliNtB7_13ConfigCommandNtNtCs9dv23kYwsEz_12clap_builder6derive14FromArgMatches27update_from_arg_matches_muts0_0B9_
FN:270,_RNCNvXs8_NtCsgQUhu4AasEN_6vx_cli3cliNtB7_13ConfigCommandNtNtCs9dv23kYwsEz_12clap_builder6derive14FromArgMatches27update_from_arg_matches_muts_0B9_
FN:292,_RNCNvXsb_NtCsgQUhu4AasEN_6vx_cli3cliNtB7_13PluginCommandNtNtCs9dv23kYwsEz_12clap_builder6derive14FromArgMatches27update_from_arg_matches_mut0B9_
FN:305,_RNCNvXsb_NtCsgQUhu4AasEN_6vx_cli3cliNtB7_13PluginCommandNtNtCs9dv23kYwsEz_12clap_builder6derive14FromArgMatches27update_from_arg_matches_muts0_0B9_
FN:310,_RNCNvXsb_NtCsgQUhu4AasEN_6vx_cli3cliNtB7_13PluginCommandNtNtCs9dv23kYwsEz_12clap_builder6derive14FromArgMatches27update_from_arg_matches_muts1_0B9_
FN:315,_RNCNvXsb_NtCsgQUhu4AasEN_6vx_cli3cliNtB7_13PluginCommandNtNtCs9dv23kYwsEz_12clap_builder6derive14FromArgMatches27update_from_arg_matches_muts2_0B9_
FN:300,_RNCNvXsb_NtCsgQUhu4AasEN_6vx_cli3cliNtB7_13PluginCommandNtNtCs9dv23kYwsEz_12clap_builder6derive14FromArgMatches27update_from_arg_matches_muts_0B9_
FN:331,_RNCNvXse_NtCsgQUhu4AasEN_6vx_cli3cliNtB7_12ShellCommandNtNtCs9dv23kYwsEz_12clap_builder6derive14FromArgMatches27update_from_arg_matches_mut0B9_
FNDA:0,_RNCNvXs3_NtCsgADnf5To0jN_6vx_cli3cliNtB7_3CliNtNtCs9dv23kYwsEz_12clap_builder6derive14FromArgMatches20from_arg_matches_mut0B9_
FNDA:11,_RNCNvXs3_NtCsgADnf5To0jN_6vx_cli3cliNtB7_3CliNtNtCs9dv23kYwsEz_12clap_builder6derive14FromArgMatches20from_arg_matches_muts0_0B9_
FNDA:0,_RNCNvXs3_NtCsgADnf5To0jN_6vx_cli3cliNtB7_3CliNtNtCs9dv23kYwsEz_12clap_builder6derive14FromArgMatches20from_arg_matches_muts_0B9_
FNDA:0,_RNCNvXs3_NtCsgADnf5To0jN_6vx_cli3cliNtB7_3CliNtNtCs9dv23kYwsEz_12clap_builder6derive14FromArgMatches27update_from_arg_matches_mut0B9_
FNDA:0,_RNCNvXs3_NtCsgADnf5To0jN_6vx_cli3cliNtB7_3CliNtNtCs9dv23kYwsEz_12clap_builder6derive14FromArgMatches27update_from_arg_matches_muts0_0B9_
FNDA:0,_RNCNvXs3_NtCsgADnf5To0jN_6vx_cli3cliNtB7_3CliNtNtCs9dv23kYwsEz_12clap_builder6derive14FromArgMatches27update_from_arg_matches_muts_0B9_
FNDA:0,_RNCNvXs5_NtCsgADnf5To0jN_6vx_cli3cliNtB7_8CommandsNtNtCs9dv23kYwsEz_12clap_builder6derive14FromArgMatches20from_arg_matches_mut0B9_
FNDA:0,_RNCNvXs5_NtCsgADnf5To0jN_6vx_cli3cliNtB7_8CommandsNtNtCs9dv23kYwsEz_12clap_builder6derive14FromArgMatches20from_arg_matches_muts0_0B9_
FNDA:0,_RNCNvXs5_NtCsgADnf5To0jN_6vx_cli3cliNtB7_8CommandsNtNtCs9dv23kYwsEz_12clap_builder6derive14FromArgMatches20from_arg_matches_muts1_0B9_
FNDA:0,_RNCNvXs5_NtCsgADnf5To0jN_6vx_cli3cliNtB7_8CommandsNtNtCs9dv23kYwsEz_12clap_builder6derive14FromArgMatches20from_arg_matches_muts2_0B9_
FNDA:0,_RNCNvXs5_NtCsgADnf5To0jN_6vx_cli3cliNtB7_8CommandsNtNtCs9dv23kYwsEz_12clap_builder6derive14FromArgMatches20from_arg_matches_muts3_0B9_
FNDA:0,_RNCNvXs5_NtCsgADnf5To0jN_6vx_cli3cliNtB7_8CommandsNtNtCs9dv23kYwsEz_12clap_builder6derive14FromArgMatches20from_arg_matches_muts4_0B9_
FNDA:0,_RNCNvXs5_NtCsgADnf5To0jN_6vx_cli3cliNtB7_8CommandsNtNtCs9dv23kYwsEz_12clap_builder6derive14FromArgMatches20from_arg_matches_muts5_0B9_
FNDA:0,_RNCNvXs5_NtCsgADnf5To0jN_6vx_cli3cliNtB7_8CommandsNtNtCs9dv23kYwsEz_12clap_builder6derive14FromArgMatches20from_arg_matches_muts6_0B9_
FNDA:0,_RNCNvXs5_NtCsgADnf5To0jN_6vx_cli3cliNtB7_8CommandsNtNtCs9dv23kYwsEz_12clap_builder6derive14FromArgMatches20from_arg_matches_muts7_0B9_
FNDA:0,_RNCNvXs5_NtCsgADnf5To0jN_6vx_cli3cliNtB7_8CommandsNtNtCs9dv23kYwsEz_12clap_builder6derive14FromArgMatches20from_arg_matches_muts8_0B9_
FNDA:0,_RNCNvXs5_NtCsgADnf5To0jN_6vx_cli3cliNtB7_8CommandsNtNtCs9dv23kYwsEz_12clap_builder6derive14FromArgMatches20from_arg_matches_muts9_0B9_
FNDA:0,_RNCNvXs5_NtCsgADnf5To0jN_6vx_cli3cliNtB7_8CommandsNtNtCs9dv23kYwsEz_12clap_builder6derive14FromArgMatches20from_arg_matches_muts_0B9_
FNDA:0,_RNCNvXs5_NtCsgADnf5To0jN_6vx_cli3cliNtB7_8CommandsNtNtCs9dv23kYwsEz_12clap_builder6derive14FromArgMatches20from_arg_matches_mutsa_0B9_
FNDA:0,_RNCNvXs5_NtCsgADnf5To0jN_6vx_cli3cliNtB7_8CommandsNtNtCs9dv23kYwsEz_12clap_builder6derive14FromArgMatches20from_arg_matches_mutsb_0B9_
FNDA:0,_RNCNvXs5_NtCsgADnf5To0jN_6vx_cli3cliNtB7_8CommandsNtNtCs9dv23kYwsEz_12clap_builder6derive14FromArgMatches20from_arg_matches_mutsc_0B9_
FNDA:0,_RNCNvXs5_NtCsgADnf5To0jN_6vx_cli3cliNtB7_8CommandsNtNtCs9dv23kYwsEz_12clap_builder6derive14FromArgMatches20from_arg_matches_mutsd_0B9_
FNDA:0,_RNCNvXs5_NtCsgADnf5To0jN_6vx_cli3cliNtB7_8CommandsNtNtCs9dv23kYwsEz_12clap_builder6derive14FromArgMatches20from_arg_matches_mutse_0B9_
FNDA:0,_RNCNvXs5_NtCsgADnf5To0jN_6vx_cli3cliNtB7_8CommandsNtNtCs9dv23kYwsEz_12clap_builder6derive14FromArgMatches20from_arg_matches_mutsf_0B9_
FNDA:0,_RNCNvXs5_NtCsgADnf5To0jN_6vx_cli3cliNtB7_8CommandsNtNtCs9dv23kYwsEz_12clap_builder6derive14FromArgMatches20from_arg_matches_mutsg_0B9_
FNDA:0,_RNCNvXs5_NtCsgADnf5To0jN_6vx_cli3cliNtB7_8CommandsNtNtCs9dv23kYwsEz_12clap_builder6derive14FromArgMatches20from_arg_matches_mutsh_0B9_
FNDA:0,_RNCNvXs5_NtCsgADnf5To0jN_6vx_cli3cliNtB7_8CommandsNtNtCs9dv23kYwsEz_12clap_builder6derive14FromArgMatches20from_arg_matches_mutsi_0B9_
FNDA:0,_RNCNvXs5_NtCsgADnf5To0jN_6vx_cli3cliNtB7_8CommandsNtNtCs9dv23kYwsEz_12clap_builder6derive14FromArgMatches20from_arg_matches_mutsj_0B9_
FNDA:0,_RNCNvXs5_NtCsgADnf5To0jN_6vx_cli3cliNtB7_8CommandsNtNtCs9dv23kYwsEz_12clap_builder6derive14FromArgMatches20from_arg_matches_mutsk_0B9_
FNDA:0,_RNCNvXs5_NtCsgADnf5To0jN_6vx_cli3cliNtB7_8CommandsNtNtCs9dv23kYwsEz_12clap_builder6derive14FromArgMatches20from_arg_matches_mutsl_0B9_
FNDA:0,_RNCNvXs5_NtCsgADnf5To0jN_6vx_cli3cliNtB7_8CommandsNtNtCs9dv23kYwsEz_12clap_builder6derive14FromArgMatches20from_arg_matches_mutsm_0B9_
FNDA:0,_RNCNvXs5_NtCsgADnf5To0jN_6vx_cli3cliNtB7_8CommandsNtNtCs9dv23kYwsEz_12clap_builder6derive14FromArgMatches20from_arg_matches_mutsn_0B9_
FNDA:0,_RNCNvXs5_NtCsgADnf5To0jN_6vx_cli3cliNtB7_8CommandsNtNtCs9dv23kYwsEz_12clap_builder6derive14FromArgMatches20from_arg_matches_mutso_0B9_
FNDA:0,_RNCNvXs5_NtCsgADnf5To0jN_6vx_cli3cliNtB7_8CommandsNtNtCs9dv23kYwsEz_12clap_builder6derive14FromArgMatches20from_arg_matches_mutsp_0B9_
FNDA:0,_RNCNvXs5_NtCsgADnf5To0jN_6vx_cli3cliNtB7_8CommandsNtNtCs9dv23kYwsEz_12clap_builder6derive14FromArgMatches20from_arg_matches_mutsq_0B9_
FNDA:0,_RNCNvXs5_NtCsgADnf5To0jN_6vx_cli3cliNtB7_8CommandsNtNtCs9dv23kYwsEz_12clap_builder6derive14FromArgMatches20from_arg_matches_mutsr_0B9_
FNDA:0,_RNCNvXs5_NtCsgADnf5To0jN_6vx_cli3cliNtB7_8CommandsNtNtCs9dv23kYwsEz_12clap_builder6derive14FromArgMatches20from_arg_matches_mutss_0B9_
FNDA:0,_RNCNvXs5_NtCsgADnf5To0jN_6vx_cli3cliNtB7_8CommandsNtNtCs9dv23kYwsEz_12clap_builder6derive14FromArgMatches20from_arg_matches_mutst_0B9_
FNDA:0,_RNCNvXs5_NtCsgADnf5To0jN_6vx_cli3cliNtB7_8CommandsNtNtCs9dv23kYwsEz_12clap_builder6derive14FromArgMatches20from_arg_matches_mutsu_0B9_
FNDA:0,_RNCNvXs5_NtCsgADnf5To0jN_6vx_cli3cliNtB7_8CommandsNtNtCs9dv23kYwsEz_12clap_builder6derive14FromArgMatches20from_arg_matches_mutsv_0B9_
FNDA:0,_RNCNvXs5_NtCsgADnf5To0jN_6vx_cli3cliNtB7_8CommandsNtNtCs9dv23kYwsEz_12clap_builder6derive14FromArgMatches20from_arg_matches_mutsw_0B9_
FNDA:0,_RNCNvXs5_NtCsgADnf5To0jN_6vx_cli3cliNtB7_8CommandsNtNtCs9dv23kYwsEz_12clap_builder6derive14FromArgMatches20from_arg_matches_mutsx_0B9_
FNDA:0,_RNCNvXs5_NtCsgADnf5To0jN_6vx_cli3cliNtB7_8CommandsNtNtCs9dv23kYwsEz_12clap_builder6derive14FromArgMatches20from_arg_matches_mutsy_0B9_
FNDA:0,_RNCNvXs5_NtCsgADnf5To0jN_6vx_cli3cliNtB7_8CommandsNtNtCs9dv23kYwsEz_12clap_builder6derive14FromArgMatches27update_from_arg_matches_mut0B9_
FNDA:0,_RNCNvXs5_NtCsgADnf5To0jN_6vx_cli3cliNtB7_8CommandsNtNtCs9dv23kYwsEz_12clap_builder6derive14FromArgMatches27update_from_arg_matches_muts0_0B9_
FNDA:0,_RNCNvXs5_NtCsgADnf5To0jN_6vx_cli3cliNtB7_8CommandsNtNtCs9dv23kYwsEz_12clap_builder6derive14FromArgMatches27update_from_arg_matches_muts1_0B9_
FNDA:0,_RNCNvXs5_NtCsgADnf5To0jN_6vx_cli3cliNtB7_8CommandsNtNtCs9dv23kYwsEz_12clap_builder6derive14FromArgMatches27update_from_arg_matches_muts2_0B9_
FNDA:0,_RNCNvXs5_NtCsgADnf5To0jN_6vx_cli3cliNtB7_8CommandsNtNtCs9dv23kYwsEz_12clap_builder6derive14FromArgMatches27update_from_arg_matches_muts3_0B9_
FNDA:0,_RNCNvXs5_NtCsgADnf5To0jN_6vx_cli3cliNtB7_8CommandsNtNtCs9dv23kYwsEz_12clap_builder6derive14FromArgMatches27update_from_arg_matches_muts4_0B9_
FNDA:0,_RNCNvXs5_NtCsgADnf5To0jN_6vx_cli3cliNtB7_8CommandsNtNtCs9dv23kYwsEz_12clap_builder6derive14FromArgMatches27update_from_arg_matches_muts5_0B9_
FNDA:0,_RNCNvXs5_NtCsgADnf5To0jN_6vx_cli3cliNtB7_8CommandsNtNtCs9dv23kYwsEz_12clap_builder6derive14FromArgMatches27update_from_arg_matches_muts6_0B9_
FNDA:0,_RNCNvXs5_NtCsgADnf5To0jN_6vx_cli3cliNtB7_8CommandsNtNtCs9dv23kYwsEz_12clap_builder6derive14FromArgMatches27update_from_arg_matches_muts7_0B9_
FNDA:0,_RNCNvXs5_NtCsgADnf5To0jN_6vx_cli3cliNtB7_8CommandsNtNtCs9dv23kYwsEz_12clap_builder6derive14FromArgMatches27update_from_arg_matches_muts8_0B9_
FNDA:0,_RNCNvXs5_NtCsgADnf5To0jN_6vx_cli3cliNtB7_8CommandsNtNtCs9dv23kYwsEz_12clap_builder6derive14FromArgMatches27update_from_arg_matches_muts9_0B9_
FNDA:0,_RNCNvXs5_NtCsgADnf5To0jN_6vx_cli3cliNtB7_8CommandsNtNtCs9dv23kYwsEz_12clap_builder6derive14FromArgMatches27update_from_arg_matches_muts_0B9_
FNDA:0,_RNCNvXs5_NtCsgADnf5To0jN_6vx_cli3cliNtB7_8CommandsNtNtCs9dv23kYwsEz_12clap_builder6derive14FromArgMatches27update_from_arg_matches_mutsa_0B9_
FNDA:0,_RNCNvXs5_NtCsgADnf5To0jN_6vx_cli3cliNtB7_8CommandsNtNtCs9dv23kYwsEz_12clap_builder6derive14FromArgMatches27update_from_arg_matches_mutsb_0B9_
FNDA:0,_RNCNvXs5_NtCsgADnf5To0jN_6vx_cli3cliNtB7_8CommandsNtNtCs9dv23kYwsEz_12clap_builder6derive14FromArgMatches27update_from_arg_matches_mutsc_0B9_
FNDA:0,_RNCNvXs5_NtCsgADnf5To0jN_6vx_cli3cliNtB7_8CommandsNtNtCs9dv23kYwsEz_12clap_builder6derive14FromArgMatches27update_from_arg_matches_mutsd_0B9_
FNDA:0,_RNCNvXs5_NtCsgADnf5To0jN_6vx_cli3cliNtB7_8CommandsNtNtCs9dv23kYwsEz_12clap_builder6derive14FromArgMatches27update_from_arg_matches_mutse_0B9_
FNDA:0,_RNCNvXs5_NtCsgADnf5To0jN_6vx_cli3cliNtB7_8CommandsNtNtCs9dv23kYwsEz_12clap_builder6derive14FromArgMatches27update_from_arg_matches_mutsf_0B9_
FNDA:0,_RNCNvXs5_NtCsgADnf5To0jN_6vx_cli3cliNtB7_8CommandsNtNtCs9dv23kYwsEz_12clap_builder6derive14FromArgMatches27update_from_arg_matches_mutsg_0B9_
FNDA:0,_RNCNvXs5_NtCsgADnf5To0jN_6vx_cli3cliNtB7_8CommandsNtNtCs9dv23kYwsEz_12clap_builder6derive14FromArgMatches27update_from_arg_matches_mutsh_0B9_
FNDA:0,_RNCNvXs5_NtCsgADnf5To0jN_6vx_cli3cliNtB7_8CommandsNtNtCs9dv23kYwsEz_12clap_builder6derive14FromArgMatches27update_from_arg_matches_mutsi_0B9_
FNDA:0,_RNCNvXs5_NtCsgADnf5To0jN_6vx_cli3cliNtB7_8CommandsNtNtCs9dv23kYwsEz_12clap_builder6derive14FromArgMatches27update_from_arg_matches_mutsj_0B9_
FNDA:0,_RNCNvXs5_NtCsgADnf5To0jN_6vx_cli3cliNtB7_8CommandsNtNtCs9dv23kYwsEz_12clap_builder6derive14FromArgMatches27update_from_arg_matches_mutsk_0B9_
FNDA:0,_RNCNvXs5_NtCsgADnf5To0jN_6vx_cli3cliNtB7_8CommandsNtNtCs9dv23kYwsEz_12clap_builder6derive14FromArgMatches27update_from_arg_matches_mutsl_0B9_
FNDA:0,_RNCNvXs5_NtCsgADnf5To0jN_6vx_cli3cliNtB7_8CommandsNtNtCs9dv23kYwsEz_12clap_builder6derive14FromArgMatches27update_from_arg_matches_mutsm_0B9_
FNDA:0,_RNCNvXs5_NtCsgADnf5To0jN_6vx_cli3cliNtB7_8CommandsNtNtCs9dv23kYwsEz_12clap_builder6derive14FromArgMatches27update_from_arg_matches_mutsn_0B9_
FNDA:0,_RNCNvXs5_NtCsgADnf5To0jN_6vx_cli3cliNtB7_8CommandsNtNtCs9dv23kYwsEz_12clap_builder6derive14FromArgMatches27update_from_arg_matches_mutso_0B9_
FNDA:0,_RNCNvXs5_NtCsgADnf5To0jN_6vx_cli3cliNtB7_8CommandsNtNtCs9dv23kYwsEz_12clap_builder6derive14FromArgMatches27update_from_arg_matches_mutsp_0B9_
FNDA:0,_RNCNvXs5_NtCsgADnf5To0jN_6vx_cli3cliNtB7_8CommandsNtNtCs9dv23kYwsEz_12clap_builder6derive14FromArgMatches27update_from_arg_matches_mutsq_0B9_
FNDA:0,_RNCNvXs5_NtCsgADnf5To0jN_6vx_cli3cliNtB7_8CommandsNtNtCs9dv23kYwsEz_12clap_builder6derive14FromArgMatches27update_from_arg_matches_mutsr_0B9_
FNDA:0,_RNCNvXs5_NtCsgADnf5To0jN_6vx_cli3cliNtB7_8CommandsNtNtCs9dv23kYwsEz_12clap_builder6derive14FromArgMatches27update_from_arg_matches_mutss_0B9_
FNDA:0,_RNCNvXs5_NtCsgADnf5To0jN_6vx_cli3cliNtB7_8CommandsNtNtCs9dv23kYwsEz_12clap_builder6derive14FromArgMatches27update_from_arg_matches_mutst_0B9_
FNDA:0,_RNCNvXs5_NtCsgADnf5To0jN_6vx_cli3cliNtB7_8CommandsNtNtCs9dv23kYwsEz_12clap_builder6derive14FromArgMatches27update_from_arg_matches_mutsu_0B9_
FNDA:0,_RNCNvXs5_NtCsgADnf5To0jN_6vx_cli3cliNtB7_8CommandsNtNtCs9dv23kYwsEz_12clap_builder6derive14FromArgMatches27update_from_arg_matches_mutsv_0B9_
FNDA:0,_RNCNvXs5_NtCsgADnf5To0jN_6vx_cli3cliNtB7_8CommandsNtNtCs9dv23kYwsEz_12clap_builder6derive14FromArgMatches27update_from_arg_matches_mutsw_0B9_
FNDA:0,_RNCNvXs5_NtCsgADnf5To0jN_6vx_cli3cliNtB7_8CommandsNtNtCs9dv23kYwsEz_12clap_builder6derive14FromArgMatches27update_from_arg_matches_mutsx_0B9_
FNDA:0,_RNCNvXs5_NtCsgADnf5To0jN_6vx_cli3cliNtB7_8CommandsNtNtCs9dv23kYwsEz_12clap_builder6derive14FromArgMatches27update_from_arg_matches_mutsy_0B9_
FNDA:0,_RNCNvXs8_NtCsgADnf5To0jN_6vx_cli3cliNtB7_13ConfigCommandNtNtCs9dv23kYwsEz_12clap_builder6derive14FromArgMatches20from_arg_matches_mut0B9_
FNDA:0,_RNCNvXs8_NtCsgADnf5To0jN_6vx_cli3cliNtB7_13ConfigCommandNtNtCs9dv23kYwsEz_12clap_builder6derive14FromArgMatches20from_arg_matches_muts0_0B9_
FNDA:0,_RNCNvXs8_NtCsgADnf5To0jN_6vx_cli3cliNtB7_13ConfigCommandNtNtCs9dv23kYwsEz_12clap_builder6derive14FromArgMatches20from_arg_matches_muts_0B9_
FNDA:0,_RNCNvXs8_NtCsgADnf5To0jN_6vx_cli3cliNtB7_13ConfigCommandNtNtCs9dv23kYwsEz_12clap_builder6derive14FromArgMatches27update_from_arg_matches_mut0B9_
FNDA:0,_RNCNvXs8_NtCsgADnf5To0jN_6vx_cli3cliNtB7_13ConfigCommandNtNtCs9dv23kYwsEz_12clap_builder6derive14FromArgMatches27update_from_arg_matches_muts0_0B9_
FNDA:0,_RNCNvXs8_NtCsgADnf5To0jN_6vx_cli3cliNtB7_13ConfigCommandNtNtCs9dv23kYwsEz_12clap_builder6derive14FromArgMatches27update_from_arg_matches_muts_0B9_
FNDA:0,_RNCNvXsb_NtCsgADnf5To0jN_6vx_cli3cliNtB7_13PluginCommandNtNtCs9dv23kYwsEz_12clap_builder6derive14FromArgMatches20from_arg_matches_mut0B9_
FNDA:0,_RNCNvXsb_NtCsgADnf5To0jN_6vx_cli3cliNtB7_13PluginCommandNtNtCs9dv23kYwsEz_12clap_builder6derive14FromArgMatches20from_arg_matches_muts0_0B9_
FNDA:0,_RNCNvXsb_NtCsgADnf5To0jN_6vx_cli3cliNtB7_13PluginCommandNtNtCs9dv23kYwsEz_12clap_builder6derive14FromArgMatches20from_arg_matches_muts1_0B9_
FNDA:0,_RNCNvXsb_NtCsgADnf5To0jN_6vx_cli3cliNtB7_13PluginCommandNtNtCs9dv23kYwsEz_12clap_builder6derive14FromArgMatches20from_arg_matches_muts2_0B9_
FNDA:0,_RNCNvXsb_NtCsgADnf5To0jN_6vx_cli3cliNtB7_13PluginCommandNtNtCs9dv23kYwsEz_12clap_builder6derive14FromArgMatches20from_arg_matches_muts_0B9_
FNDA:0,_RNCNvXsb_NtCsgADnf5To0jN_6vx_cli3cliNtB7_13PluginCommandNtNtCs9dv23kYwsEz_12clap_builder6derive14FromArgMatches27update_from_arg_matches_mut0B9_
FNDA:0,_RNCNvXsb_NtCsgADnf5To0jN_6vx_cli3cliNtB7_13PluginCommandNtNtCs9dv23kYwsEz_12clap_builder6derive14FromArgMatches27update_from_arg_matches_muts0_0B9_
FNDA:0,_RNCNvXsb_NtCsgADnf5To0jN_6vx_cli3cliNtB7_13PluginCommandNtNtCs9dv23kYwsEz_12clap_builder6derive14FromArgMatches27update_from_arg_matches_muts1_0B9_
FNDA:0,_RNCNvXsb_NtCsgADnf5To0jN_6vx_cli3cliNtB7_13PluginCommandNtNtCs9dv23kYwsEz_12clap_builder6derive14FromArgMatches27update_from_arg_matches_muts2_0B9_
FNDA:0,_RNCNvXsb_NtCsgADnf5To0jN_6vx_cli3cliNtB7_13PluginCommandNtNtCs9dv23kYwsEz_12clap_builder6derive14FromArgMatches27update_from_arg_matches_muts_0B9_
FNDA:0,_RNCNvXse_NtCsgADnf5To0jN_6vx_cli3cliNtB7_12ShellCommandNtNtCs9dv23kYwsEz_12clap_builder6derive14FromArgMatches20from_arg_matches_mut0B9_
FNDA:0,_RNCNvXse_NtCsgADnf5To0jN_6vx_cli3cliNtB7_12ShellCommandNtNtCs9dv23kYwsEz_12clap_builder6derive14FromArgMatches27update_from_arg_matches_mut0B9_
FNDA:0,_RNCNvXs3_NtCsgQUhu4AasEN_6vx_cli3cliNtB7_3CliNtNtCs9dv23kYwsEz_12clap_builder6derive14FromArgMatches20from_arg_matches_mut0B9_
FNDA:4,_RNCNvXs3_NtCsgQUhu4AasEN_6vx_cli3cliNtB7_3CliNtNtCs9dv23kYwsEz_12clap_builder6derive14FromArgMatches20from_arg_matches_muts0_0B9_
FNDA:0,_RNCNvXs3_NtCsgQUhu4AasEN_6vx_cli3cliNtB7_3CliNtNtCs9dv23kYwsEz_12clap_builder6derive14FromArgMatches20from_arg_matches_muts_0B9_
FNDA:0,_RNCNvXs5_NtCsgQUhu4AasEN_6vx_cli3cliNtB7_8CommandsNtNtCs9dv23kYwsEz_12clap_builder6derive14FromArgMatches20from_arg_matches_mut0B9_
FNDA:0,_RNCNvXs5_NtCsgQUhu4AasEN_6vx_cli3cliNtB7_8CommandsNtNtCs9dv23kYwsEz_12clap_builder6derive14FromArgMatches20from_arg_matches_muts0_0B9_
FNDA:0,_RNCNvXs5_NtCsgQUhu4AasEN_6vx_cli3cliNtB7_8CommandsNtNtCs9dv23kYwsEz_12clap_builder6derive14FromArgMatches20from_arg_matches_muts1_0B9_
FNDA:0,_RNCNvXs5_NtCsgQUhu4AasEN_6vx_cli3cliNtB7_8CommandsNtNtCs9dv23kYwsEz_12clap_builder6derive14FromArgMatches20from_arg_matches_muts2_0B9_
FNDA:0,_RNCNvXs5_NtCsgQUhu4AasEN_6vx_cli3cliNtB7_8CommandsNtNtCs9dv23kYwsEz_12clap_builder6derive14FromArgMatches20from_arg_matches_muts3_0B9_
FNDA:0,_RNCNvXs5_NtCsgQUhu4AasEN_6vx_cli3cliNtB7_8CommandsNtNtCs9dv23kYwsEz_12clap_builder6derive14FromArgMatches20from_arg_matches_muts4_0B9_
FNDA:0,_RNCNvXs5_NtCsgQUhu4AasEN_6vx_cli3cliNtB7_8CommandsNtNtCs9dv23kYwsEz_12clap_builder6derive14FromArgMatches20from_arg_matches_muts5_0B9_
FNDA:0,_RNCNvXs5_NtCsgQUhu4AasEN_6vx_cli3cliNtB7_8CommandsNtNtCs9dv23kYwsEz_12clap_builder6derive14FromArgMatches20from_arg_matches_muts6_0B9_
FNDA:0,_RNCNvXs5_NtCsgQUhu4AasEN_6vx_cli3cliNtB7_8CommandsNtNtCs9dv23kYwsEz_12clap_builder6derive14FromArgMatches20from_arg_matches_muts7_0B9_
FNDA:0,_RNCNvXs5_NtCsgQUhu4AasEN_6vx_cli3cliNtB7_8CommandsNtNtCs9dv23kYwsEz_12clap_builder6derive14FromArgMatches20from_arg_matches_muts8_0B9_
FNDA:0,_RNCNvXs5_NtCsgQUhu4AasEN_6vx_cli3cliNtB7_8CommandsNtNtCs9dv23kYwsEz_12clap_builder6derive14FromArgMatches20from_arg_matches_muts9_0B9_
FNDA:0,_RNCNvXs5_NtCsgQUhu4AasEN_6vx_cli3cliNtB7_8CommandsNtNtCs9dv23kYwsEz_12clap_builder6derive14FromArgMatches20from_arg_matches_muts_0B9_
FNDA:0,_RNCNvXs5_NtCsgQUhu4AasEN_6vx_cli3cliNtB7_8CommandsNtNtCs9dv23kYwsEz_12clap_builder6derive14FromArgMatches20from_arg_matches_mutsa_0B9_
FNDA:0,_RNCNvXs5_NtCsgQUhu4AasEN_6vx_cli3cliNtB7_8CommandsNtNtCs9dv23kYwsEz_12clap_builder6derive14FromArgMatches20from_arg_matches_mutsb_0B9_
FNDA:0,_RNCNvXs5_NtCsgQUhu4AasEN_6vx_cli3cliNtB7_8CommandsNtNtCs9dv23kYwsEz_12clap_builder6derive14FromArgMatches20from_arg_matches_mutsc_0B9_
FNDA:0,_RNCNvXs5_NtCsgQUhu4AasEN_6vx_cli3cliNtB7_8CommandsNtNtCs9dv23kYwsEz_12clap_builder6derive14FromArgMatches20from_arg_matches_mutsd_0B9_
FNDA:0,_RNCNvXs5_NtCsgQUhu4AasEN_6vx_cli3cliNtB7_8CommandsNtNtCs9dv23kYwsEz_12clap_builder6derive14FromArgMatches20from_arg_matches_mutse_0B9_
FNDA:0,_RNCNvXs5_NtCsgQUhu4AasEN_6vx_cli3cliNtB7_8CommandsNtNtCs9dv23kYwsEz_12clap_builder6derive14FromArgMatches20from_arg_matches_mutsf_0B9_
FNDA:0,_RNCNvXs5_NtCsgQUhu4AasEN_6vx_cli3cliNtB7_8CommandsNtNtCs9dv23kYwsEz_12clap_builder6derive14FromArgMatches20from_arg_matches_mutsg_0B9_
FNDA:0,_RNCNvXs5_NtCsgQUhu4AasEN_6vx_cli3cliNtB7_8CommandsNtNtCs9dv23kYwsEz_12clap_builder6derive14FromArgMatches20from_arg_matches_mutsh_0B9_
FNDA:0,_RNCNvXs5_NtCsgQUhu4AasEN_6vx_cli3cliNtB7_8CommandsNtNtCs9dv23kYwsEz_12clap_builder6derive14FromArgMatches20from_arg_matches_mutsi_0B9_
FNDA:0,_RNCNvXs5_NtCsgQUhu4AasEN_6vx_cli3cliNtB7_8CommandsNtNtCs9dv23kYwsEz_12clap_builder6derive14FromArgMatches20from_arg_matches_mutsj_0B9_
FNDA:0,_RNCNvXs5_NtCsgQUhu4AasEN_6vx_cli3cliNtB7_8CommandsNtNtCs9dv23kYwsEz_12clap_builder6derive14FromArgMatches20from_arg_matches_mutsk_0B9_
FNDA:0,_RNCNvXs5_NtCsgQUhu4AasEN_6vx_cli3cliNtB7_8CommandsNtNtCs9dv23kYwsEz_12clap_builder6derive14FromArgMatches20from_arg_matches_mutsl_0B9_
FNDA:0,_RNCNvXs5_NtCsgQUhu4AasEN_6vx_cli3cliNtB7_8CommandsNtNtCs9dv23kYwsEz_12clap_builder6derive14FromArgMatches20from_arg_matches_mutsm_0B9_
FNDA:0,_RNCNvXs5_NtCsgQUhu4AasEN_6vx_cli3cliNtB7_8CommandsNtNtCs9dv23kYwsEz_12clap_builder6derive14FromArgMatches20from_arg_matches_mutsn_0B9_
FNDA:0,_RNCNvXs5_NtCsgQUhu4AasEN_6vx_cli3cliNtB7_8CommandsNtNtCs9dv23kYwsEz_12clap_builder6derive14FromArgMatches20from_arg_matches_mutso_0B9_
FNDA:0,_RNCNvXs5_NtCsgQUhu4AasEN_6vx_cli3cliNtB7_8CommandsNtNtCs9dv23kYwsEz_12clap_builder6derive14FromArgMatches20from_arg_matches_mutsp_0B9_
FNDA:0,_RNCNvXs5_NtCsgQUhu4AasEN_6vx_cli3cliNtB7_8CommandsNtNtCs9dv23kYwsEz_12clap_builder6derive14FromArgMatches20from_arg_matches_mutsq_0B9_
FNDA:0,_RNCNvXs5_NtCsgQUhu4AasEN_6vx_cli3cliNtB7_8CommandsNtNtCs9dv23kYwsEz_12clap_builder6derive14FromArgMatches20from_arg_matches_mutsr_0B9_
FNDA:0,_RNCNvXs5_NtCsgQUhu4AasEN_6vx_cli3cliNtB7_8CommandsNtNtCs9dv23kYwsEz_12clap_builder6derive14FromArgMatches20from_arg_matches_mutss_0B9_
FNDA:0,_RNCNvXs5_NtCsgQUhu4AasEN_6vx_cli3cliNtB7_8CommandsNtNtCs9dv23kYwsEz_12clap_builder6derive14FromArgMatches20from_arg_matches_mutst_0B9_
FNDA:0,_RNCNvXs5_NtCsgQUhu4AasEN_6vx_cli3cliNtB7_8CommandsNtNtCs9dv23kYwsEz_12clap_builder6derive14FromArgMatches20from_arg_matches_mutsu_0B9_
FNDA:0,_RNCNvXs5_NtCsgQUhu4AasEN_6vx_cli3cliNtB7_8CommandsNtNtCs9dv23kYwsEz_12clap_builder6derive14FromArgMatches20from_arg_matches_mutsv_0B9_
FNDA:0,_RNCNvXs5_NtCsgQUhu4AasEN_6vx_cli3cliNtB7_8CommandsNtNtCs9dv23kYwsEz_12clap_builder6derive14FromArgMatches20from_arg_matches_mutsw_0B9_
FNDA:0,_RNCNvXs5_NtCsgQUhu4AasEN_6vx_cli3cliNtB7_8CommandsNtNtCs9dv23kYwsEz_12clap_builder6derive14FromArgMatches20from_arg_matches_mutsx_0B9_
FNDA:0,_RNCNvXs5_NtCsgQUhu4AasEN_6vx_cli3cliNtB7_8CommandsNtNtCs9dv23kYwsEz_12clap_builder6derive14FromArgMatches20from_arg_matches_mutsy_0B9_
FNDA:0,_RNCNvXs8_NtCsgQUhu4AasEN_6vx_cli3cliNtB7_13ConfigCommandNtNtCs9dv23kYwsEz_12clap_builder6derive14FromArgMatches20from_arg_matches_mut0B9_
FNDA:0,_RNCNvXs8_NtCsgQUhu4AasEN_6vx_cli3cliNtB7_13ConfigCommandNtNtCs9dv23kYwsEz_12clap_builder6derive14FromArgMatches20from_arg_matches_muts0_0B9_
FNDA:0,_RNCNvXs8_NtCsgQUhu4AasEN_6vx_cli3cliNtB7_13ConfigCommandNtNtCs9dv23kYwsEz_12clap_builder6derive14FromArgMatches20from_arg_matches_muts_0B9_
FNDA:0,_RNCNvXsb_NtCsgQUhu4AasEN_6vx_cli3cliNtB7_13PluginCommandNtNtCs9dv23kYwsEz_12clap_builder6derive14FromArgMatches20from_arg_matches_mut0B9_
FNDA:0,_RNCNvXsb_NtCsgQUhu4AasEN_6vx_cli3cliNtB7_13PluginCommandNtNtCs9dv23kYwsEz_12clap_builder6derive14FromArgMatches20from_arg_matches_muts0_0B9_
FNDA:0,_RNCNvXsb_NtCsgQUhu4AasEN_6vx_cli3cliNtB7_13PluginCommandNtNtCs9dv23kYwsEz_12clap_builder6derive14FromArgMatches20from_arg_matches_muts1_0B9_
FNDA:0,_RNCNvXsb_NtCsgQUhu4AasEN_6vx_cli3cliNtB7_13PluginCommandNtNtCs9dv23kYwsEz_12clap_builder6derive14FromArgMatches20from_arg_matches_muts2_0B9_
FNDA:0,_RNCNvXsb_NtCsgQUhu4AasEN_6vx_cli3cliNtB7_13PluginCommandNtNtCs9dv23kYwsEz_12clap_builder6derive14FromArgMatches20from_arg_matches_muts_0B9_
FNDA:0,_RNCNvXse_NtCsgQUhu4AasEN_6vx_cli3cliNtB7_12ShellCommandNtNtCs9dv23kYwsEz_12clap_builder6derive14FromArgMatches20from_arg_matches_mut0B9_
FNDA:0,_RNCNvXs3_NtCsgQUhu4AasEN_6vx_cli3cliNtB7_3CliNtNtCs9dv23kYwsEz_12clap_builder6derive14FromArgMatches27update_from_arg_matches_mut0B9_
FNDA:0,_RNCNvXs3_NtCsgQUhu4AasEN_6vx_cli3cliNtB7_3CliNtNtCs9dv23kYwsEz_12clap_builder6derive14FromArgMatches27update_from_arg_matches_muts0_0B9_
FNDA:0,_RNCNvXs3_NtCsgQUhu4AasEN_6vx_cli3cliNtB7_3CliNtNtCs9dv23kYwsEz_12clap_builder6derive14FromArgMatches27update_from_arg_matches_muts_0B9_
FNDA:0,_RNCNvXs5_NtCsgQUhu4AasEN_6vx_cli3cliNtB7_8CommandsNtNtCs9dv23kYwsEz_12clap_builder6derive14FromArgMatches27update_from_arg_matches_mut0B9_
FNDA:0,_RNCNvXs5_NtCsgQUhu4AasEN_6vx_cli3cliNtB7_8CommandsNtNtCs9dv23kYwsEz_12clap_builder6derive14FromArgMatches27update_from_arg_matches_muts0_0B9_
FNDA:0,_RNCNvXs5_NtCsgQUhu4AasEN_6vx_cli3cliNtB7_8CommandsNtNtCs9dv23kYwsEz_12clap_builder6derive14FromArgMatches27update_from_arg_matches_muts1_0B9_
FNDA:0,_RNCNvXs5_NtCsgQUhu4AasEN_6vx_cli3cliNtB7_8CommandsNtNtCs9dv23kYwsEz_12clap_builder6derive14FromArgMatches27update_from_arg_matches_muts2_0B9_
FNDA:0,_RNCNvXs5_NtCsgQUhu4AasEN_6vx_cli3cliNtB7_8CommandsNtNtCs9dv23kYwsEz_12clap_builder6derive14FromArgMatches27update_from_arg_matches_muts3_0B9_
FNDA:0,_RNCNvXs5_NtCsgQUhu4AasEN_6vx_cli3cliNtB7_8CommandsNtNtCs9dv23kYwsEz_12clap_builder6derive14FromArgMatches27update_from_arg_matches_muts4_0B9_
FNDA:0,_RNCNvXs5_NtCsgQUhu4AasEN_6vx_cli3cliNtB7_8CommandsNtNtCs9dv23kYwsEz_12clap_builder6derive14FromArgMatches27update_from_arg_matches_muts5_0B9_
FNDA:0,_RNCNvXs5_NtCsgQUhu4AasEN_6vx_cli3cliNtB7_8CommandsNtNtCs9dv23kYwsEz_12clap_builder6derive14FromArgMatches27update_from_arg_matches_muts6_0B9_
FNDA:0,_RNCNvXs5_NtCsgQUhu4AasEN_6vx_cli3cliNtB7_8CommandsNtNtCs9dv23kYwsEz_12clap_builder6derive14FromArgMatches27update_from_arg_matches_muts7_0B9_
FNDA:0,_RNCNvXs5_NtCsgQUhu4AasEN_6vx_cli3cliNtB7_8CommandsNtNtCs9dv23kYwsEz_12clap_builder6derive14FromArgMatches27update_from_arg_matches_muts8_0B9_
FNDA:0,_RNCNvXs5_NtCsgQUhu4AasEN_6vx_cli3cliNtB7_8CommandsNtNtCs9dv23kYwsEz_12clap_builder6derive14FromArgMatches27update_from_arg_matches_muts9_0B9_
FNDA:0,_RNCNvXs5_NtCsgQUhu4AasEN_6vx_cli3cliNtB7_8CommandsNtNtCs9dv23kYwsEz_12clap_builder6derive14FromArgMatches27update_from_arg_matches_muts_0B9_
FNDA:0,_RNCNvXs5_NtCsgQUhu4AasEN_6vx_cli3cliNtB7_8CommandsNtNtCs9dv23kYwsEz_12clap_builder6derive14FromArgMatches27update_from_arg_matches_mutsa_0B9_
FNDA:0,_RNCNvXs5_NtCsgQUhu4AasEN_6vx_cli3cliNtB7_8CommandsNtNtCs9dv23kYwsEz_12clap_builder6derive14FromArgMatches27update_from_arg_matches_mutsb_0B9_
FNDA:0,_RNCNvXs5_NtCsgQUhu4AasEN_6vx_cli3cliNtB7_8CommandsNtNtCs9dv23kYwsEz_12clap_builder6derive14FromArgMatches27update_from_arg_matches_mutsc_0B9_
FNDA:0,_RNCNvXs5_NtCsgQUhu4AasEN_6vx_cli3cliNtB7_8CommandsNtNtCs9dv23kYwsEz_12clap_builder6derive14FromArgMatches27update_from_arg_matches_mutsd_0B9_
FNDA:0,_RNCNvXs5_NtCsgQUhu4AasEN_6vx_cli3cliNtB7_8CommandsNtNtCs9dv23kYwsEz_12clap_builder6derive14FromArgMatches27update_from_arg_matches_mutse_0B9_
FNDA:0,_RNCNvXs5_NtCsgQUhu4AasEN_6vx_cli3cliNtB7_8CommandsNtNtCs9dv23kYwsEz_12clap_builder6derive14FromArgMatches27update_from_arg_matches_mutsf_0B9_
FNDA:0,_RNCNvXs5_NtCsgQUhu4AasEN_6vx_cli3cliNtB7_8CommandsNtNtCs9dv23kYwsEz_12clap_builder6derive14FromArgMatches27update_from_arg_matches_mutsg_0B9_
FNDA:0,_RNCNvXs5_NtCsgQUhu4AasEN_6vx_cli3cliNtB7_8CommandsNtNtCs9dv23kYwsEz_12clap_builder6derive14FromArgMatches27update_from_arg_matches_mutsh_0B9_
FNDA:0,_RNCNvXs5_NtCsgQUhu4AasEN_6vx_cli3cliNtB7_8CommandsNtNtCs9dv23kYwsEz_12clap_builder6derive14FromArgMatches27update_from_arg_matches_mutsi_0B9_
FNDA:0,_RNCNvXs5_NtCsgQUhu4AasEN_6vx_cli3cliNtB7_8CommandsNtNtCs9dv23kYwsEz_12clap_builder6derive14FromArgMatches27update_from_arg_matches_mutsj_0B9_
FNDA:0,_RNCNvXs5_NtCsgQUhu4AasEN_6vx_cli3cliNtB7_8CommandsNtNtCs9dv23kYwsEz_12clap_builder6derive14FromArgMatches27update_from_arg_matches_mutsk_0B9_
FNDA:0,_RNCNvXs5_NtCsgQUhu4AasEN_6vx_cli3cliNtB7_8CommandsNtNtCs9dv23kYwsEz_12clap_builder6derive14FromArgMatches27update_from_arg_matches_mutsl_0B9_
FNDA:0,_RNCNvXs5_NtCsgQUhu4AasEN_6vx_cli3cliNtB7_8CommandsNtNtCs9dv23kYwsEz_12clap_builder6derive14FromArgMatches27update_from_arg_matches_mutsm_0B9_
FNDA:0,_RNCNvXs5_NtCsgQUhu4AasEN_6vx_cli3cliNtB7_8CommandsNtNtCs9dv23kYwsEz_12clap_builder6derive14FromArgMatches27update_from_arg_matches_mutsn_0B9_
FNDA:0,_RNCNvXs5_NtCsgQUhu4AasEN_6vx_cli3cliNtB7_8CommandsNtNtCs9dv23kYwsEz_12clap_builder6derive14FromArgMatches27update_from_arg_matches_mutso_0B9_
FNDA:0,_RNCNvXs5_NtCsgQUhu4AasEN_6vx_cli3cliNtB7_8CommandsNtNtCs9dv23kYwsEz_12clap_builder6derive14FromArgMatches27update_from_arg_matches_mutsp_0B9_
FNDA:0,_RNCNvXs5_NtCsgQUhu4AasEN_6vx_cli3cliNtB7_8CommandsNtNtCs9dv23kYwsEz_12clap_builder6derive14FromArgMatches27update_from_arg_matches_mutsq_0B9_
FNDA:0,_RNCNvXs5_NtCsgQUhu4AasEN_6vx_cli3cliNtB7_8CommandsNtNtCs9dv23kYwsEz_12clap_builder6derive14FromArgMatches27update_from_arg_matches_mutsr_0B9_
FNDA:0,_RNCNvXs5_NtCsgQUhu4AasEN_6vx_cli3cliNtB7_8CommandsNtNtCs9dv23kYwsEz_12clap_builder6derive14FromArgMatches27update_from_arg_matches_mutss_0B9_
FNDA:0,_RNCNvXs5_NtCsgQUhu4AasEN_6vx_cli3cliNtB7_8CommandsNtNtCs9dv23kYwsEz_12clap_builder6derive14FromArgMatches27update_from_arg_matches_mutst_0B9_
FNDA:0,_RNCNvXs5_NtCsgQUhu4AasEN_6vx_cli3cliNtB7_8CommandsNtNtCs9dv23kYwsEz_12clap_builder6derive14FromArgMatches27update_from_arg_matches_mutsu_0B9_
FNDA:0,_RNCNvXs5_NtCsgQUhu4AasEN_6vx_cli3cliNtB7_8CommandsNtNtCs9dv23kYwsEz_12clap_builder6derive14FromArgMatches27update_from_arg_matches_mutsv_0B9_
FNDA:0,_RNCNvXs5_NtCsgQUhu4AasEN_6vx_cli3cliNtB7_8CommandsNtNtCs9dv23kYwsEz_12clap_builder6derive14FromArgMatches27update_from_arg_matches_mutsw_0B9_
FNDA:0,_RNCNvXs5_NtCsgQUhu4AasEN_6vx_cli3cliNtB7_8CommandsNtNtCs9dv23kYwsEz_12clap_builder6derive14FromArgMatches27update_from_arg_matches_mutsx_0B9_
FNDA:0,_RNCNvXs5_NtCsgQUhu4AasEN_6vx_cli3cliNtB7_8CommandsNtNtCs9dv23kYwsEz_12clap_builder6derive14FromArgMatches27update_from_arg_matches_mutsy_0B9_
FNDA:0,_RNCNvXs8_NtCsgQUhu4AasEN_6vx_cli3cliNtB7_13ConfigCommandNtNtCs9dv23kYwsEz_12clap_builder6derive14FromArgMatches27update_from_arg_matches_mut0B9_
FNDA:0,_RNCNvXs8_NtCsgQUhu4AasEN_6vx_cli3cliNtB7_13ConfigCommandNtNtCs9dv23kYwsEz_12clap_builder6derive14FromArgMatches27update_from_arg_matches_muts0_0B9_
FNDA:0,_RNCNvXs8_NtCsgQUhu4AasEN_6vx_cli3cliNtB7_13ConfigCommandNtNtCs9dv23kYwsEz_12clap_builder6derive14FromArgMatches27update_from_arg_matches_muts_0B9_
FNDA:0,_RNCNvXsb_NtCsgQUhu4AasEN_6vx_cli3cliNtB7_13PluginCommandNtNtCs9dv23kYwsEz_12clap_builder6derive14FromArgMatches27update_from_arg_matches_mut0B9_
FNDA:0,_RNCNvXsb_NtCsgQUhu4AasEN_6vx_cli3cliNtB7_13PluginCommandNtNtCs9dv23kYwsEz_12clap_builder6derive14FromArgMatches27update_from_arg_matches_muts0_0B9_
FNDA:0,_RNCNvXsb_NtCsgQUhu4AasEN_6vx_cli3cliNtB7_13PluginCommandNtNtCs9dv23kYwsEz_12clap_builder6derive14FromArgMatches27update_from_arg_matches_muts1_0B9_
FNDA:0,_RNCNvXsb_NtCsgQUhu4AasEN_6vx_cli3cliNtB7_13PluginCommandNtNtCs9dv23kYwsEz_12clap_builder6derive14FromArgMatches27update_from_arg_matches_muts2_0B9_
FNDA:0,_RNCNvXsb_NtCsgQUhu4AasEN_6vx_cli3cliNtB7_13PluginCommandNtNtCs9dv23kYwsEz_12clap_builder6derive14FromArgMatches27update_from_arg_matches_muts_0B9_
FNDA:0,_RNCNvXse_NtCsgQUhu4AasEN_6vx_cli3cliNtB7_12ShellCommandNtNtCs9dv23kYwsEz_12clap_builder6derive14FromArgMatches27update_from_arg_matches_mut0B9_
FNF:49
FNH:1
DA:24,0
DA:28,0
DA:32,15
DA:47,0
DA:50,0
DA:53,0
DA:60,0
DA:65,0
DA:75,0
DA:83,0
DA:92,0
DA:97,0
DA:103,0
DA:106,0
DA:112,0
DA:118,0
DA:121,0
DA:124,0
DA:130,0
DA:133,0
DA:152,0
DA:155,0
DA:158,0
DA:161,0
DA:168,0
DA:171,0
DA:174,0
DA:177,0
DA:180,0
DA:183,0
DA:190,0
DA:199,0
DA:202,0
DA:205,0
DA:212,0
DA:215,0
DA:218,0
DA:221,0
DA:224,0
DA:230,0
DA:268,0
DA:270,0
DA:275,0
DA:292,0
DA:300,0
DA:305,0
DA:310,0
DA:315,0
DA:331,0
BRF:0
BRH:0
LF:49
LH:1
end_of_record
SF:C:\github\vx\crates\vx-cli\src\cli_tests.rs
FN:300,_RNvNtCsgQUhu4AasEN_6vx_cli9cli_testss_13test_cli_help
FN:97,_RNvNtCsgQUhu4AasEN_6vx_cli9cli_testss_21test_cli_global_flags
FN:186,_RNvNtCsgQUhu4AasEN_6vx_cli9cli_testss_21test_cli_init_command
FN:17,_RNvNtCsgQUhu4AasEN_6vx_cli9cli_testss_21test_cli_list_command
FN:161,_RNvNtCsgQUhu4AasEN_6vx_cli9cli_testss_21test_cli_sync_command
FN:265,_RNvNtCsgQUhu4AasEN_6vx_cli9cli_testss_22test_cli_clean_command
FN:211,_RNvNtCsgQUhu4AasEN_6vx_cli9cli_testss_22test_cli_which_command
FN:136,_RNvNtCsgQUhu4AasEN_6vx_cli9cli_testss_23test_cli_search_command
FN:248,_RNvNtCsgQUhu4AasEN_6vx_cli9cli_testss_23test_cli_switch_command
FN:292,_RNvNtCsgQUhu4AasEN_6vx_cli9cli_testss_23test_output_format_enum
FN:59,_RNvNtCsgQUhu4AasEN_6vx_cli9cli_testss_24test_cli_install_command
FN:307,_RNvNtCsgQUhu4AasEN_6vx_cli9cli_testss_24test_cli_invalid_command
FN:7,_RNvNtCsgQUhu4AasEN_6vx_cli9cli_testss_24test_cli_version_command
FN:225,_RNvNtCsgQUhu4AasEN_6vx_cli9cli_testss_25test_cli_versions_command
FN:38,_RNvNtCsgQUhu4AasEN_6vx_cli9cli_testss_26test_cli_list_with_options
FN:78,_RNvNtCsgQUhu4AasEN_6vx_cli9cli_testss_27test_cli_install_with_force
FN:107,_RNvNtCsgQUhu4AasEN_6vx_cli9cli_testss_34test_cli_dynamic_command_execution
FN:126,_RNvNtCsgQUhu4AasEN_6vx_cli9cli_testss_35test_cli_dynamic_command_with_flags
FN:117,_RNvNtCsgQUhu4AasEN_6vx_cli9cli_testss_43test_cli_dynamic_command_with_multiple_args
FNDA:1,_RNvNtCsgQUhu4AasEN_6vx_cli9cli_testss_13test_cli_help
FNDA:1,_RNvNtCsgQUhu4AasEN_6vx_cli9cli_testss_21test_cli_global_flags
FNDA:1,_RNvNtCsgQUhu4AasEN_6vx_cli9cli_testss_21test_cli_init_command
FNDA:1,_RNvNtCsgQUhu4AasEN_6vx_cli9cli_testss_21test_cli_list_command
FNDA:1,_RNvNtCsgQUhu4AasEN_6vx_cli9cli_testss_21test_cli_sync_command
FNDA:1,_RNvNtCsgQUhu4AasEN_6vx_cli9cli_testss_22test_cli_clean_command
FNDA:1,_RNvNtCsgQUhu4AasEN_6vx_cli9cli_testss_22test_cli_which_command
FNDA:1,_RNvNtCsgQUhu4AasEN_6vx_cli9cli_testss_23test_cli_search_command
FNDA:1,_RNvNtCsgQUhu4AasEN_6vx_cli9cli_testss_23test_cli_switch_command
FNDA:1,_RNvNtCsgQUhu4AasEN_6vx_cli9cli_testss_23test_output_format_enum
FNDA:1,_RNvNtCsgQUhu4AasEN_6vx_cli9cli_testss_24test_cli_install_command
FNDA:1,_RNvNtCsgQUhu4AasEN_6vx_cli9cli_testss_24test_cli_invalid_command
FNDA:1,_RNvNtCsgQUhu4AasEN_6vx_cli9cli_testss_24test_cli_version_command
FNDA:1,_RNvNtCsgQUhu4AasEN_6vx_cli9cli_testss_25test_cli_versions_command
FNDA:1,_RNvNtCsgQUhu4AasEN_6vx_cli9cli_testss_26test_cli_list_with_options
FNDA:1,_RNvNtCsgQUhu4AasEN_6vx_cli9cli_testss_27test_cli_install_with_force
FNDA:1,_RNvNtCsgQUhu4AasEN_6vx_cli9cli_testss_34test_cli_dynamic_command_execution
FNDA:1,_RNvNtCsgQUhu4AasEN_6vx_cli9cli_testss_35test_cli_dynamic_command_with_flags
FNDA:1,_RNvNtCsgQUhu4AasEN_6vx_cli9cli_testss_43test_cli_dynamic_command_with_multiple_args
FNF:19
FNH:19
DA:7,1
DA:8,1
DA:9,1
DA:10,1
DA:11,1
DA:12,1
DA:13,1
DA:14,1
DA:17,1
DA:18,1
DA:19,1
DA:21,1
DA:23,1
DA:24,1
DA:25,1
DA:26,1
DA:27,1
DA:28,1
DA:29,1
DA:30,1
DA:31,1
DA:33,0
DA:35,1
DA:38,1
DA:39,1
DA:40,1
DA:42,1
DA:44,1
DA:45,1
DA:46,1
DA:47,1
DA:48,1
DA:49,1
DA:50,1
DA:51,1
DA:52,1
DA:54,0
DA:56,1
DA:59,1
DA:60,1
DA:61,1
DA:63,1
DA:65,1
DA:66,1
DA:67,1
DA:68,1
DA:69,1
DA:70,1
DA:71,1
DA:73,0
DA:75,1
DA:78,1
DA:79,1
DA:80,1
DA:82,1
DA:84,1
DA:85,1
DA:86,1
DA:87,1
DA:88,1
DA:89,1
DA:90,1
DA:92,0
DA:94,1
DA:97,1
DA:98,1
DA:99,1
DA:100,1
DA:101,1
DA:102,1
DA:103,1
DA:104,1
DA:107,1
DA:108,1
DA:109,1
DA:110,1
DA:111,1
DA:112,1
DA:113,1
DA:114,1
DA:117,1
DA:118,1
DA:119,1
DA:120,1
DA:121,1
DA:122,1
DA:123,1
DA:126,1
DA:127,1
DA:128,1
DA:129,1
DA:130,1
DA:131,1
DA:132,1
DA:133,1
DA:136,1
DA:137,1
DA:138,1
DA:140,1
DA:142,1
DA:143,1
DA:144,1
DA:145,1
DA:146,1
DA:147,1
DA:148,1
DA:149,1
DA:150,1
DA:151,1
DA:152,1
DA:153,1
DA:154,1
DA:156,0
DA:158,1
DA:161,1
DA:162,1
DA:163,1
DA:165,1
DA:167,1
DA:168,1
DA:169,1
DA:170,1
DA:171,1
DA:172,1
DA:173,1
DA:174,1
DA:175,1
DA:176,1
DA:177,1
DA:178,1
DA:179,1
DA:181,0
DA:183,1
DA:186,1
DA:187,1
DA:188,1
DA:190,1
DA:192,1
DA:193,1
DA:194,1
DA:195,1
DA:196,1
DA:197,1
DA:198,1
DA:199,1
DA:200,1
DA:201,1
DA:202,1
DA:203,1
DA:204,1
DA:206,0
DA:208,1
DA:211,1
DA:212,1
DA:213,1
DA:215,1
DA:216,1
DA:217,1
DA:218,1
DA:220,0
DA:222,1
DA:225,1
DA:226,1
DA:227,1
DA:229,1
DA:231,1
DA:232,1
DA:233,1
DA:234,1
DA:235,1
DA:236,1
DA:237,1
DA:238,1
DA:239,1
DA:240,1
DA:241,1
DA:243,0
DA:245,1
DA:248,1
DA:249,1
DA:250,1
DA:252,1
DA:254,1
DA:255,1
DA:256,1
DA:257,1
DA:258,1
DA:260,0
DA:262,1
DA:265,1
DA:266,1
DA:267,1
DA:269,1
DA:271,1
DA:272,1
DA:273,1
DA:274,1
DA:275,1
DA:276,1
DA:277,1
DA:278,1
DA:279,1
DA:280,1
DA:281,1
DA:282,1
DA:283,1
DA:284,1
DA:285,1
DA:287,0
DA:289,1
DA:292,1
DA:293,1
DA:294,1
DA:295,1
DA:296,1
DA:297,1
DA:300,1
DA:301,1
DA:302,1
DA:303,1
DA:304,1
DA:307,1
DA:308,1
DA:309,1
DA:311,1
DA:312,1
DA:313,1
DA:314,0
DA:315,1
BRF:0
BRH:0
LF:229
LH:217
end_of_record
SF:C:\github\vx\crates\vx-cli\src\commands\cleanup.rs
FN:13,_RNCNvNtNtCsgADnf5To0jN_6vx_cli8commands7cleanup6handle0Csd8tJAr5sLQg_2vx
FN:13,_RNCNvNtNtCsgADnf5To0jN_6vx_cli8commands7cleanup6handle0B7_
FN:6,_RNvNtNtCsgADnf5To0jN_6vx_cli8commands7cleanup6handle
FN:13,_RNCNvNtNtCsgQUhu4AasEN_6vx_cli8commands7cleanup6handle0B7_
FN:6,_RNvNtNtCsgQUhu4AasEN_6vx_cli8commands7cleanup6handle
FNDA:0,_RNCNvNtNtCsgADnf5To0jN_6vx_cli8commands7cleanup6handle0Csd8tJAr5sLQg_2vx
FNDA:0,_RNCNvNtNtCsgADnf5To0jN_6vx_cli8commands7cleanup6handle0B7_
FNDA:0,_RNvNtNtCsgADnf5To0jN_6vx_cli8commands7cleanup6handle
FNDA:0,_RNCNvNtNtCsgQUhu4AasEN_6vx_cli8commands7cleanup6handle0B7_
FNDA:0,_RNvNtNtCsgQUhu4AasEN_6vx_cli8commands7cleanup6handle
FNF:2
FNH:0
DA:6,0
DA:7,0
DA:8,0
DA:9,0
DA:10,0
DA:11,0
DA:12,0
DA:13,0
DA:14,0
DA:15,0
DA:16,0
DA:17,0
DA:18,0
DA:19,0
DA:20,0
BRF:0
BRH:0
LF:16
LH:0
end_of_record
SF:C:\github\vx\crates\vx-cli\src\commands\config.rs
FN:34,_RNCNvNtNtCsgADnf5To0jN_6vx_cli8commands6config10handle_get0Csd8tJAr5sLQg_2vx
FN:28,_RNCNvNtNtCsgADnf5To0jN_6vx_cli8commands6config10handle_set0Csd8tJAr5sLQg_2vx
FN:50,_RNCNvNtNtCsgADnf5To0jN_6vx_cli8commands6config11handle_edit0Csd8tJAr5sLQg_2vx
FN:40,_RNCNvNtNtCsgADnf5To0jN_6vx_cli8commands6config12handle_reset0Csd8tJAr5sLQg_2vx
FN:6,_RNCNvNtNtCsgADnf5To0jN_6vx_cli8commands6config6handle0Csd8tJAr5sLQg_2vx
FN:34,_RNvNtNtCsgADnf5To0jN_6vx_cli8commands6config10handle_get
FN:28,_RNvNtNtCsgADnf5To0jN_6vx_cli8commands6config10handle_set
FN:50,_RNvNtNtCsgADnf5To0jN_6vx_cli8commands6config11handle_edit
FN:12,_RNvNtNtCsgADnf5To0jN_6vx_cli8commands6config11handle_init
FN:40,_RNvNtNtCsgADnf5To0jN_6vx_cli8commands6config12handle_reset
FN:56,_RNvNtNtCsgADnf5To0jN_6vx_cli8commands6config23generate_default_config
FN:74,_RNvNtNtCsgADnf5To0jN_6vx_cli8commands6config24generate_template_config
FN:6,_RNvNtNtCsgADnf5To0jN_6vx_cli8commands6config6handle
FN:34,_RNCNvNtNtCsgADnf5To0jN_6vx_cli8commands6config10handle_get0B7_
FN:28,_RNCNvNtNtCsgADnf5To0jN_6vx_cli8commands6config10handle_set0B7_
FN:50,_RNCNvNtNtCsgADnf5To0jN_6vx_cli8commands6config11handle_edit0B7_
FN:12,_RNCNvNtNtCsgADnf5To0jN_6vx_cli8commands6config11handle_init0B7_
FN:40,_RNCNvNtNtCsgADnf5To0jN_6vx_cli8commands6config12handle_reset0B7_
FN:6,_RNCNvNtNtCsgADnf5To0jN_6vx_cli8commands6config6handle0B7_
FN:34,_RNCNvNtNtCsgQUhu4AasEN_6vx_cli8commands6config10handle_get0B7_
FN:28,_RNCNvNtNtCsgQUhu4AasEN_6vx_cli8commands6config10handle_set0B7_
FN:50,_RNCNvNtNtCsgQUhu4AasEN_6vx_cli8commands6config11handle_edit0B7_
FN:12,_RNCNvNtNtCsgQUhu4AasEN_6vx_cli8commands6config11handle_init0B7_
FN:40,_RNCNvNtNtCsgQUhu4AasEN_6vx_cli8commands6config12handle_reset0B7_
FN:6,_RNCNvNtNtCsgQUhu4AasEN_6vx_cli8commands6config6handle0B7_
FN:34,_RNvNtNtCsgQUhu4AasEN_6vx_cli8commands6config10handle_get
FN:28,_RNvNtNtCsgQUhu4AasEN_6vx_cli8commands6config10handle_set
FN:50,_RNvNtNtCsgQUhu4AasEN_6vx_cli8commands6config11handle_edit
FN:12,_RNvNtNtCsgQUhu4AasEN_6vx_cli8commands6config11handle_init
FN:40,_RNvNtNtCsgQUhu4AasEN_6vx_cli8commands6config12handle_reset
FN:56,_RNvNtNtCsgQUhu4AasEN_6vx_cli8commands6config23generate_default_config
FN:74,_RNvNtNtCsgQUhu4AasEN_6vx_cli8commands6config24generate_template_config
FN:6,_RNvNtNtCsgQUhu4AasEN_6vx_cli8commands6config6handle
FNDA:0,_RNCNvNtNtCsgADnf5To0jN_6vx_cli8commands6config10handle_get0Csd8tJAr5sLQg_2vx
FNDA:0,_RNCNvNtNtCsgADnf5To0jN_6vx_cli8commands6config10handle_set0Csd8tJAr5sLQg_2vx
FNDA:0,_RNCNvNtNtCsgADnf5To0jN_6vx_cli8commands6config11handle_edit0Csd8tJAr5sLQg_2vx
FNDA:0,_RNCNvNtNtCsgADnf5To0jN_6vx_cli8commands6config12handle_reset0Csd8tJAr5sLQg_2vx
FNDA:1,_RNCNvNtNtCsgADnf5To0jN_6vx_cli8commands6config6handle0Csd8tJAr5sLQg_2vx
FNDA:0,_RNvNtNtCsgADnf5To0jN_6vx_cli8commands6config10handle_get
FNDA:0,_RNvNtNtCsgADnf5To0jN_6vx_cli8commands6config10handle_set
FNDA:0,_RNvNtNtCsgADnf5To0jN_6vx_cli8commands6config11handle_edit
FNDA:0,_RNvNtNtCsgADnf5To0jN_6vx_cli8commands6config11handle_init
FNDA:0,_RNvNtNtCsgADnf5To0jN_6vx_cli8commands6config12handle_reset
FNDA:0,_RNvNtNtCsgADnf5To0jN_6vx_cli8commands6config23generate_default_config
FNDA:0,_RNvNtNtCsgADnf5To0jN_6vx_cli8commands6config24generate_template_config
FNDA:1,_RNvNtNtCsgADnf5To0jN_6vx_cli8commands6config6handle
FNDA:0,_RNCNvNtNtCsgADnf5To0jN_6vx_cli8commands6config10handle_get0B7_
FNDA:0,_RNCNvNtNtCsgADnf5To0jN_6vx_cli8commands6config10handle_set0B7_
FNDA:0,_RNCNvNtNtCsgADnf5To0jN_6vx_cli8commands6config11handle_edit0B7_
FNDA:0,_RNCNvNtNtCsgADnf5To0jN_6vx_cli8commands6config11handle_init0B7_
FNDA:0,_RNCNvNtNtCsgADnf5To0jN_6vx_cli8commands6config12handle_reset0B7_
FNDA:0,_RNCNvNtNtCsgADnf5To0jN_6vx_cli8commands6config6handle0B7_
FNDA:0,_RNCNvNtNtCsgQUhu4AasEN_6vx_cli8commands6config10handle_get0B7_
FNDA:0,_RNCNvNtNtCsgQUhu4AasEN_6vx_cli8commands6config10handle_set0B7_
FNDA:0,_RNCNvNtNtCsgQUhu4AasEN_6vx_cli8commands6config11handle_edit0B7_
FNDA:0,_RNCNvNtNtCsgQUhu4AasEN_6vx_cli8commands6config11handle_init0B7_
FNDA:0,_RNCNvNtNtCsgQUhu4AasEN_6vx_cli8commands6config12handle_reset0B7_
FNDA:0,_RNCNvNtNtCsgQUhu4AasEN_6vx_cli8commands6config6handle0B7_
FNDA:0,_RNvNtNtCsgQUhu4AasEN_6vx_cli8commands6config10handle_get
FNDA:0,_RNvNtNtCsgQUhu4AasEN_6vx_cli8commands6config10handle_set
FNDA:0,_RNvNtNtCsgQUhu4AasEN_6vx_cli8commands6config11handle_edit
FNDA:0,_RNvNtNtCsgQUhu4AasEN_6vx_cli8commands6config11handle_init
FNDA:0,_RNvNtNtCsgQUhu4AasEN_6vx_cli8commands6config12handle_reset
FNDA:0,_RNvNtNtCsgQUhu4AasEN_6vx_cli8commands6config23generate_default_config
FNDA:0,_RNvNtNtCsgQUhu4AasEN_6vx_cli8commands6config24generate_template_config
FNDA:0,_RNvNtNtCsgQUhu4AasEN_6vx_cli8commands6config6handle
FNF:14
FNH:2
DA:6,1
DA:7,1
DA:8,1
DA:9,1
DA:10,1
DA:12,0
DA:13,0
DA:15,0
DA:16,0
DA:18,0
DA:21,0
DA:22,0
DA:23,0
DA:24,0
DA:25,0
DA:26,0
DA:28,0
DA:29,0
DA:30,0
DA:31,0
DA:32,0
DA:34,0
DA:35,0
DA:36,0
DA:37,0
DA:38,0
DA:40,0
DA:41,0
DA:42,0
DA:43,0
DA:44,0
DA:45,0
DA:46,0
DA:47,0
DA:48,0
DA:50,0
DA:51,0
DA:52,0
DA:53,0
DA:54,0
DA:56,0
DA:57,0
DA:58,0
DA:59,0
DA:60,0
DA:61,0
DA:62,0
DA:63,0
DA:64,0
DA:65,0
DA:66,0
DA:69,0
DA:70,0
DA:74,0
DA:75,0
DA:76,0
DA:77,0
DA:78,0
DA:79,0
DA:80,0
DA:81,0
DA:82,0
DA:83,0
DA:84,0
DA:85,0
DA:86,0
DA:87,0
DA:88,0
DA:89,0
DA:90,0
DA:91,0
DA:92,0
DA:93,0
DA:95,0
DA:99,0
DA:100,0
DA:101,0
DA:103,0
DA:104,0
BRF:0
BRH:0
LF:85
LH:6
end_of_record
SF:C:\github\vx\crates\vx-cli\src\commands\execute.rs
FN:41,_RNCNCNvNtNtCsgADnf5To0jN_6vx_cli8commands7execute19execute_system_tool00Csd8tJAr5sLQg_2vx
FN:28,_RNCNvNtNtCsgADnf5To0jN_6vx_cli8commands7execute12execute_tool0Csd8tJAr5sLQg_2vx
FN:37,_RNCNvNtNtCsgADnf5To0jN_6vx_cli8commands7execute19execute_system_tool0Csd8tJAr5sLQg_2vx
FN:14,_RNCNvNtNtCsgADnf5To0jN_6vx_cli8commands7execute6handle0Csd8tJAr5sLQg_2vx
FN:41,_RNCNCNvNtNtCsgADnf5To0jN_6vx_cli8commands7execute19execute_system_tool00B9_
FN:28,_RNCNvNtNtCsgADnf5To0jN_6vx_cli8commands7execute12execute_tool0B7_
FN:37,_RNCNvNtNtCsgADnf5To0jN_6vx_cli8commands7execute19execute_system_tool0B7_
FN:14,_RNCNvNtNtCsgADnf5To0jN_6vx_cli8commands7execute6handle0B7_
FN:23,_RNvNtNtCsgADnf5To0jN_6vx_cli8commands7execute12execute_tool
FN:37,_RNvNtNtCsgADnf5To0jN_6vx_cli8commands7execute19execute_system_tool
FN:9,_RNvNtNtCsgADnf5To0jN_6vx_cli8commands7execute6handle
FN:23,_RNvNtNtCsgQUhu4AasEN_6vx_cli8commands7execute12execute_tool
FN:37,_RNvNtNtCsgQUhu4AasEN_6vx_cli8commands7execute19execute_system_tool
FN:9,_RNvNtNtCsgQUhu4AasEN_6vx_cli8commands7execute6handle
FN:41,_RNCNCNvNtNtCsgQUhu4AasEN_6vx_cli8commands7execute19execute_system_tool00B9_
FN:28,_RNCNvNtNtCsgQUhu4AasEN_6vx_cli8commands7execute12execute_tool0B7_
FN:37,_RNCNvNtNtCsgQUhu4AasEN_6vx_cli8commands7execute19execute_system_tool0B7_
FN:14,_RNCNvNtNtCsgQUhu4AasEN_6vx_cli8commands7execute6handle0B7_
FNDA:6,_RNCNCNvNtNtCsgADnf5To0jN_6vx_cli8commands7execute19execute_system_tool00Csd8tJAr5sLQg_2vx
FNDA:11,_RNCNvNtNtCsgADnf5To0jN_6vx_cli8commands7execute12execute_tool0Csd8tJAr5sLQg_2vx
FNDA:11,_RNCNvNtNtCsgADnf5To0jN_6vx_cli8commands7execute19execute_system_tool0Csd8tJAr5sLQg_2vx
FNDA:11,_RNCNvNtNtCsgADnf5To0jN_6vx_cli8commands7execute6handle0Csd8tJAr5sLQg_2vx
FNDA:0,_RNCNCNvNtNtCsgADnf5To0jN_6vx_cli8commands7execute19execute_system_tool00B9_
FNDA:0,_RNCNvNtNtCsgADnf5To0jN_6vx_cli8commands7execute12execute_tool0B7_
FNDA:0,_RNCNvNtNtCsgADnf5To0jN_6vx_cli8commands7execute19execute_system_tool0B7_
FNDA:0,_RNCNvNtNtCsgADnf5To0jN_6vx_cli8commands7execute6handle0B7_
FNDA:11,_RNvNtNtCsgADnf5To0jN_6vx_cli8commands7execute12execute_tool
FNDA:11,_RNvNtNtCsgADnf5To0jN_6vx_cli8commands7execute19execute_system_tool
FNDA:11,_RNvNtNtCsgADnf5To0jN_6vx_cli8commands7execute6handle
FNDA:5,_RNvNtNtCsgQUhu4AasEN_6vx_cli8commands7execute12execute_tool
FNDA:5,_RNvNtNtCsgQUhu4AasEN_6vx_cli8commands7execute19execute_system_tool
FNDA:1,_RNvNtNtCsgQUhu4AasEN_6vx_cli8commands7execute6handle
FNDA:5,_RNCNCNvNtNtCsgQUhu4AasEN_6vx_cli8commands7execute19execute_system_tool00B9_
FNDA:5,_RNCNvNtNtCsgQUhu4AasEN_6vx_cli8commands7execute12execute_tool0B7_
FNDA:5,_RNCNvNtNtCsgQUhu4AasEN_6vx_cli8commands7execute19execute_system_tool0B7_
FNDA:1,_RNCNvNtNtCsgQUhu4AasEN_6vx_cli8commands7execute6handle0B7_
FNF:7
FNH:7
DA:9,12
DA:10,12
DA:11,12
DA:12,12
DA:13,12
DA:14,12
DA:15,12
DA:16,5
DA:17,0
DA:18,5
DA:19,5
DA:20,12
DA:23,16
DA:24,16
DA:25,16
DA:26,16
DA:27,16
DA:28,16
DA:29,16
DA:30,16
DA:31,16
DA:32,16
DA:33,16
DA:34,16
DA:37,16
DA:38,16
DA:39,16
DA:40,16
DA:41,16
DA:43,5
DA:44,16
BRF:0
BRH:0
LF:35
LH:34
end_of_record
SF:C:\github\vx\crates\vx-cli\src\commands\execute_tests.rs
FN:7,_RNCNvNtNtCsgQUhu4AasEN_6vx_cli8commands13execute_testss_25test_execute_tool_success0B7_
FN:25,_RNCNvNtNtCsgQUhu4AasEN_6vx_cli8commands13execute_testss_27test_execute_tool_not_found0B7_
FN:37,_RNCNvNtNtCsgQUhu4AasEN_6vx_cli8commands13execute_testss_27test_execute_tool_with_args0B7_
FN:54,_RNCNvNtNtCsgQUhu4AasEN_6vx_cli8commands13execute_testss_27test_handle_execute_success0B7_
FN:72,_RNCNvNtNtCsgQUhu4AasEN_6vx_cli8commands13execute_testss_34test_execute_with_system_path_flag0B7_
FN:7,_RNvNtNtCsgQUhu4AasEN_6vx_cli8commands13execute_testss_25test_execute_tool_success
FN:130,_RNvNtNtCsgQUhu4AasEN_6vx_cli8commands13execute_testss_26test_mock_command_executor
FN:25,_RNvNtNtCsgQUhu4AasEN_6vx_cli8commands13execute_testss_27test_execute_tool_not_found
FN:37,_RNvNtNtCsgQUhu4AasEN_6vx_cli8commands13execute_testss_27test_execute_tool_with_args
FN:54,_RNvNtNtCsgQUhu4AasEN_6vx_cli8commands13execute_testss_27test_handle_execute_success
FN:87,_RNvNtNtCsgQUhu4AasEN_6vx_cli8commands13execute_testss_29test_execute_system_tool_mock
FN:72,_RNvNtNtCsgQUhu4AasEN_6vx_cli8commands13execute_testss_34test_execute_with_system_path_flag
FN:109,_RNvNtNtCsgQUhu4AasEN_6vx_cli8commands13execute_testss_35test_execute_system_tool_error_mock
FN:175,_RNvNtNtCsgQUhu4AasEN_6vx_cli8commands13execute_testss_37test_mock_command_executor_wrong_args
FN:164,_RNvNtNtCsgQUhu4AasEN_6vx_cli8commands13execute_testss_40test_mock_command_executor_wrong_command
FN:153,_RNvNtNtCsgQUhu4AasEN_6vx_cli8commands13execute_testss_42test_mock_command_executor_unexpected_call
FNDA:1,_RNCNvNtNtCsgQUhu4AasEN_6vx_cli8commands13execute_testss_25test_execute_tool_success0B7_
FNDA:1,_RNCNvNtNtCsgQUhu4AasEN_6vx_cli8commands13execute_testss_27test_execute_tool_not_found0B7_
FNDA:1,_RNCNvNtNtCsgQUhu4AasEN_6vx_cli8commands13execute_testss_27test_execute_tool_with_args0B7_
FNDA:1,_RNCNvNtNtCsgQUhu4AasEN_6vx_cli8commands13execute_testss_27test_handle_execute_success0B7_
FNDA:1,_RNCNvNtNtCsgQUhu4AasEN_6vx_cli8commands13execute_testss_34test_execute_with_system_path_flag0B7_
FNDA:1,_RNvNtNtCsgQUhu4AasEN_6vx_cli8commands13execute_testss_25test_execute_tool_success
FNDA:1,_RNvNtNtCsgQUhu4AasEN_6vx_cli8commands13execute_testss_26test_mock_command_executor
FNDA:1,_RNvNtNtCsgQUhu4AasEN_6vx_cli8commands13execute_testss_27test_execute_tool_not_found
FNDA:1,_RNvNtNtCsgQUhu4AasEN_6vx_cli8commands13execute_testss_27test_execute_tool_with_args
FNDA:1,_RNvNtNtCsgQUhu4AasEN_6vx_cli8commands13execute_testss_27test_handle_execute_success
FNDA:1,_RNvNtNtCsgQUhu4AasEN_6vx_cli8commands13execute_testss_29test_execute_system_tool_mock
FNDA:1,_RNvNtNtCsgQUhu4AasEN_6vx_cli8commands13execute_testss_34test_execute_with_system_path_flag
FNDA:1,_RNvNtNtCsgQUhu4AasEN_6vx_cli8commands13execute_testss_35test_execute_system_tool_error_mock
FNDA:1,_RNvNtNtCsgQUhu4AasEN_6vx_cli8commands13execute_testss_37test_mock_command_executor_wrong_args
FNDA:1,_RNvNtNtCsgQUhu4AasEN_6vx_cli8commands13execute_testss_40test_mock_command_executor_wrong_command
FNDA:1,_RNvNtNtCsgQUhu4AasEN_6vx_cli8commands13execute_testss_42test_mock_command_executor_unexpected_call
FNF:16
FNH:16
DA:7,1
DA:8,1
DA:9,1
DA:10,1
DA:11,1
DA:12,1
DA:13,1
DA:14,1
DA:15,1
DA:16,1
DA:17,1
DA:18,1
DA:19,1
DA:20,1
DA:21,1
DA:22,1
DA:25,1
DA:26,1
DA:27,1
DA:28,1
DA:29,1
DA:30,1
DA:31,1
DA:32,1
DA:33,1
DA:34,1
DA:37,1
DA:38,1
DA:39,1
DA:40,1
DA:41,1
DA:42,1
DA:43,1
DA:44,1
DA:45,1
DA:46,1
DA:47,1
DA:48,1
DA:49,1
DA:50,1
DA:51,1
DA:54,1
DA:55,1
DA:56,1
DA:57,1
DA:58,1
DA:59,1
DA:60,1
DA:61,1
DA:62,1
DA:63,0
DA:64,0
DA:65,1
DA:66,1
DA:67,1
DA:68,1
DA:69,1
DA:72,1
DA:73,1
DA:74,1
DA:75,1
DA:76,1
DA:77,1
DA:78,1
DA:79,1
DA:80,1
DA:81,1
DA:82,1
DA:83,1
DA:84,1
DA:87,1
DA:88,1
DA:89,1
DA:90,1
DA:91,1
DA:92,1
DA:93,1
DA:94,1
DA:95,1
DA:96,1
DA:97,1
DA:98,1
DA:99,1
DA:100,1
DA:101,1
DA:102,1
DA:103,1
DA:104,1
DA:105,1
DA:106,1
DA:109,1
DA:110,1
DA:111,1
DA:112,1
DA:113,1
DA:114,1
DA:115,1
DA:116,1
DA:117,1
DA:118,1
DA:119,1
DA:120,1
DA:121,1
DA:122,1
DA:123,1
DA:124,1
DA:125,1
DA:126,1
DA:127,1
DA:130,1
DA:131,1
DA:132,1
DA:133,1
DA:134,1
DA:135,1
DA:136,1
DA:137,1
DA:138,1
DA:139,1
DA:140,1
DA:141,1
DA:142,1
DA:143,1
DA:146,1
DA:147,1
DA:148,1
DA:149,1
DA:153,1
DA:154,1
DA:155,1
DA:156,1
DA:157,1
DA:158,1
DA:159,1
DA:160,1
DA:164,1
DA:165,1
DA:166,1
DA:167,1
DA:168,1
DA:169,1
DA:170,1
DA:171,1
DA:175,1
DA:176,1
DA:177,1
DA:178,1
DA:179,1
DA:180,1
DA:181,1
DA:182,1
BRF:0
BRH:0
LF:195
LH:189
end_of_record
SF:C:\github\vx\crates\vx-cli\src\commands\fetch.rs
FN:8,_RNvNtNtCsgADnf5To0jN_6vx_cli8commands5fetch6handle
FN:18,_RNCNCNvNtNtCsgADnf5To0jN_6vx_cli8commands5fetch6handle00Csd8tJAr5sLQg_2vx
FN:15,_RNCNvNtNtCsgADnf5To0jN_6vx_cli8commands5fetch6handle0Csd8tJAr5sLQg_2vx
FN:18,_RNCNCNvNtNtCsgADnf5To0jN_6vx_cli8commands5fetch6handle00B9_
FN:15,_RNCNvNtNtCsgADnf5To0jN_6vx_cli8commands5fetch6handle0B7_
FN:18,_RNCNCNvNtNtCsgQUhu4AasEN_6vx_cli8commands5fetch6handle00B9_
FN:15,_RNCNvNtNtCsgQUhu4AasEN_6vx_cli8commands5fetch6handle0B7_
FN:8,_RNvNtNtCsgQUhu4AasEN_6vx_cli8commands5fetch6handle
FNDA:0,_RNvNtNtCsgADnf5To0jN_6vx_cli8commands5fetch6handle
FNDA:0,_RNCNCNvNtNtCsgADnf5To0jN_6vx_cli8commands5fetch6handle00Csd8tJAr5sLQg_2vx
FNDA:0,_RNCNvNtNtCsgADnf5To0jN_6vx_cli8commands5fetch6handle0Csd8tJAr5sLQg_2vx
FNDA:0,_RNCNCNvNtNtCsgADnf5To0jN_6vx_cli8commands5fetch6handle00B9_
FNDA:0,_RNCNvNtNtCsgADnf5To0jN_6vx_cli8commands5fetch6handle0B7_
FNDA:0,_RNCNCNvNtNtCsgQUhu4AasEN_6vx_cli8commands5fetch6handle00B9_
FNDA:0,_RNCNvNtNtCsgQUhu4AasEN_6vx_cli8commands5fetch6handle0B7_
FNDA:0,_RNvNtNtCsgQUhu4AasEN_6vx_cli8commands5fetch6handle
FNF:3
FNH:0
DA:8,0
DA:9,0
DA:10,0
DA:11,0
DA:12,0
DA:13,0
DA:14,0
DA:15,0
DA:16,0
DA:17,0
DA:18,0
DA:20,0
DA:22,0
DA:24,0
DA:25,0
DA:26,0
DA:27,0
DA:30,0
DA:31,0
DA:32,0
DA:34,0
DA:36,0
DA:37,0
DA:38,0
DA:40,0
DA:42,0
DA:43,0
DA:45,0
DA:48,0
DA:49,0
DA:50,0
DA:51,0
DA:52,0
DA:53,0
DA:54,0
DA:55,0
DA:57,0
DA:58,0
DA:59,0
DA:61,0
DA:62,0
DA:63,0
DA:65,0
DA:66,0
DA:67,0
DA:68,0
DA:69,0
DA:70,0
DA:71,0
DA:72,0
DA:73,0
DA:74,0
DA:75,0
DA:76,0
DA:79,0
DA:80,0
DA:81,0
DA:82,0
DA:83,0
DA:86,0
DA:87,0
DA:88,0
DA:89,0
DA:91,0
DA:92,0
BRF:0
BRH:0
LF:67
LH:0
end_of_record
SF:C:\github\vx\crates\vx-cli\src\commands\global.rs
FN:42,_RNCNvNtNtCsgADnf5To0jN_6vx_cli8commands6global6handle0Csd8tJAr5sLQg_2vx
FN:13,_RNCNvXNtNtCsgADnf5To0jN_6vx_cli8commands6globalNtB4_13GlobalCommandNtNtCs9dv23kYwsEz_12clap_builder6derive14FromArgMatches20from_arg_matches_mut0B8_
FN:23,_RNCNvXNtNtCsgADnf5To0jN_6vx_cli8commands6globalNtB4_13GlobalCommandNtNtCs9dv23kYwsEz_12clap_builder6derive14FromArgMatches20from_arg_matches_muts0_0B8_
FN:26,_RNCNvXNtNtCsgADnf5To0jN_6vx_cli8commands6globalNtB4_13GlobalCommandNtNtCs9dv23kYwsEz_12clap_builder6derive14FromArgMatches20from_arg_matches_muts1_0B8_
FN:31,_RNCNvXNtNtCsgADnf5To0jN_6vx_cli8commands6globalNtB4_13GlobalCommandNtNtCs9dv23kYwsEz_12clap_builder6derive14FromArgMatches20from_arg_matches_muts2_0B8_
FN:37,_RNCNvXNtNtCsgADnf5To0jN_6vx_cli8commands6globalNtB4_13GlobalCommandNtNtCs9dv23kYwsEz_12clap_builder6derive14FromArgMatches20from_arg_matches_muts3_0B8_
FN:18,_RNCNvXNtNtCsgADnf5To0jN_6vx_cli8commands6globalNtB4_13GlobalCommandNtNtCs9dv23kYwsEz_12clap_builder6derive14FromArgMatches20from_arg_matches_muts_0B8_
FN:13,_RNCNvXNtNtCsgADnf5To0jN_6vx_cli8commands6globalNtB4_13GlobalCommandNtNtCs9dv23kYwsEz_12clap_builder6derive14FromArgMatches27update_from_arg_matches_mut0B8_
FN:23,_RNCNvXNtNtCsgADnf5To0jN_6vx_cli8commands6globalNtB4_13GlobalCommandNtNtCs9dv23kYwsEz_12clap_builder6derive14FromArgMatches27update_from_arg_matches_muts0_0B8_
[...]
FN:270,_RNCNvMs4_NtCslT57vt6EVYU_10vx_version6parserNtB7_19GitHubVersionParser22parse_semantic_versions_0B9_
FN:51,_RNCNvMs_NtCslT57vt6EVYU_10vx_version6parserNtB6_17NodeVersionParser14parse_versions0B8_
FN:187,_RNvMs4_NtCslT57vt6EVYU_10vx_version6parserNtB5_19GitHubVersionParser14parse_versions
FN:250,_RNvMs4_NtCslT57vt6EVYU_10vx_version6parserNtB5_19GitHubVersionParser22parse_semantic_version
FN:324,_RNvMs6_NtCslT57vt6EVYU_10vx_version6parserNtB5_18VersionParserUtils13clean_version
FN:314,_RNvMs6_NtCslT57vt6EVYU_10vx_version6parserNtB5_18VersionParserUtils13is_prerelease
FN:29,_RNvMs_NtCslT57vt6EVYU_10vx_version6parserNtB4_17NodeVersionParser14parse_versions
FN:337,_RNCNvMs6_NtCslT57vt6EVYU_10vx_version6parserNtB7_18VersionParserUtils18sort_versions_desc0B9_
FN:103,_RNvMs1_NtCslT57vt6EVYU_10vx_version6parserNtB5_15GoVersionParser14parse_versions
FN:98,_RNvMs1_NtCslT57vt6EVYU_10vx_version6parserNtB5_15GoVersionParser3new
FN:179,_RNvMs4_NtCslT57vt6EVYU_10vx_version6parserNtB5_19GitHubVersionParser12versions_url
FN:171,_RNvMs4_NtCslT57vt6EVYU_10vx_version6parserNtB5_19GitHubVersionParser3new
FN:336,_RNvMs6_NtCslT57vt6EVYU_10vx_version6parserNtB5_18VersionParserUtils18sort_versions_desc
FN:24,_RNvMs_NtCslT57vt6EVYU_10vx_version6parserNtB4_17NodeVersionParser3new
FN:17,_RNvXNtCslT57vt6EVYU_10vx_version6parserNtB2_17NodeVersionParserNtNtCsaDtq73Zt8sT_4core7default7Default7default
FN:88,_RNvXs0_NtCslT57vt6EVYU_10vx_version6parserNtB5_17NodeVersionParserNtB5_13VersionParser14parse_versions
FN:152,_RNvXs2_NtCslT57vt6EVYU_10vx_version6parserNtB5_15GoVersionParserNtNtCsaDtq73Zt8sT_4core7default7Default7default
FN:158,_RNvXs3_NtCslT57vt6EVYU_10vx_version6parserNtB5_15GoVersionParserNtB5_13VersionParser14parse_versions
FN:305,_RNvXs5_NtCslT57vt6EVYU_10vx_version6parserNtB5_19GitHubVersionParserNtB5_13VersionParser14parse_versions
FN:370,_RNvNtNtCslT57vt6EVYU_10vx_version6parser5testss_24test_node_version_parser
FN:352,_RNvNtNtCslT57vt6EVYU_10vx_version6parser5testss_25test_version_parser_utils
FN:392,_RNvNtNtCslT57vt6EVYU_10vx_version6parser5testss_34test_github_version_parser_sorting
FN:236,_RNCNvMs4_NtCslT57vt6EVYU_10vx_version6parserNtB7_19GitHubVersionParser14parse_versionss0_0B9_
FNDA:0,_RNCNvMs4_NtCslHiOO9kE60f_10vx_version6parserNtB7_19GitHubVersionParser14parse_versions0B9_
FNDA:0,_RNCNvMs4_NtCslHiOO9kE60f_10vx_version6parserNtB7_19GitHubVersionParser14parse_versionss_0B9_
FNDA:0,_RNCNvMs4_NtCslHiOO9kE60f_10vx_version6parserNtB7_19GitHubVersionParser22parse_semantic_version0B9_
FNDA:0,_RNCNvMs4_NtCslHiOO9kE60f_10vx_version6parserNtB7_19GitHubVersionParser22parse_semantic_versions0_0B9_
FNDA:0,_RNCNvMs4_NtCslHiOO9kE60f_10vx_version6parserNtB7_19GitHubVersionParser22parse_semantic_versions1_0B9_
FNDA:0,_RNCNvMs4_NtCslHiOO9kE60f_10vx_version6parserNtB7_19GitHubVersionParser22parse_semantic_versions_0B9_
FNDA:0,_RNCNvMs_NtCslHiOO9kE60f_10vx_version6parserNtB6_17NodeVersionParser14parse_versions0B8_
FNDA:0,_RNvMs1_NtCslHiOO9kE60f_10vx_version6parserNtB5_15GoVersionParser14parse_versions
FNDA:0,_RNvMs1_NtCslHiOO9kE60f_10vx_version6parserNtB5_15GoVersionParser3new
FNDA:0,_RNvMs4_NtCslHiOO9kE60f_10vx_version6parserNtB5_19GitHubVersionParser12versions_url
FNDA:0,_RNvMs4_NtCslHiOO9kE60f_10vx_version6parserNtB5_19GitHubVersionParser14parse_versions
FNDA:0,_RNvMs4_NtCslHiOO9kE60f_10vx_version6parserNtB5_19GitHubVersionParser22parse_semantic_version
FNDA:0,_RNvMs4_NtCslHiOO9kE60f_10vx_version6parserNtB5_19GitHubVersionParser3new
FNDA:0,_RNvMs6_NtCslHiOO9kE60f_10vx_version6parserNtB5_18VersionParserUtils13clean_version
FNDA:0,_RNvMs6_NtCslHiOO9kE60f_10vx_version6parserNtB5_18VersionParserUtils13is_prerelease
FNDA:0,_RNvMs6_NtCslHiOO9kE60f_10vx_version6parserNtB5_18VersionParserUtils18sort_versions_desc
FNDA:0,_RNvMs_NtCslHiOO9kE60f_10vx_version6parserNtB4_17NodeVersionParser14parse_versions
FNDA:0,_RNvMs_NtCslHiOO9kE60f_10vx_version6parserNtB4_17NodeVersionParser3new
FNDA:0,_RNvXNtCslHiOO9kE60f_10vx_version6parserNtB2_17NodeVersionParserNtNtCsaDtq73Zt8sT_4core7default7Default7default
FNDA:0,_RNvXs0_NtCslHiOO9kE60f_10vx_version6parserNtB5_17NodeVersionParserNtB5_13VersionParser14parse_versions
FNDA:0,_RNvXs2_NtCslHiOO9kE60f_10vx_version6parserNtB5_15GoVersionParserNtNtCsaDtq73Zt8sT_4core7default7Default7default
FNDA:0,_RNvXs3_NtCslHiOO9kE60f_10vx_version6parserNtB5_15GoVersionParserNtB5_13VersionParser14parse_versions
FNDA:0,_RNvXs5_NtCslHiOO9kE60f_10vx_version6parserNtB5_19GitHubVersionParserNtB5_13VersionParser14parse_versions
FNDA:0,_RNCNvMs4_NtCslHiOO9kE60f_10vx_version6parserNtB7_19GitHubVersionParser14parse_versionss0_0B9_
FNDA:0,_RNCNvMs6_NtCslHiOO9kE60f_10vx_version6parserNtB7_18VersionParserUtils18sort_versions_desc0B9_
FNDA:2,_RNCNvMs4_NtCslT57vt6EVYU_10vx_version6parserNtB7_19GitHubVersionParser14parse_versions0B9_
FNDA:2,_RNCNvMs4_NtCslT57vt6EVYU_10vx_version6parserNtB7_19GitHubVersionParser14parse_versionss_0B9_
FNDA:0,_RNCNvMs4_NtCslT57vt6EVYU_10vx_version6parserNtB7_19GitHubVersionParser22parse_semantic_version0B9_
FNDA:0,_RNCNvMs4_NtCslT57vt6EVYU_10vx_version6parserNtB7_19GitHubVersionParser22parse_semantic_versions0_0B9_
FNDA:0,_RNCNvMs4_NtCslT57vt6EVYU_10vx_version6parserNtB7_19GitHubVersionParser22parse_semantic_versions1_0B9_
FNDA:0,_RNCNvMs4_NtCslT57vt6EVYU_10vx_version6parserNtB7_19GitHubVersionParser22parse_semantic_versions_0B9_
FNDA:2,_RNCNvMs_NtCslT57vt6EVYU_10vx_version6parserNtB6_17NodeVersionParser14parse_versions0B8_
FNDA:1,_RNvMs4_NtCslT57vt6EVYU_10vx_version6parserNtB5_19GitHubVersionParser14parse_versions
FNDA:2,_RNvMs4_NtCslT57vt6EVYU_10vx_version6parserNtB5_19GitHubVersionParser22parse_semantic_version
FNDA:3,_RNvMs6_NtCslT57vt6EVYU_10vx_version6parserNtB5_18VersionParserUtils13clean_version
FNDA:4,_RNvMs6_NtCslT57vt6EVYU_10vx_version6parserNtB5_18VersionParserUtils13is_prerelease
FNDA:1,_RNvMs_NtCslT57vt6EVYU_10vx_version6parserNtB4_17NodeVersionParser14parse_versions
FNDA:0,_RNCNvMs6_NtCslT57vt6EVYU_10vx_version6parserNtB7_18VersionParserUtils18sort_versions_desc0B9_
FNDA:0,_RNvMs1_NtCslT57vt6EVYU_10vx_version6parserNtB5_15GoVersionParser14parse_versions
FNDA:0,_RNvMs1_NtCslT57vt6EVYU_10vx_version6parserNtB5_15GoVersionParser3new
FNDA:0,_RNvMs4_NtCslT57vt6EVYU_10vx_version6parserNtB5_19GitHubVersionParser12versions_url
FNDA:0,_RNvMs4_NtCslT57vt6EVYU_10vx_version6parserNtB5_19GitHubVersionParser3new
FNDA:0,_RNvMs6_NtCslT57vt6EVYU_10vx_version6parserNtB5_18VersionParserUtils18sort_versions_desc
FNDA:0,_RNvMs_NtCslT57vt6EVYU_10vx_version6parserNtB4_17NodeVersionParser3new
FNDA:0,_RNvXNtCslT57vt6EVYU_10vx_version6parserNtB2_17NodeVersionParserNtNtCsaDtq73Zt8sT_4core7default7Default7default
FNDA:0,_RNvXs0_NtCslT57vt6EVYU_10vx_version6parserNtB5_17NodeVersionParserNtB5_13VersionParser14parse_versions
FNDA:0,_RNvXs2_NtCslT57vt6EVYU_10vx_version6parserNtB5_15GoVersionParserNtNtCsaDtq73Zt8sT_4core7default7Default7default
FNDA:0,_RNvXs3_NtCslT57vt6EVYU_10vx_version6parserNtB5_15GoVersionParserNtB5_13VersionParser14parse_versions
FNDA:0,_RNvXs5_NtCslT57vt6EVYU_10vx_version6parserNtB5_19GitHubVersionParserNtB5_13VersionParser14parse_versions
FNDA:1,_RNvNtNtCslT57vt6EVYU_10vx_version6parser5testss_24test_node_version_parser
FNDA:1,_RNvNtNtCslT57vt6EVYU_10vx_version6parser5testss_25test_version_parser_utils
FNDA:1,_RNvNtNtCslT57vt6EVYU_10vx_version6parser5testss_34test_github_version_parser_sorting
FNDA:1,_RNCNvMs4_NtCslT57vt6EVYU_10vx_version6parserNtB7_19GitHubVersionParser14parse_versionss0_0B9_
FNF:28
FNH:12
DA:17,0
DA:18,0
DA:19,0
DA:24,0
DA:25,0
DA:26,0
DA:29,1
DA:30,1
DA:32,1
DA:33,3
DA:34,2
DA:35,2
DA:36,2
DA:37,2
DA:38,2
DA:39,2
DA:40,2
DA:41,0
DA:42,2
DA:44,2
DA:45,2
DA:47,2
DA:48,0
DA:49,2
DA:50,2
DA:51,2
DA:52,2
DA:53,2
DA:55,2
DA:56,0
DA:58,2
DA:61,2
DA:62,2
DA:63,2
DA:65,2
DA:66,1
DA:67,1
DA:68,1
DA:69,1
DA:71,1
DA:72,1
DA:73,1
DA:74,1
DA:75,1
DA:76,1
DA:77,1
DA:79,2
DA:81,0
DA:83,1
DA:84,1
DA:88,0
DA:89,0
DA:90,0
DA:98,0
DA:99,0
DA:100,0
DA:103,0
DA:104,0
DA:106,0
DA:107,0
DA:108,0
DA:109,0
DA:110,0
DA:111,0
DA:112,0
DA:113,0
DA:114,0
DA:115,0
DA:116,0
DA:118,0
DA:119,0
DA:121,0
DA:122,0
DA:123,0
DA:124,0
DA:125,0
DA:126,0
DA:127,0
DA:128,0
DA:129,0
DA:131,0
DA:132,0
DA:134,0
DA:136,0
DA:137,0
DA:138,0
DA:139,0
DA:140,0
DA:141,0
DA:143,0
DA:145,0
DA:147,0
DA:148,0
DA:152,0
DA:153,0
DA:154,0
DA:158,0
DA:159,0
DA:160,0
DA:171,0
DA:172,0
DA:173,0
DA:174,0
DA:175,0
DA:176,0
DA:179,0
DA:180,0
DA:181,0
DA:182,0
DA:183,0
DA:184,0
DA:187,1
DA:188,1
DA:190,1
DA:191,3
DA:192,2
DA:193,2
DA:194,2
DA:195,0
DA:196,2
DA:197,2
DA:198,2
DA:199,2
DA:200,2
DA:201,0
DA:202,2
DA:203,2
DA:204,2
DA:205,2
DA:206,2
DA:207,2
DA:208,2
DA:209,2
DA:210,2
DA:211,0
DA:213,2
DA:215,2
DA:217,2
DA:218,0
DA:220,2
DA:223,2
DA:224,2
DA:225,2
DA:227,2
DA:228,2
DA:229,2
DA:231,2
DA:233,0
DA:236,1
DA:237,1
DA:238,1
DA:239,1
DA:240,1
DA:241,1
DA:242,0
DA:244,1
DA:245,1
DA:246,1
DA:247,1
DA:250,2
DA:251,2
DA:252,2
DA:253,2
DA:254,2
DA:255,0
DA:256,0
DA:257,0
DA:258,0
DA:259,2
DA:261,2
DA:262,2
DA:263,2
DA:264,0
DA:265,0
DA:266,2
DA:268,2
DA:269,2
DA:270,2
DA:271,0
DA:272,0
DA:273,2
DA:275,2
DA:276,2
DA:277,2
DA:278,0
DA:279,0
DA:280,0
DA:281,0
DA:282,0
DA:283,0
DA:284,0
DA:285,0
DA:287,2
DA:288,2
DA:289,2
DA:290,2
DA:291,0
DA:292,0
DA:293,2
DA:294,2
DA:297,0
DA:300,2
DA:301,2
DA:305,0
DA:306,0
DA:307,0
DA:314,4
DA:315,4
DA:316,3
DA:317,2
DA:318,1
DA:319,1
DA:320,1
DA:321,4
DA:324,3
DA:325,3
DA:326,5
DA:327,4
DA:328,2
DA:329,2
DA:330,2
DA:332,3
DA:333,3
DA:336,0
DA:337,0
DA:338,0
DA:339,0
DA:340,0
DA:341,0
DA:342,0
DA:343,0
DA:352,1
DA:353,1
DA:354,1
DA:355,1
DA:356,1
DA:358,1
DA:359,1
DA:360,1
DA:361,1
DA:362,1
DA:363,1
DA:364,1
DA:365,1
DA:366,1
DA:367,1
DA:370,1
DA:371,1
DA:372,1
DA:373,1
DA:374,1
DA:375,1
DA:376,1
DA:377,1
DA:378,1
DA:379,1
DA:380,1
DA:381,1
DA:382,1
DA:383,1
DA:384,1
DA:385,1
DA:386,1
DA:387,1
DA:388,1
DA:389,1
DA:392,1
DA:393,1
DA:394,1
DA:395,1
DA:396,1
DA:397,1
DA:398,1
DA:399,1
DA:400,1
DA:401,1
DA:402,1
DA:403,1
DA:404,1
DA:405,1
DA:406,1
DA:407,1
DA:408,1
DA:409,1
DA:411,1
DA:412,1
DA:413,1
BRF:0
BRH:0
LF:303
LH:186
end_of_record
SF:C:\github\vx\crates\vx-version\src\utils.rs
FN:41,_RNCNCNvMNtCslHiOO9kE60f_10vx_version5utilsNtB6_12VersionUtils15filter_lts_only00B8_
FN:38,_RNCNvMNtCslHiOO9kE60f_10vx_version5utilsNtB4_12VersionUtils15filter_lts_only0B6_
FN:26,_RNCNvMNtCslHiOO9kE60f_10vx_version5utilsNtB4_12VersionUtils18filter_stable_only0B6_
FN:11,_RNCNvMNtCslHiOO9kE60f_10vx_version5utilsNtB4_12VersionUtils18sort_versions_desc0B6_
FN:49,_RNCNvMNtCslHiOO9kE60f_10vx_version5utilsNtB4_12VersionUtils12find_version0B6_
FN:95,_RNCNvMNtCslHiOO9kE60f_10vx_version5utilsNtB4_12VersionUtils22parse_semantic_version0B6_
FN:106,_RNCNvMNtCslHiOO9kE60f_10vx_version5utilsNtB4_12VersionUtils22parse_semantic_versions0_0B6_
FN:112,_RNCNvMNtCslHiOO9kE60f_10vx_version5utilsNtB4_12VersionUtils22parse_semantic_versions1_0B6_
FN:99,_RNCNvMNtCslHiOO9kE60f_10vx_version5utilsNtB4_12VersionUtils22parse_semantic_versions_0B6_
FN:30,_RNvMNtCslHiOO9kE60f_10vx_version5utilsNtB2_12VersionUtils11take_latest
FN:48,_RNvMNtCslHiOO9kE60f_10vx_version5utilsNtB2_12VersionUtils12find_version
FN:139,_RNvMNtCslHiOO9kE60f_10vx_version5utilsNtB2_12VersionUtils12is_less_than
FN:73,_RNvMNtCslHiOO9kE60f_10vx_version5utilsNtB2_12VersionUtils13clean_version
FN:63,_RNvMNtCslHiOO9kE60f_10vx_version5utilsNtB2_12VersionUtils13is_prerelease
FN:35,_RNvMNtCslHiOO9kE60f_10vx_version5utilsNtB2_12VersionUtils15filter_lts_only
FN:134,_RNvMNtCslHiOO9kE60f_10vx_version5utilsNtB2_12VersionUtils15is_greater_than
FN:53,_RNvMNtCslHiOO9kE60f_10vx_version5utilsNtB2_12VersionUtils15matches_pattern
FN:123,_RNvMNtCslHiOO9kE60f_10vx_version5utilsNtB2_12VersionUtils16compare_versions
FN:25,_RNvMNtCslHiOO9kE60f_10vx_version5utilsNtB2_12VersionUtils18filter_stable_only
FN:10,_RNvMNtCslHiOO9kE60f_10vx_version5utilsNtB2_12VersionUtils18sort_versions_desc
FN:85,_RNvMNtCslHiOO9kE60f_10vx_version5utilsNtB2_12VersionUtils22parse_semantic_version
FN:144,_RNvMNtCslHiOO9kE60f_10vx_version5utilsNtB2_12VersionUtils8is_equal
FN:26,_RNCNvMNtCslT57vt6EVYU_10vx_version5utilsNtB4_12VersionUtils18filter_stable_only0B6_
FN:41,_RNCNCNvMNtCslT57vt6EVYU_10vx_version5utilsNtB6_12VersionUtils15filter_lts_only00B8_
FN:49,_RNCNvMNtCslT57vt6EVYU_10vx_version5utilsNtB4_12VersionUtils12find_version0B6_
FN:38,_RNCNvMNtCslT57vt6EVYU_10vx_version5utilsNtB4_12VersionUtils15filter_lts_only0B6_
FN:11,_RNCNvMNtCslT57vt6EVYU_10vx_version5utilsNtB4_12VersionUtils18sort_versions_desc0B6_
FN:30,_RNvMNtCslT57vt6EVYU_10vx_version5utilsNtB2_12VersionUtils11take_latest
FN:48,_RNvMNtCslT57vt6EVYU_10vx_version5utilsNtB2_12VersionUtils12find_version
FN:35,_RNvMNtCslT57vt6EVYU_10vx_version5utilsNtB2_12VersionUtils15filter_lts_only
FN:10,_RNvMNtCslT57vt6EVYU_10vx_version5utilsNtB2_12VersionUtils18sort_versions_desc
FN:95,_RNCNvMNtCslT57vt6EVYU_10vx_version5utilsNtB4_12VersionUtils22parse_semantic_version0B6_
FN:106,_RNCNvMNtCslT57vt6EVYU_10vx_version5utilsNtB4_12VersionUtils22parse_semantic_versions0_0B6_
FN:112,_RNCNvMNtCslT57vt6EVYU_10vx_version5utilsNtB4_12VersionUtils22parse_semantic_versions1_0B6_
FN:99,_RNCNvMNtCslT57vt6EVYU_10vx_version5utilsNtB4_12VersionUtils22parse_semantic_versions_0B6_
FN:139,_RNvMNtCslT57vt6EVYU_10vx_version5utilsNtB2_12VersionUtils12is_less_than
FN:73,_RNvMNtCslT57vt6EVYU_10vx_version5utilsNtB2_12VersionUtils13clean_version
FN:63,_RNvMNtCslT57vt6EVYU_10vx_version5utilsNtB2_12VersionUtils13is_prerelease
FN:134,_RNvMNtCslT57vt6EVYU_10vx_version5utilsNtB2_12VersionUtils15is_greater_than
FN:53,_RNvMNtCslT57vt6EVYU_10vx_version5utilsNtB2_12VersionUtils15matches_pattern
FN:123,_RNvMNtCslT57vt6EVYU_10vx_version5utilsNtB2_12VersionUtils16compare_versions
FN:25,_RNvMNtCslT57vt6EVYU_10vx_version5utilsNtB2_12VersionUtils18filter_stable_only
FN:85,_RNvMNtCslT57vt6EVYU_10vx_version5utilsNtB2_12VersionUtils22parse_semantic_version
FN:144,_RNvMNtCslT57vt6EVYU_10vx_version5utilsNtB2_12VersionUtils8is_equal
FN:154,_RNvNtNtCslT57vt6EVYU_10vx_version5utils5testss_18test_version_utils
FN:176,_RNvNtNtCslT57vt6EVYU_10vx_version5utils5testss_20test_matches_pattern
FN:185,_RNvNtNtCslT57vt6EVYU_10vx_version5utils5testss_23test_filter_stable_only
FN:166,_RNvNtNtCslT57vt6EVYU_10vx_version5utils5testss_23test_version_comparison
FNDA:0,_RNCNCNvMNtCslHiOO9kE60f_10vx_version5utilsNtB6_12VersionUtils15filter_lts_only00B8_
FNDA:0,_RNCNvMNtCslHiOO9kE60f_10vx_version5utilsNtB4_12VersionUtils15filter_lts_only0B6_
FNDA:0,_RNCNvMNtCslHiOO9kE60f_10vx_version5utilsNtB4_12VersionUtils18filter_stable_only0B6_
FNDA:0,_RNCNvMNtCslHiOO9kE60f_10vx_version5utilsNtB4_12VersionUtils18sort_versions_desc0B6_
FNDA:0,_RNCNvMNtCslHiOO9kE60f_10vx_version5utilsNtB4_12VersionUtils12find_version0B6_
FNDA:0,_RNCNvMNtCslHiOO9kE60f_10vx_version5utilsNtB4_12VersionUtils22parse_semantic_version0B6_
FNDA:0,_RNCNvMNtCslHiOO9kE60f_10vx_version5utilsNtB4_12VersionUtils22parse_semantic_versions0_0B6_
FNDA:0,_RNCNvMNtCslHiOO9kE60f_10vx_version5utilsNtB4_12VersionUtils22parse_semantic_versions1_0B6_
FNDA:0,_RNCNvMNtCslHiOO9kE60f_10vx_version5utilsNtB4_12VersionUtils22parse_semantic_versions_0B6_
FNDA:0,_RNvMNtCslHiOO9kE60f_10vx_version5utilsNtB2_12VersionUtils11take_latest
FNDA:0,_RNvMNtCslHiOO9kE60f_10vx_version5utilsNtB2_12VersionUtils12find_version
FNDA:0,_RNvMNtCslHiOO9kE60f_10vx_version5utilsNtB2_12VersionUtils12is_less_than
FNDA:0,_RNvMNtCslHiOO9kE60f_10vx_version5utilsNtB2_12VersionUtils13clean_version
FNDA:0,_RNvMNtCslHiOO9kE60f_10vx_version5utilsNtB2_12VersionUtils13is_prerelease
FNDA:0,_RNvMNtCslHiOO9kE60f_10vx_version5utilsNtB2_12VersionUtils15filter_lts_only
FNDA:0,_RNvMNtCslHiOO9kE60f_10vx_version5utilsNtB2_12VersionUtils15is_greater_than
FNDA:0,_RNvMNtCslHiOO9kE60f_10vx_version5utilsNtB2_12VersionUtils15matches_pattern
FNDA:0,_RNvMNtCslHiOO9kE60f_10vx_version5utilsNtB2_12VersionUtils16compare_versions
FNDA:0,_RNvMNtCslHiOO9kE60f_10vx_version5utilsNtB2_12VersionUtils18filter_stable_only
FNDA:0,_RNvMNtCslHiOO9kE60f_10vx_version5utilsNtB2_12VersionUtils18sort_versions_desc
FNDA:0,_RNvMNtCslHiOO9kE60f_10vx_version5utilsNtB2_12VersionUtils22parse_semantic_version
FNDA:0,_RNvMNtCslHiOO9kE60f_10vx_version5utilsNtB2_12VersionUtils8is_equal
FNDA:3,_RNCNvMNtCslT57vt6EVYU_10vx_version5utilsNtB4_12VersionUtils18filter_stable_only0B6_
FNDA:0,_RNCNCNvMNtCslT57vt6EVYU_10vx_version5utilsNtB6_12VersionUtils15filter_lts_only00B8_
FNDA:0,_RNCNvMNtCslT57vt6EVYU_10vx_version5utilsNtB4_12VersionUtils12find_version0B6_
FNDA:0,_RNCNvMNtCslT57vt6EVYU_10vx_version5utilsNtB4_12VersionUtils15filter_lts_only0B6_
FNDA:0,_RNCNvMNtCslT57vt6EVYU_10vx_version5utilsNtB4_12VersionUtils18sort_versions_desc0B6_
FNDA:0,_RNvMNtCslT57vt6EVYU_10vx_version5utilsNtB2_12VersionUtils11take_latest
FNDA:0,_RNvMNtCslT57vt6EVYU_10vx_version5utilsNtB2_12VersionUtils12find_version
FNDA:0,_RNvMNtCslT57vt6EVYU_10vx_version5utilsNtB2_12VersionUtils15filter_lts_only
FNDA:0,_RNvMNtCslT57vt6EVYU_10vx_version5utilsNtB2_12VersionUtils18sort_versions_desc
FNDA:0,_RNCNvMNtCslT57vt6EVYU_10vx_version5utilsNtB4_12VersionUtils22parse_semantic_version0B6_
FNDA:0,_RNCNvMNtCslT57vt6EVYU_10vx_version5utilsNtB4_12VersionUtils22parse_semantic_versions0_0B6_
FNDA:0,_RNCNvMNtCslT57vt6EVYU_10vx_version5utilsNtB4_12VersionUtils22parse_semantic_versions1_0B6_
FNDA:0,_RNCNvMNtCslT57vt6EVYU_10vx_version5utilsNtB4_12VersionUtils22parse_semantic_versions_0B6_
FNDA:1,_RNvMNtCslT57vt6EVYU_10vx_version5utilsNtB2_12VersionUtils12is_less_than
FNDA:3,_RNvMNtCslT57vt6EVYU_10vx_version5utilsNtB2_12VersionUtils13clean_version
FNDA:6,_RNvMNtCslT57vt6EVYU_10vx_version5utilsNtB2_12VersionUtils13is_prerelease
FNDA:3,_RNvMNtCslT57vt6EVYU_10vx_version5utilsNtB2_12VersionUtils15is_greater_than
FNDA:5,_RNvMNtCslT57vt6EVYU_10vx_version5utilsNtB2_12VersionUtils15matches_pattern
FNDA:5,_RNvMNtCslT57vt6EVYU_10vx_version5utilsNtB2_12VersionUtils16compare_versions
FNDA:1,_RNvMNtCslT57vt6EVYU_10vx_version5utilsNtB2_12VersionUtils18filter_stable_only
FNDA:10,_RNvMNtCslT57vt6EVYU_10vx_version5utilsNtB2_12VersionUtils22parse_semantic_version
FNDA:1,_RNvMNtCslT57vt6EVYU_10vx_version5utilsNtB2_12VersionUtils8is_equal
FNDA:1,_RNvNtNtCslT57vt6EVYU_10vx_version5utils5testss_18test_version_utils
FNDA:1,_RNvNtNtCslT57vt6EVYU_10vx_version5utils5testss_20test_matches_pattern
FNDA:1,_RNvNtNtCslT57vt6EVYU_10vx_version5utils5testss_23test_filter_stable_only
FNDA:1,_RNvNtNtCslT57vt6EVYU_10vx_version5utils5testss_23test_version_comparison
FNF:26
FNH:14
DA:10,0
DA:11,0
DA:12,0
DA:13,0
DA:14,0
DA:15,0
DA:17,0
DA:18,0
DA:20,0
DA:21,0
DA:22,0
DA:25,1
DA:26,3
DA:27,1
DA:30,0
DA:31,0
DA:32,0
DA:35,0
DA:36,0
DA:37,0
DA:38,0
DA:39,0
DA:40,0
DA:41,0
DA:42,0
DA:43,0
DA:44,0
DA:45,0
DA:48,0
DA:49,0
DA:50,0
DA:53,5
DA:54,5
DA:55,5
DA:56,4
DA:57,2
DA:58,2
DA:60,5
DA:63,6
DA:64,6
DA:65,4
DA:66,3
DA:67,2
DA:68,2
DA:69,2
DA:70,6
DA:73,3
DA:74,3
DA:75,5
DA:76,4
DA:77,2
DA:78,2
DA:79,2
DA:81,3
DA:82,3
DA:85,10
DA:86,10
DA:87,10
DA:88,10
DA:89,10
DA:90,0
DA:91,10
DA:93,10
DA:94,10
DA:95,10
DA:97,10
DA:98,10
DA:99,10
DA:101,10
DA:102,10
DA:103,10
DA:104,0
DA:105,0
DA:106,0
DA:107,0
DA:108,0
DA:110,10
DA:111,10
DA:112,10
DA:113,10
DA:116,0
DA:119,10
DA:120,10
DA:123,5
DA:124,5
DA:125,5
DA:126,5
DA:128,5
DA:129,0
DA:131,5
DA:134,3
DA:135,3
DA:136,3
DA:139,1
DA:140,1
DA:141,1
DA:144,1
DA:145,1
DA:146,1
DA:154,1
DA:155,1
DA:156,1
DA:157,1
DA:158,1
DA:160,1
DA:161,1
DA:162,1
DA:163,1
DA:166,1
DA:167,1
DA:168,1
DA:169,1
DA:171,1
DA:172,1
DA:173,1
DA:176,1
DA:177,1
DA:178,1
DA:179,1
DA:180,1
DA:181,1
DA:182,1
DA:185,1
DA:186,1
DA:187,1
DA:188,1
DA:189,1
DA:190,1
DA:191,1
DA:192,1
DA:193,1
DA:194,1
DA:195,1
DA:196,1
BRF:0
BRH:0
LF:145
LH:99
end_of_record
SF:C:\github\vx\src\main.rs
FN:6,_RNCNvCsbpcW2vwsrcB_2vx4main0B3_
FN:6,_RNvCsbpcW2vwsrcB_2vx4main
FN:6,_RNvCsd8tJAr5sLQg_2vx4main
FN:6,_RNCNvCsd8tJAr5sLQg_2vx4main0B3_
FNDA:0,_RNCNvCsbpcW2vwsrcB_2vx4main0B3_
FNDA:0,_RNvCsbpcW2vwsrcB_2vx4main
FNDA:14,_RNvCsd8tJAr5sLQg_2vx4main
FNDA:14,_RNCNvCsd8tJAr5sLQg_2vx4main0B3_
FNF:2
FNH:2
DA:6,14
DA:7,14
DA:8,14
BRF:0
BRH:0
LF:5
LH:5
end_of_record
