SF:C:\github\mcpx\src\cli\commands.rs
FN:11,_RNCNvMNtNtCse561JCZuupE_2vx3cli8commandsNtB4_14CommandHandler6handle0B8_
FN:11,_RNvMNtNtCse561JCZuupE_2vx3cli8commandsNtB2_14CommandHandler6handle
FN:11,_RNCNvMNtNtCs8vv7mWF5ug8_2vx3cli8commandsNtB4_14CommandHandler6handle0CsgEqbR8KZSOZ_2vx
FN:11,_RNvMNtNtCs8vv7mWF5ug8_2vx3cli8commandsNtB2_14CommandHandler6handle
FNDA:0,_RNCNvMNtNtCse561JCZuupE_2vx3cli8commandsNtB4_14CommandHandler6handle0B8_
FNDA:0,_RNvMNtNtCse561JCZuupE_2vx3cli8commandsNtB2_14CommandHandler6handle
FNDA:0,_RNCNvMNtNtCs8vv7mWF5ug8_2vx3cli8commandsNtB4_14CommandHandler6handle0CsgEqbR8KZSOZ_2vx
FNDA:0,_RNvMNtNtCs8vv7mWF5ug8_2vx3cli8commandsNtB2_14CommandHandler6handle
FNF:2
FNH:0
DA:11,0
DA:12,0
DA:13,0
DA:15,0
DA:16,0
DA:18,0
DA:21,0
DA:22,0
DA:23,0
DA:24,0
DA:26,0
DA:27,0
DA:31,0
DA:32,0
DA:33,0
DA:34,0
DA:36,0
DA:39,0
DA:40,0
DA:41,0
DA:42,0
DA:43,0
DA:44,0
DA:46,0
DA:49,0
DA:50,0
DA:51,0
DA:53,0
DA:55,0
DA:57,0
DA:59,0
DA:61,0
DA:63,0
DA:64,0
DA:65,0
DA:70,0
DA:71,0
DA:72,0
DA:73,0
DA:74,0
DA:75,0
DA:76,0
DA:77,0
DA:78,0
DA:79,0
DA:82,0
DA:83,0
DA:84,0
DA:85,0
DA:86,0
DA:87,0
DA:88,0
DA:91,0
BRF:0
BRH:0
LF:54
LH:0
end_of_record
SF:C:\github\mcpx\src\cli\config.rs
FN:36,_RNCNCNvNtNtCse561JCZuupE_2vx3cli6config11show_config00B9_
FN:56,_RNCNvNtNtCse561JCZuupE_2vx3cli6config10get_config0B7_
FN:51,_RNCNvNtNtCse561JCZuupE_2vx3cli6config10set_config0B7_
FN:66,_RNCNvNtNtCse561JCZuupE_2vx3cli6config11edit_config0B7_
FN:17,_RNCNvNtNtCse561JCZuupE_2vx3cli6config11handle_init0B7_
FN:33,_RNCNvNtNtCse561JCZuupE_2vx3cli6config11show_config0B7_
FN:61,_RNCNvNtNtCse561JCZuupE_2vx3cli6config12reset_config0B7_
FN:7,_RNCNvNtNtCse561JCZuupE_2vx3cli6config6handle0B7_
FN:56,_RNvNtNtCse561JCZuupE_2vx3cli6config10get_config
FN:51,_RNvNtNtCse561JCZuupE_2vx3cli6config10set_config
FN:66,_RNvNtNtCse561JCZuupE_2vx3cli6config11edit_config
FN:17,_RNvNtNtCse561JCZuupE_2vx3cli6config11handle_init
FN:33,_RNvNtNtCse561JCZuupE_2vx3cli6config11show_config
FN:61,_RNvNtNtCse561JCZuupE_2vx3cli6config12reset_config
FN:71,_RNvNtNtCse561JCZuupE_2vx3cli6config23generate_default_config
FN:87,_RNvNtNtCse561JCZuupE_2vx3cli6config24generate_template_config
FN:7,_RNvNtNtCse561JCZuupE_2vx3cli6config6handle
FN:36,_RNCNCNvNtNtCs8vv7mWF5ug8_2vx3cli6config11show_config00CsgEqbR8KZSOZ_2vx
FN:56,_RNCNvNtNtCs8vv7mWF5ug8_2vx3cli6config10get_config0CsgEqbR8KZSOZ_2vx
FN:51,_RNCNvNtNtCs8vv7mWF5ug8_2vx3cli6config10set_config0CsgEqbR8KZSOZ_2vx
FN:66,_RNCNvNtNtCs8vv7mWF5ug8_2vx3cli6config11edit_config0CsgEqbR8KZSOZ_2vx
FN:17,_RNCNvNtNtCs8vv7mWF5ug8_2vx3cli6config11handle_init0CsgEqbR8KZSOZ_2vx
FN:33,_RNCNvNtNtCs8vv7mWF5ug8_2vx3cli6config11show_config0CsgEqbR8KZSOZ_2vx
FN:61,_RNCNvNtNtCs8vv7mWF5ug8_2vx3cli6config12reset_config0CsgEqbR8KZSOZ_2vx
FN:7,_RNCNvNtNtCs8vv7mWF5ug8_2vx3cli6config6handle0CsgEqbR8KZSOZ_2vx
FN:56,_RNvNtNtCs8vv7mWF5ug8_2vx3cli6config10get_config
FN:51,_RNvNtNtCs8vv7mWF5ug8_2vx3cli6config10set_config
FN:66,_RNvNtNtCs8vv7mWF5ug8_2vx3cli6config11edit_config
FN:17,_RNvNtNtCs8vv7mWF5ug8_2vx3cli6config11handle_init
FN:33,_RNvNtNtCs8vv7mWF5ug8_2vx3cli6config11show_config
FN:61,_RNvNtNtCs8vv7mWF5ug8_2vx3cli6config12reset_config
FN:71,_RNvNtNtCs8vv7mWF5ug8_2vx3cli6config23generate_default_config
FN:87,_RNvNtNtCs8vv7mWF5ug8_2vx3cli6config24generate_template_config
FN:7,_RNvNtNtCs8vv7mWF5ug8_2vx3cli6config6handle
FNDA:0,_RNCNCNvNtNtCse561JCZuupE_2vx3cli6config11show_config00B9_
FNDA:0,_RNCNvNtNtCse561JCZuupE_2vx3cli6config10get_config0B7_
FNDA:0,_RNCNvNtNtCse561JCZuupE_2vx3cli6config10set_config0B7_
FNDA:0,_RNCNvNtNtCse561JCZuupE_2vx3cli6config11edit_config0B7_
FNDA:0,_RNCNvNtNtCse561JCZuupE_2vx3cli6config11handle_init0B7_
FNDA:0,_RNCNvNtNtCse561JCZuupE_2vx3cli6config11show_config0B7_
FNDA:0,_RNCNvNtNtCse561JCZuupE_2vx3cli6config12reset_config0B7_
FNDA:0,_RNCNvNtNtCse561JCZuupE_2vx3cli6config6handle0B7_
FNDA:0,_RNvNtNtCse561JCZuupE_2vx3cli6config10get_config
FNDA:0,_RNvNtNtCse561JCZuupE_2vx3cli6config10set_config
FNDA:0,_RNvNtNtCse561JCZuupE_2vx3cli6config11edit_config
FNDA:0,_RNvNtNtCse561JCZuupE_2vx3cli6config11handle_init
FNDA:0,_RNvNtNtCse561JCZuupE_2vx3cli6config11show_config
FNDA:0,_RNvNtNtCse561JCZuupE_2vx3cli6config12reset_config
FNDA:0,_RNvNtNtCse561JCZuupE_2vx3cli6config23generate_default_config
FNDA:0,_RNvNtNtCse561JCZuupE_2vx3cli6config24generate_template_config
FNDA:0,_RNvNtNtCse561JCZuupE_2vx3cli6config6handle
FNDA:0,_RNCNCNvNtNtCs8vv7mWF5ug8_2vx3cli6config11show_config00CsgEqbR8KZSOZ_2vx
FNDA:0,_RNCNvNtNtCs8vv7mWF5ug8_2vx3cli6config10get_config0CsgEqbR8KZSOZ_2vx
FNDA:0,_RNCNvNtNtCs8vv7mWF5ug8_2vx3cli6config10set_config0CsgEqbR8KZSOZ_2vx
FNDA:0,_RNCNvNtNtCs8vv7mWF5ug8_2vx3cli6config11edit_config0CsgEqbR8KZSOZ_2vx
FNDA:0,_RNCNvNtNtCs8vv7mWF5ug8_2vx3cli6config11handle_init0CsgEqbR8KZSOZ_2vx
FNDA:0,_RNCNvNtNtCs8vv7mWF5ug8_2vx3cli6config11show_config0CsgEqbR8KZSOZ_2vx
FNDA:0,_RNCNvNtNtCs8vv7mWF5ug8_2vx3cli6config12reset_config0CsgEqbR8KZSOZ_2vx
FNDA:0,_RNCNvNtNtCs8vv7mWF5ug8_2vx3cli6config6handle0CsgEqbR8KZSOZ_2vx
FNDA:0,_RNvNtNtCs8vv7mWF5ug8_2vx3cli6config10get_config
FNDA:0,_RNvNtNtCs8vv7mWF5ug8_2vx3cli6config10set_config
FNDA:0,_RNvNtNtCs8vv7mWF5ug8_2vx3cli6config11edit_config
FNDA:0,_RNvNtNtCs8vv7mWF5ug8_2vx3cli6config11handle_init
FNDA:0,_RNvNtNtCs8vv7mWF5ug8_2vx3cli6config11show_config
FNDA:0,_RNvNtNtCs8vv7mWF5ug8_2vx3cli6config12reset_config
FNDA:0,_RNvNtNtCs8vv7mWF5ug8_2vx3cli6config23generate_default_config
FNDA:0,_RNvNtNtCs8vv7mWF5ug8_2vx3cli6config24generate_template_config
FNDA:0,_RNvNtNtCs8vv7mWF5ug8_2vx3cli6config6handle
FNF:17
FNH:0
DA:7,0
DA:8,0
DA:9,0
DA:10,0
DA:11,0
DA:12,0
DA:13,0
DA:15,0
DA:17,0
DA:18,0
DA:20,0
DA:21,0
DA:23,0
DA:26,0
DA:27,0
DA:28,0
DA:29,0
DA:30,0
DA:31,0
DA:33,0
DA:34,0
DA:35,0
DA:36,0
DA:37,0
DA:38,0
DA:39,0
DA:40,0
DA:41,0
DA:43,0
DA:44,0
DA:45,0
DA:46,0
DA:48,0
DA:49,0
DA:51,0
DA:52,0
DA:53,0
DA:54,0
DA:56,0
DA:57,0
DA:58,0
DA:59,0
DA:61,0
DA:62,0
DA:63,0
DA:64,0
DA:66,0
DA:67,0
DA:68,0
DA:69,0
DA:71,0
DA:72,0
DA:73,0
DA:74,0
DA:75,0
DA:76,0
DA:77,0
DA:78,0
DA:79,0
DA:80,0
DA:81,0
DA:84,0
DA:85,0
DA:87,0
DA:88,0
DA:89,0
DA:90,0
DA:91,0
DA:92,0
DA:93,0
DA:94,0
DA:95,0
DA:96,0
DA:97,0
DA:98,0
DA:99,0
DA:100,0
DA:101,0
DA:102,0
DA:103,0
DA:104,0
DA:105,0
DA:106,0
DA:108,0
DA:112,0
DA:113,0
DA:114,0
DA:116,0
DA:117,0
BRF:0
BRH:0
LF:97
LH:0
end_of_record
SF:C:\github\mcpx\src\cli\fetch.rs
FN:54,_RNCNCNCNCNCNvNtNtCse561JCZuupE_2vx3cli5fetch6handle00s_000Bf_
FN:49,_RNCNCNCNCNvNtNtCse561JCZuupE_2vx3cli5fetch6handle00s_00Bd_
FN:217,_RNCNCNCNvNtNtCse561JCZuupE_2vx3cli5fetch28handle_interactive_selection000Bb_
FN:396,_RNCNCNvNtNtCse561JCZuupE_2vx3cli5fetch17fetch_uv_versions00B9_
FN:398,_RNCNCNvNtNtCse561JCZuupE_2vx3cli5fetch17fetch_uv_versions0s_0B9_
FN:165,_RNCNCNvNtNtCse561JCZuupE_2vx3cli5fetch21display_versions_list00B9_
FN:206,_RNCNCNvNtNtCse561JCZuupE_2vx3cli5fetch28handle_interactive_selection00B9_
FN:441,_RNCNvNtNtCse561JCZuupE_2vx3cli5fetch17fetch_go_versions0B7_
FN:370,_RNCNvNtNtCse561JCZuupE_2vx3cli5fetch17fetch_uv_versions0B7_
FN:343,_RNCNvNtNtCse561JCZuupE_2vx3cli5fetch18get_active_version0B7_
FN:420,_RNCNvNtNtCse561JCZuupE_2vx3cli5fetch19fetch_node_versions0B7_
FN:462,_RNCNvNtNtCse561JCZuupE_2vx3cli5fetch19fetch_rust_versions0B7_
FN:321,_RNCNvNtNtCse561JCZuupE_2vx3cli5fetch19fetch_tool_versions0B7_
FN:90,_RNCNvNtNtCse561JCZuupE_2vx3cli5fetch21display_versions_list0B7_
FN:483,_RNCNvNtNtCse561JCZuupE_2vx3cli5fetch21fetch_python_versions0B7_
FN:198,_RNCNvNtNtCse561JCZuupE_2vx3cli5fetch28handle_interactive_selection0B7_
FN:17,_RNCNvNtNtCse561JCZuupE_2vx3cli5fetch6handle0B7_
FN:441,_RNvNtNtCse561JCZuupE_2vx3cli5fetch17fetch_go_versions
FN:370,_RNvNtNtCse561JCZuupE_2vx3cli5fetch17fetch_uv_versions
FN:343,_RNvNtNtCse561JCZuupE_2vx3cli5fetch18get_active_version
FN:420,_RNvNtNtCse561JCZuupE_2vx3cli5fetch19fetch_node_versions
FN:462,_RNvNtNtCse561JCZuupE_2vx3cli5fetch19fetch_rust_versions
FN:321,_RNvNtNtCse561JCZuupE_2vx3cli5fetch19fetch_tool_versions
FN:84,_RNvNtNtCse561JCZuupE_2vx3cli5fetch21display_versions_list
FN:483,_RNvNtNtCse561JCZuupE_2vx3cli5fetch21fetch_python_versions
FN:193,_RNvNtNtCse561JCZuupE_2vx3cli5fetch28handle_interactive_selection
FN:11,_RNvNtNtCse561JCZuupE_2vx3cli5fetch6handle
FN:54,_RNCNCNCNCNCNvNtNtCs8vv7mWF5ug8_2vx3cli5fetch6handle00s_000CsgEqbR8KZSOZ_2vx
FN:217,_RNCNCNCNvNtNtCs8vv7mWF5ug8_2vx3cli5fetch28handle_interactive_selection000CsgEqbR8KZSOZ_2vx
FN:206,_RNCNCNvNtNtCs8vv7mWF5ug8_2vx3cli5fetch28handle_interactive_selection00CsgEqbR8KZSOZ_2vx
FN:49,_RNCNCNCNCNvNtNtCs8vv7mWF5ug8_2vx3cli5fetch6handle00s_00CsgEqbR8KZSOZ_2vx
FN:396,_RNCNCNvNtNtCs8vv7mWF5ug8_2vx3cli5fetch17fetch_uv_versions00CsgEqbR8KZSOZ_2vx
FN:398,_RNCNCNvNtNtCs8vv7mWF5ug8_2vx3cli5fetch17fetch_uv_versions0s_0CsgEqbR8KZSOZ_2vx
FN:165,_RNCNCNvNtNtCs8vv7mWF5ug8_2vx3cli5fetch21display_versions_list00CsgEqbR8KZSOZ_2vx
FN:441,_RNCNvNtNtCs8vv7mWF5ug8_2vx3cli5fetch17fetch_go_versions0CsgEqbR8KZSOZ_2vx
FN:370,_RNCNvNtNtCs8vv7mWF5ug8_2vx3cli5fetch17fetch_uv_versions0CsgEqbR8KZSOZ_2vx
FN:343,_RNCNvNtNtCs8vv7mWF5ug8_2vx3cli5fetch18get_active_version0CsgEqbR8KZSOZ_2vx
FN:420,_RNCNvNtNtCs8vv7mWF5ug8_2vx3cli5fetch19fetch_node_versions0CsgEqbR8KZSOZ_2vx
FN:462,_RNCNvNtNtCs8vv7mWF5ug8_2vx3cli5fetch19fetch_rust_versions0CsgEqbR8KZSOZ_2vx
FN:321,_RNCNvNtNtCs8vv7mWF5ug8_2vx3cli5fetch19fetch_tool_versions0CsgEqbR8KZSOZ_2vx
FN:90,_RNCNvNtNtCs8vv7mWF5ug8_2vx3cli5fetch21display_versions_list0CsgEqbR8KZSOZ_2vx
FN:483,_RNCNvNtNtCs8vv7mWF5ug8_2vx3cli5fetch21fetch_python_versions0CsgEqbR8KZSOZ_2vx
FN:198,_RNCNvNtNtCs8vv7mWF5ug8_2vx3cli5fetch28handle_interactive_selection0CsgEqbR8KZSOZ_2vx
FN:17,_RNCNvNtNtCs8vv7mWF5ug8_2vx3cli5fetch6handle0CsgEqbR8KZSOZ_2vx
FN:441,_RNvNtNtCs8vv7mWF5ug8_2vx3cli5fetch17fetch_go_versions
FN:370,_RNvNtNtCs8vv7mWF5ug8_2vx3cli5fetch17fetch_uv_versions
FN:343,_RNvNtNtCs8vv7mWF5ug8_2vx3cli5fetch18get_active_version
FN:420,_RNvNtNtCs8vv7mWF5ug8_2vx3cli5fetch19fetch_node_versions
FN:462,_RNvNtNtCs8vv7mWF5ug8_2vx3cli5fetch19fetch_rust_versions
FN:321,_RNvNtNtCs8vv7mWF5ug8_2vx3cli5fetch19fetch_tool_versions
FN:84,_RNvNtNtCs8vv7mWF5ug8_2vx3cli5fetch21display_versions_list
FN:483,_RNvNtNtCs8vv7mWF5ug8_2vx3cli5fetch21fetch_python_versions
FN:193,_RNvNtNtCs8vv7mWF5ug8_2vx3cli5fetch28handle_interactive_selection
FN:11,_RNvNtNtCs8vv7mWF5ug8_2vx3cli5fetch6handle
FNDA:0,_RNCNCNCNCNCNvNtNtCse561JCZuupE_2vx3cli5fetch6handle00s_000Bf_
FNDA:0,_RNCNCNCNCNvNtNtCse561JCZuupE_2vx3cli5fetch6handle00s_00Bd_
FNDA:0,_RNCNCNCNvNtNtCse561JCZuupE_2vx3cli5fetch28handle_interactive_selection000Bb_
FNDA:0,_RNCNCNvNtNtCse561JCZuupE_2vx3cli5fetch17fetch_uv_versions00B9_
FNDA:0,_RNCNCNvNtNtCse561JCZuupE_2vx3cli5fetch17fetch_uv_versions0s_0B9_
FNDA:0,_RNCNCNvNtNtCse561JCZuupE_2vx3cli5fetch21display_versions_list00B9_
FNDA:0,_RNCNCNvNtNtCse561JCZuupE_2vx3cli5fetch28handle_interactive_selection00B9_
FNDA:0,_RNCNvNtNtCse561JCZuupE_2vx3cli5fetch17fetch_go_versions0B7_
FNDA:0,_RNCNvNtNtCse561JCZuupE_2vx3cli5fetch17fetch_uv_versions0B7_
FNDA:0,_RNCNvNtNtCse561JCZuupE_2vx3cli5fetch18get_active_version0B7_
FNDA:0,_RNCNvNtNtCse561JCZuupE_2vx3cli5fetch19fetch_node_versions0B7_
FNDA:0,_RNCNvNtNtCse561JCZuupE_2vx3cli5fetch19fetch_rust_versions0B7_
FNDA:0,_RNCNvNtNtCse561JCZuupE_2vx3cli5fetch19fetch_tool_versions0B7_
FNDA:0,_RNCNvNtNtCse561JCZuupE_2vx3cli5fetch21display_versions_list0B7_
FNDA:0,_RNCNvNtNtCse561JCZuupE_2vx3cli5fetch21fetch_python_versions0B7_
FNDA:0,_RNCNvNtNtCse561JCZuupE_2vx3cli5fetch28handle_interactive_selection0B7_
FNDA:0,_RNCNvNtNtCse561JCZuupE_2vx3cli5fetch6handle0B7_
FNDA:0,_RNvNtNtCse561JCZuupE_2vx3cli5fetch17fetch_go_versions
FNDA:0,_RNvNtNtCse561JCZuupE_2vx3cli5fetch17fetch_uv_versions
FNDA:0,_RNvNtNtCse561JCZuupE_2vx3cli5fetch18get_active_version
FNDA:0,_RNvNtNtCse561JCZuupE_2vx3cli5fetch19fetch_node_versions
FNDA:0,_RNvNtNtCse561JCZuupE_2vx3cli5fetch19fetch_rust_versions
FNDA:0,_RNvNtNtCse561JCZuupE_2vx3cli5fetch19fetch_tool_versions
FNDA:0,_RNvNtNtCse561JCZuupE_2vx3cli5fetch21display_versions_list
FNDA:0,_RNvNtNtCse561JCZuupE_2vx3cli5fetch21fetch_python_versions
FNDA:0,_RNvNtNtCse561JCZuupE_2vx3cli5fetch28handle_interactive_selection
FNDA:0,_RNvNtNtCse561JCZuupE_2vx3cli5fetch6handle
FNDA:0,_RNCNCNCNCNCNvNtNtCs8vv7mWF5ug8_2vx3cli5fetch6handle00s_000CsgEqbR8KZSOZ_2vx
FNDA:0,_RNCNCNCNvNtNtCs8vv7mWF5ug8_2vx3cli5fetch28handle_interactive_selection000CsgEqbR8KZSOZ_2vx
FNDA:0,_RNCNCNvNtNtCs8vv7mWF5ug8_2vx3cli5fetch28handle_interactive_selection00CsgEqbR8KZSOZ_2vx
FNDA:0,_RNCNCNCNCNvNtNtCs8vv7mWF5ug8_2vx3cli5fetch6handle00s_00CsgEqbR8KZSOZ_2vx
FNDA:0,_RNCNCNvNtNtCs8vv7mWF5ug8_2vx3cli5fetch17fetch_uv_versions00CsgEqbR8KZSOZ_2vx
FNDA:0,_RNCNCNvNtNtCs8vv7mWF5ug8_2vx3cli5fetch17fetch_uv_versions0s_0CsgEqbR8KZSOZ_2vx
FNDA:0,_RNCNCNvNtNtCs8vv7mWF5ug8_2vx3cli5fetch21display_versions_list00CsgEqbR8KZSOZ_2vx
FNDA:0,_RNCNvNtNtCs8vv7mWF5ug8_2vx3cli5fetch17fetch_go_versions0CsgEqbR8KZSOZ_2vx
FNDA:0,_RNCNvNtNtCs8vv7mWF5ug8_2vx3cli5fetch17fetch_uv_versions0CsgEqbR8KZSOZ_2vx
FNDA:0,_RNCNvNtNtCs8vv7mWF5ug8_2vx3cli5fetch18get_active_version0CsgEqbR8KZSOZ_2vx
FNDA:0,_RNCNvNtNtCs8vv7mWF5ug8_2vx3cli5fetch19fetch_node_versions0CsgEqbR8KZSOZ_2vx
FNDA:0,_RNCNvNtNtCs8vv7mWF5ug8_2vx3cli5fetch19fetch_rust_versions0CsgEqbR8KZSOZ_2vx
FNDA:0,_RNCNvNtNtCs8vv7mWF5ug8_2vx3cli5fetch19fetch_tool_versions0CsgEqbR8KZSOZ_2vx
FNDA:0,_RNCNvNtNtCs8vv7mWF5ug8_2vx3cli5fetch21display_versions_list0CsgEqbR8KZSOZ_2vx
FNDA:0,_RNCNvNtNtCs8vv7mWF5ug8_2vx3cli5fetch21fetch_python_versions0CsgEqbR8KZSOZ_2vx
FNDA:0,_RNCNvNtNtCs8vv7mWF5ug8_2vx3cli5fetch28handle_interactive_selection0CsgEqbR8KZSOZ_2vx
FNDA:0,_RNCNvNtNtCs8vv7mWF5ug8_2vx3cli5fetch6handle0CsgEqbR8KZSOZ_2vx
FNDA:0,_RNvNtNtCs8vv7mWF5ug8_2vx3cli5fetch17fetch_go_versions
FNDA:0,_RNvNtNtCs8vv7mWF5ug8_2vx3cli5fetch17fetch_uv_versions
FNDA:0,_RNvNtNtCs8vv7mWF5ug8_2vx3cli5fetch18get_active_version
FNDA:0,_RNvNtNtCs8vv7mWF5ug8_2vx3cli5fetch19fetch_node_versions
FNDA:0,_RNvNtNtCs8vv7mWF5ug8_2vx3cli5fetch19fetch_rust_versions
FNDA:0,_RNvNtNtCs8vv7mWF5ug8_2vx3cli5fetch19fetch_tool_versions
FNDA:0,_RNvNtNtCs8vv7mWF5ug8_2vx3cli5fetch21display_versions_list
FNDA:0,_RNvNtNtCs8vv7mWF5ug8_2vx3cli5fetch21fetch_python_versions
FNDA:0,_RNvNtNtCs8vv7mWF5ug8_2vx3cli5fetch28handle_interactive_selection
FNDA:0,_RNvNtNtCs8vv7mWF5ug8_2vx3cli5fetch6handle
FNF:27
FNH:0
DA:11,0
DA:12,0
DA:13,0
DA:14,0
DA:15,0
DA:16,0
DA:17,0
DA:41,0
DA:49,0
DA:50,0
DA:51,0
DA:52,0
DA:53,0
DA:54,0
DA:55,0
DA:58,0
DA:60,0
DA:61,0
DA:82,0
DA:84,0
DA:85,0
DA:86,0
DA:87,0
DA:88,0
DA:89,0
DA:90,0
DA:91,0
DA:93,0
DA:94,0
DA:95,0
DA:96,0
DA:97,0
DA:98,0
DA:99,0
DA:100,0
DA:103,0
DA:104,0
DA:105,0
DA:106,0
DA:109,0
DA:110,0
DA:111,0
DA:114,0
DA:115,0
DA:116,0
DA:119,0
DA:120,0
DA:122,0
DA:126,0
DA:127,0
DA:128,0
DA:129,0
DA:131,0
DA:134,0
DA:135,0
DA:136,0
DA:140,0
DA:141,0
DA:143,0
DA:147,0
DA:148,0
DA:149,0
DA:151,0
DA:153,0
DA:154,0
DA:155,0
DA:156,0
DA:157,0
DA:160,0
DA:161,0
DA:162,0
DA:163,0
DA:164,0
DA:165,0
DA:166,0
DA:167,0
DA:168,0
DA:169,0
DA:170,0
DA:171,0
DA:172,0
DA:175,0
DA:176,0
DA:177,0
DA:178,0
DA:179,0
DA:180,0
DA:181,0
DA:182,0
DA:184,0
DA:185,0
DA:186,0
DA:187,0
DA:188,0
DA:189,0
DA:190,0
DA:191,0
DA:193,0
DA:194,0
DA:195,0
DA:196,0
DA:197,0
DA:198,0
DA:199,0
DA:200,0
DA:201,0
DA:202,0
DA:203,0
DA:204,0
DA:205,0
DA:206,0
DA:207,0
DA:208,0
DA:209,0
DA:210,0
DA:211,0
DA:213,0
DA:214,0
DA:215,0
DA:217,0
DA:218,0
DA:219,0
DA:221,0
DA:222,0
DA:223,0
DA:225,0
DA:226,0
DA:228,0
DA:231,0
DA:232,0
DA:233,0
DA:234,0
DA:235,0
DA:236,0
DA:237,0
DA:238,0
DA:239,0
DA:240,0
DA:242,0
DA:243,0
DA:244,0
DA:245,0
DA:246,0
DA:247,0
DA:248,0
DA:249,0
DA:251,0
DA:252,0
DA:253,0
DA:255,0
DA:256,0
DA:257,0
DA:259,0
DA:260,0
DA:261,0
DA:262,0
DA:263,0
DA:264,0
DA:265,0
DA:266,0
DA:267,0
DA:268,0
DA:269,0
DA:270,0
DA:273,0
DA:274,0
DA:275,0
DA:276,0
DA:277,0
DA:278,0
DA:279,0
DA:280,0
DA:281,0
DA:282,0
DA:283,0
DA:287,0
DA:288,0
DA:291,0
DA:292,0
DA:293,0
DA:294,0
DA:295,0
DA:296,0
DA:297,0
DA:298,0
DA:300,0
DA:301,0
DA:302,0
DA:303,0
DA:304,0
DA:305,0
DA:306,0
DA:307,0
DA:308,0
DA:309,0
DA:313,0
DA:314,0
DA:315,0
DA:318,0
DA:319,0
DA:321,0
DA:322,0
DA:324,0
DA:325,0
DA:326,0
DA:327,0
DA:328,0
DA:329,0
DA:331,0
DA:332,0
DA:333,0
DA:334,0
DA:335,0
DA:339,0
DA:340,0
DA:341,0
DA:343,0
DA:345,0
DA:346,0
DA:347,0
DA:348,0
DA:349,0
DA:351,0
DA:352,0
DA:353,0
DA:354,0
DA:356,0
DA:357,0
DA:370,0
DA:371,0
DA:372,0
DA:373,0
DA:375,0
DA:376,0
DA:377,0
DA:378,0
DA:379,0
DA:381,0
DA:383,0
DA:385,0
DA:386,0
DA:387,0
DA:388,0
DA:389,0
DA:390,0
DA:391,0
DA:392,0
DA:393,0
DA:394,0
DA:395,0
DA:396,0
DA:397,0
DA:398,0
DA:399,0
DA:400,0
DA:401,0
DA:403,0
DA:405,0
DA:406,0
DA:407,0
DA:408,0
DA:409,0
DA:410,0
DA:411,0
DA:412,0
DA:413,0
DA:414,0
DA:415,0
DA:417,0
DA:418,0
DA:420,0
DA:421,0
DA:422,0
DA:423,0
DA:424,0
DA:425,0
DA:426,0
DA:427,0
DA:428,0
DA:429,0
DA:430,0
DA:431,0
DA:432,0
DA:433,0
DA:434,0
DA:435,0
DA:436,0
DA:437,0
DA:438,0
DA:439,0
DA:441,0
DA:442,0
DA:443,0
DA:444,0
DA:445,0
DA:446,0
DA:447,0
DA:448,0
DA:449,0
DA:450,0
DA:451,0
DA:452,0
DA:453,0
DA:454,0
DA:455,0
DA:456,0
DA:457,0
DA:458,0
DA:459,0
DA:460,0
DA:462,0
DA:463,0
DA:464,0
DA:465,0
DA:466,0
DA:467,0
DA:468,0
DA:469,0
DA:470,0
DA:471,0
DA:472,0
DA:473,0
DA:474,0
DA:475,0
DA:476,0
DA:477,0
DA:478,0
DA:479,0
DA:480,0
DA:481,0
DA:483,0
DA:484,0
DA:485,0
DA:486,0
DA:487,0
DA:488,0
DA:489,0
DA:490,0
DA:491,0
DA:492,0
DA:493,0
DA:494,0
DA:495,0
DA:496,0
DA:497,0
DA:498,0
DA:499,0
DA:500,0
DA:501,0
DA:502,0
BRF:0
BRH:0
LF:368
LH:0
end_of_record
SF:C:\github\mcpx\src\cli\install.rs
FN:33,_RNCNCNCNCNvNtNtCse561JCZuupE_2vx3cli7install6handle00s_00Bd_
FN:10,_RNCNCNCNvNtNtCse561JCZuupE_2vx3cli7install6handle000Bb_
FN:9,_RNCNvNtNtCse561JCZuupE_2vx3cli7install6handle0B7_
FN:9,_RNvNtNtCse561JCZuupE_2vx3cli7install6handle
FN:33,_RNCNCNCNCNvNtNtCs8vv7mWF5ug8_2vx3cli7install6handle00s_00CsgEqbR8KZSOZ_2vx
FN:10,_RNCNCNCNvNtNtCs8vv7mWF5ug8_2vx3cli7install6handle000CsgEqbR8KZSOZ_2vx
FN:9,_RNCNvNtNtCs8vv7mWF5ug8_2vx3cli7install6handle0CsgEqbR8KZSOZ_2vx
FN:9,_RNvNtNtCs8vv7mWF5ug8_2vx3cli7install6handle
FNDA:0,_RNCNCNCNCNvNtNtCse561JCZuupE_2vx3cli7install6handle00s_00Bd_
FNDA:0,_RNCNCNCNvNtNtCse561JCZuupE_2vx3cli7install6handle000Bb_
FNDA:0,_RNCNvNtNtCse561JCZuupE_2vx3cli7install6handle0B7_
FNDA:0,_RNvNtNtCse561JCZuupE_2vx3cli7install6handle
FNDA:0,_RNCNCNCNCNvNtNtCs8vv7mWF5ug8_2vx3cli7install6handle00s_00CsgEqbR8KZSOZ_2vx
FNDA:0,_RNCNCNCNvNtNtCs8vv7mWF5ug8_2vx3cli7install6handle000CsgEqbR8KZSOZ_2vx
FNDA:0,_RNCNvNtNtCs8vv7mWF5ug8_2vx3cli7install6handle0CsgEqbR8KZSOZ_2vx
FNDA:0,_RNvNtNtCs8vv7mWF5ug8_2vx3cli7install6handle
FNF:4
FNH:0
DA:9,0
DA:10,0
DA:33,0
DA:34,0
DA:35,0
DA:36,0
DA:52,0
BRF:0
BRH:0
LF:8
LH:0
end_of_record
SF:C:\github\mcpx\src\cli\list.rs
FN:147,_RNCNCNvNtNtCse561JCZuupE_2vx3cli4list14list_all_tools00B9_
FN:102,_RNCNCNvNtNtCse561JCZuupE_2vx3cli4list20list_installed_tools00B9_
FN:9,_RNCNCNvNtNtCse561JCZuupE_2vx3cli4list6handle00B9_
FN:112,_RNCNvNtNtCse561JCZuupE_2vx3cli4list14list_all_tools0B7_
FN:159,_RNCNvNtNtCse561JCZuupE_2vx3cli4list18get_active_version0B7_
FN:28,_RNCNvNtNtCse561JCZuupE_2vx3cli4list18list_tool_versions0B7_
FN:73,_RNCNvNtNtCse561JCZuupE_2vx3cli4list20list_installed_tools0B7_
FN:8,_RNCNvNtNtCse561JCZuupE_2vx3cli4list6handle0B7_
FN:212,_RNvNtNtCse561JCZuupE_2vx3cli4list11format_size
FN:179,_RNvNtNtCse561JCZuupE_2vx3cli4list14calculate_size
FN:112,_RNvNtNtCse561JCZuupE_2vx3cli4list14list_all_tools
FN:159,_RNvNtNtCse561JCZuupE_2vx3cli4list18get_active_version
FN:28,_RNvNtNtCse561JCZuupE_2vx3cli4list18list_tool_versions
FN:73,_RNvNtNtCse561JCZuupE_2vx3cli4list20list_installed_tools
FN:196,_RNvNtNtCse561JCZuupE_2vx3cli4list25calculate_tool_total_size
FN:8,_RNvNtNtCse561JCZuupE_2vx3cli4list6handle
FN:147,_RNCNCNvNtNtCs8vv7mWF5ug8_2vx3cli4list14list_all_tools00CsgEqbR8KZSOZ_2vx
FN:102,_RNCNCNvNtNtCs8vv7mWF5ug8_2vx3cli4list20list_installed_tools00CsgEqbR8KZSOZ_2vx
FN:9,_RNCNCNvNtNtCs8vv7mWF5ug8_2vx3cli4list6handle00CsgEqbR8KZSOZ_2vx
FN:112,_RNCNvNtNtCs8vv7mWF5ug8_2vx3cli4list14list_all_tools0CsgEqbR8KZSOZ_2vx
FN:159,_RNCNvNtNtCs8vv7mWF5ug8_2vx3cli4list18get_active_version0CsgEqbR8KZSOZ_2vx
FN:28,_RNCNvNtNtCs8vv7mWF5ug8_2vx3cli4list18list_tool_versions0CsgEqbR8KZSOZ_2vx
FN:73,_RNCNvNtNtCs8vv7mWF5ug8_2vx3cli4list20list_installed_tools0CsgEqbR8KZSOZ_2vx
FN:8,_RNCNvNtNtCs8vv7mWF5ug8_2vx3cli4list6handle0CsgEqbR8KZSOZ_2vx
FN:212,_RNvNtNtCs8vv7mWF5ug8_2vx3cli4list11format_size
FN:179,_RNvNtNtCs8vv7mWF5ug8_2vx3cli4list14calculate_size
FN:112,_RNvNtNtCs8vv7mWF5ug8_2vx3cli4list14list_all_tools
FN:159,_RNvNtNtCs8vv7mWF5ug8_2vx3cli4list18get_active_version
FN:28,_RNvNtNtCs8vv7mWF5ug8_2vx3cli4list18list_tool_versions
FN:73,_RNvNtNtCs8vv7mWF5ug8_2vx3cli4list20list_installed_tools
FN:196,_RNvNtNtCs8vv7mWF5ug8_2vx3cli4list25calculate_tool_total_size
FN:8,_RNvNtNtCs8vv7mWF5ug8_2vx3cli4list6handle
FNDA:0,_RNCNCNvNtNtCse561JCZuupE_2vx3cli4list14list_all_tools00B9_
FNDA:0,_RNCNCNvNtNtCse561JCZuupE_2vx3cli4list20list_installed_tools00B9_
FNDA:0,_RNCNCNvNtNtCse561JCZuupE_2vx3cli4list6handle00B9_
FNDA:0,_RNCNvNtNtCse561JCZuupE_2vx3cli4list14list_all_tools0B7_
FNDA:0,_RNCNvNtNtCse561JCZuupE_2vx3cli4list18get_active_version0B7_
FNDA:0,_RNCNvNtNtCse561JCZuupE_2vx3cli4list18list_tool_versions0B7_
FNDA:0,_RNCNvNtNtCse561JCZuupE_2vx3cli4list20list_installed_tools0B7_
FNDA:0,_RNCNvNtNtCse561JCZuupE_2vx3cli4list6handle0B7_
FNDA:0,_RNvNtNtCse561JCZuupE_2vx3cli4list11format_size
FNDA:0,_RNvNtNtCse561JCZuupE_2vx3cli4list14calculate_size
FNDA:0,_RNvNtNtCse561JCZuupE_2vx3cli4list14list_all_tools
FNDA:0,_RNvNtNtCse561JCZuupE_2vx3cli4list18get_active_version
FNDA:0,_RNvNtNtCse561JCZuupE_2vx3cli4list18list_tool_versions
FNDA:0,_RNvNtNtCse561JCZuupE_2vx3cli4list20list_installed_tools
FNDA:0,_RNvNtNtCse561JCZuupE_2vx3cli4list25calculate_tool_total_size
FNDA:0,_RNvNtNtCse561JCZuupE_2vx3cli4list6handle
FNDA:0,_RNCNCNvNtNtCs8vv7mWF5ug8_2vx3cli4list14list_all_tools00CsgEqbR8KZSOZ_2vx
FNDA:0,_RNCNCNvNtNtCs8vv7mWF5ug8_2vx3cli4list20list_installed_tools00CsgEqbR8KZSOZ_2vx
FNDA:0,_RNCNCNvNtNtCs8vv7mWF5ug8_2vx3cli4list6handle00CsgEqbR8KZSOZ_2vx
FNDA:0,_RNCNvNtNtCs8vv7mWF5ug8_2vx3cli4list14list_all_tools0CsgEqbR8KZSOZ_2vx
FNDA:0,_RNCNvNtNtCs8vv7mWF5ug8_2vx3cli4list18get_active_version0CsgEqbR8KZSOZ_2vx
FNDA:0,_RNCNvNtNtCs8vv7mWF5ug8_2vx3cli4list18list_tool_versions0CsgEqbR8KZSOZ_2vx
FNDA:0,_RNCNvNtNtCs8vv7mWF5ug8_2vx3cli4list20list_installed_tools0CsgEqbR8KZSOZ_2vx
FNDA:0,_RNCNvNtNtCs8vv7mWF5ug8_2vx3cli4list6handle0CsgEqbR8KZSOZ_2vx
FNDA:0,_RNvNtNtCs8vv7mWF5ug8_2vx3cli4list11format_size
FNDA:0,_RNvNtNtCs8vv7mWF5ug8_2vx3cli4list14calculate_size
FNDA:0,_RNvNtNtCs8vv7mWF5ug8_2vx3cli4list14list_all_tools
FNDA:0,_RNvNtNtCs8vv7mWF5ug8_2vx3cli4list18get_active_version
FNDA:0,_RNvNtNtCs8vv7mWF5ug8_2vx3cli4list18list_tool_versions
FNDA:0,_RNvNtNtCs8vv7mWF5ug8_2vx3cli4list20list_installed_tools
FNDA:0,_RNvNtNtCs8vv7mWF5ug8_2vx3cli4list25calculate_tool_total_size
FNDA:0,_RNvNtNtCs8vv7mWF5ug8_2vx3cli4list6handle
FNF:16
FNH:0
DA:8,0
DA:9,0
DA:11,0
DA:12,0
DA:13,0
DA:14,0
DA:17,0
DA:19,0
DA:22,0
DA:26,0
DA:28,0
DA:29,0
DA:32,0
DA:33,0
DA:34,0
DA:35,0
DA:36,0
DA:37,0
DA:38,0
DA:39,0
DA:42,0
DA:44,0
DA:45,0
DA:46,0
DA:48,0
DA:49,0
DA:50,0
DA:51,0
DA:52,0
DA:53,0
DA:54,0
DA:55,0
DA:56,0
DA:57,0
DA:58,0
DA:59,0
DA:60,0
DA:61,0
DA:62,0
DA:65,0
DA:66,0
DA:67,0
DA:68,0
DA:70,0
DA:71,0
DA:73,0
DA:74,0
DA:76,0
DA:77,0
DA:79,0
DA:80,0
DA:81,0
DA:82,0
DA:83,0
DA:84,0
DA:86,0
DA:87,0
DA:88,0
DA:89,0
DA:91,0
DA:92,0
DA:93,0
DA:94,0
DA:95,0
DA:97,0
DA:98,0
DA:99,0
DA:100,0
DA:101,0
DA:102,0
DA:103,0
DA:104,0
DA:105,0
DA:106,0
DA:109,0
DA:110,0
DA:112,0
DA:113,0
DA:114,0
DA:115,0
DA:116,0
DA:118,0
DA:119,0
DA:120,0
DA:121,0
DA:123,0
DA:124,0
DA:125,0
DA:127,0
DA:130,0
DA:131,0
DA:132,0
DA:133,0
DA:135,0
DA:136,0
DA:137,0
DA:139,0
DA:140,0
DA:141,0
DA:142,0
DA:143,0
DA:144,0
DA:147,0
DA:148,0
DA:149,0
DA:150,0
DA:151,0
DA:152,0
DA:153,0
DA:154,0
DA:155,0
DA:156,0
DA:157,0
DA:159,0
DA:161,0
DA:162,0
DA:163,0
DA:165,0
DA:166,0
DA:167,0
DA:168,0
DA:170,0
DA:171,0
DA:172,0
DA:173,0
DA:176,0
DA:177,0
DA:179,0
DA:180,0
DA:181,0
DA:182,0
DA:183,0
DA:184,0
DA:185,0
DA:186,0
DA:187,0
DA:188,0
DA:190,0
DA:192,0
DA:194,0
DA:196,0
DA:197,0
DA:198,0
DA:199,0
DA:200,0
DA:201,0
DA:203,0
DA:204,0
DA:205,0
DA:206,0
DA:209,0
DA:210,0
DA:212,0
DA:214,0
DA:215,0
DA:217,0
DA:218,0
DA:219,0
DA:220,0
DA:222,0
DA:223,0
DA:225,0
DA:227,0
BRF:0
BRH:0
LF:171
LH:0
end_of_record
SF:C:\github\mcpx\src\cli\mod.rs
FN:32,_RNCNvXs0_NtCse561JCZuupE_2vx3cliNtB7_3CliNtNtCs9dv23kYwsEz_12clap_builder6derive14FromArgMatches20from_arg_matches_mut0B9_
FN:40,_RNCNvXs0_NtCse561JCZuupE_2vx3cliNtB7_3CliNtNtCs9dv23kYwsEz_12clap_builder6derive14FromArgMatches20from_arg_matches_muts0_0B9_
FN:36,_RNCNvXs0_NtCse561JCZuupE_2vx3cliNtB7_3CliNtNtCs9dv23kYwsEz_12clap_builder6derive14FromArgMatches20from_arg_matches_muts_0B9_
FN:32,_RNCNvXs0_NtCse561JCZuupE_2vx3cliNtB7_3CliNtNtCs9dv23kYwsEz_12clap_builder6derive14FromArgMatches27update_from_arg_matches_mut0B9_
FN:40,_RNCNvXs0_NtCse561JCZuupE_2vx3cliNtB7_3CliNtNtCs9dv23kYwsEz_12clap_builder6derive14FromArgMatches27update_from_arg_matches_muts0_0B9_
FN:36,_RNCNvXs0_NtCse561JCZuupE_2vx3cliNtB7_3CliNtNtCs9dv23kYwsEz_12clap_builder6derive14FromArgMatches27update_from_arg_matches_muts_0B9_
FN:54,_RNCNvXs2_NtCse561JCZuupE_2vx3cliNtB7_8CommandsNtNtCs9dv23kYwsEz_12clap_builder6derive14FromArgMatches20from_arg_matches_mut0B9_
FN:68,_RNCNvXs2_NtCse561JCZuupE_2vx3cliNtB7_8CommandsNtNtCs9dv23kYwsEz_12clap_builder6derive14FromArgMatches20from_arg_matches_muts0_0B9_
FN:74,_RNCNvXs2_NtCse561JCZuupE_2vx3cliNtB7_8CommandsNtNtCs9dv23kYwsEz_12clap_builder6derive14FromArgMatches20from_arg_matches_muts1_0B9_
FN:79,_RNCNvXs2_NtCse561JCZuupE_2vx3cliNtB7_8CommandsNtNtCs9dv23kYwsEz_12clap_builder6derive14FromArgMatches20from_arg_matches_muts2_0B9_
FN:85,_RNCNvXs2_NtCse561JCZuupE_2vx3cliNtB7_8CommandsNtNtCs9dv23kYwsEz_12clap_builder6derive14FromArgMatches20from_arg_matches_muts3_0B9_
FN:88,_RNCNvXs2_NtCse561JCZuupE_2vx3cliNtB7_8CommandsNtNtCs9dv23kYwsEz_12clap_builder6derive14FromArgMatches20from_arg_matches_muts4_0B9_
FN:94,_RNCNvXs2_NtCse561JCZuupE_2vx3cliNtB7_8CommandsNtNtCs9dv23kYwsEz_12clap_builder6derive14FromArgMatches20from_arg_matches_muts5_0B9_
FN:100,_RNCNvXs2_NtCse561JCZuupE_2vx3cliNtB7_8CommandsNtNtCs9dv23kYwsEz_12clap_builder6derive14FromArgMatches20from_arg_matches_muts6_0B9_
FN:103,_RNCNvXs2_NtCse561JCZuupE_2vx3cliNtB7_8CommandsNtNtCs9dv23kYwsEz_12clap_builder6derive14FromArgMatches20from_arg_matches_muts7_0B9_
FN:106,_RNCNvXs2_NtCse561JCZuupE_2vx3cliNtB7_8CommandsNtNtCs9dv23kYwsEz_12clap_builder6derive14FromArgMatches20from_arg_matches_muts8_0B9_
FN:112,_RNCNvXs2_NtCse561JCZuupE_2vx3cliNtB7_8CommandsNtNtCs9dv23kYwsEz_12clap_builder6derive14FromArgMatches20from_arg_matches_muts9_0B9_
FN:59,_RNCNvXs2_NtCse561JCZuupE_2vx3cliNtB7_8CommandsNtNtCs9dv23kYwsEz_12clap_builder6derive14FromArgMatches20from_arg_matches_muts_0B9_
FN:118,_RNCNvXs2_NtCse561JCZuupE_2vx3cliNtB7_8CommandsNtNtCs9dv23kYwsEz_12clap_builder6derive14FromArgMatches20from_arg_matches_mutsa_0B9_
FN:121,_RNCNvXs2_NtCse561JCZuupE_2vx3cliNtB7_8CommandsNtNtCs9dv23kYwsEz_12clap_builder6derive14FromArgMatches20from_arg_matches_mutsb_0B9_
FN:54,_RNCNvXs2_NtCse561JCZuupE_2vx3cliNtB7_8CommandsNtNtCs9dv23kYwsEz_12clap_builder6derive14FromArgMatches27update_from_arg_matches_mut0B9_
FN:68,_RNCNvXs2_NtCse561JCZuupE_2vx3cliNtB7_8CommandsNtNtCs9dv23kYwsEz_12clap_builder6derive14FromArgMatches27update_from_arg_matches_muts0_0B9_
FN:74,_RNCNvXs2_NtCse561JCZuupE_2vx3cliNtB7_8CommandsNtNtCs9dv23kYwsEz_12clap_builder6derive14FromArgMatches27update_from_arg_matches_muts1_0B9_
FN:79,_RNCNvXs2_NtCse561JCZuupE_2vx3cliNtB7_8CommandsNtNtCs9dv23kYwsEz_12clap_builder6derive14FromArgMatches27update_from_arg_matches_muts2_0B9_
FN:85,_RNCNvXs2_NtCse561JCZuupE_2vx3cliNtB7_8CommandsNtNtCs9dv23kYwsEz_12clap_builder6derive14FromArgMatches27update_from_arg_matches_muts3_0B9_
FN:88,_RNCNvXs2_NtCse561JCZuupE_2vx3cliNtB7_8CommandsNtNtCs9dv23kYwsEz_12clap_builder6derive14FromArgMatches27update_from_arg_matches_muts4_0B9_
FN:94,_RNCNvXs2_NtCse561JCZuupE_2vx3cliNtB7_8CommandsNtNtCs9dv23kYwsEz_12clap_builder6derive14FromArgMatches27update_from_arg_matches_muts5_0B9_
FN:100,_RNCNvXs2_NtCse561JCZuupE_2vx3cliNtB7_8CommandsNtNtCs9dv23kYwsEz_12clap_builder6derive14FromArgMatches27update_from_arg_matches_muts6_0B9_
FN:103,_RNCNvXs2_NtCse561JCZuupE_2vx3cliNtB7_8CommandsNtNtCs9dv23kYwsEz_12clap_builder6derive14FromArgMatches27update_from_arg_matches_muts7_0B9_
FN:106,_RNCNvXs2_NtCse561JCZuupE_2vx3cliNtB7_8CommandsNtNtCs9dv23kYwsEz_12clap_builder6derive14FromArgMatches27update_from_arg_matches_muts8_0B9_
FN:112,_RNCNvXs2_NtCse561JCZuupE_2vx3cliNtB7_8CommandsNtNtCs9dv23kYwsEz_12clap_builder6derive14FromArgMatches27update_from_arg_matches_muts9_0B9_
FN:59,_RNCNvXs2_NtCse561JCZuupE_2vx3cliNtB7_8CommandsNtNtCs9dv23kYwsEz_12clap_builder6derive14FromArgMatches27update_from_arg_matches_muts_0B9_
FN:118,_RNCNvXs2_NtCse561JCZuupE_2vx3cliNtB7_8CommandsNtNtCs9dv23kYwsEz_12clap_builder6derive14FromArgMatches27update_from_arg_matches_mutsa_0B9_
FN:121,_RNCNvXs2_NtCse561JCZuupE_2vx3cliNtB7_8CommandsNtNtCs9dv23kYwsEz_12clap_builder6derive14FromArgMatches27update_from_arg_matches_mutsb_0B9_
FN:156,_RNCNvXs4_NtCse561JCZuupE_2vx3cliNtB7_13ConfigCommandNtNtCs9dv23kYwsEz_12clap_builder6derive14FromArgMatches20from_arg_matches_mut0B9_
FN:163,_RNCNvXs4_NtCse561JCZuupE_2vx3cliNtB7_13ConfigCommandNtNtCs9dv23kYwsEz_12clap_builder6derive14FromArgMatches20from_arg_matches_muts0_0B9_
FN:158,_RNCNvXs4_NtCse561JCZuupE_2vx3cliNtB7_13ConfigCommandNtNtCs9dv23kYwsEz_12clap_builder6derive14FromArgMatches20from_arg_matches_muts_0B9_
FN:156,_RNCNvXs4_NtCse561JCZuupE_2vx3cliNtB7_13ConfigCommandNtNtCs9dv23kYwsEz_12clap_builder6derive14FromArgMatches27update_from_arg_matches_mut0B9_
FN:163,_RNCNvXs4_NtCse561JCZuupE_2vx3cliNtB7_13ConfigCommandNtNtCs9dv23kYwsEz_12clap_builder6derive14FromArgMatches27update_from_arg_matches_muts0_0B9_
FN:158,_RNCNvXs4_NtCse561JCZuupE_2vx3cliNtB7_13ConfigCommandNtNtCs9dv23kYwsEz_12clap_builder6derive14FromArgMatches27update_from_arg_matches_muts_0B9_
FN:180,_RNCNvXs6_NtCse561JCZuupE_2vx3cliNtB7_13PluginCommandNtNtCs9dv23kYwsEz_12clap_builder6derive14FromArgMatches20from_arg_matches_mut0B9_
FN:193,_RNCNvXs6_NtCse561JCZuupE_2vx3cliNtB7_13PluginCommandNtNtCs9dv23kYwsEz_12clap_builder6derive14FromArgMatches20from_arg_matches_muts0_0B9_
FN:198,_RNCNvXs6_NtCse561JCZuupE_2vx3cliNtB7_13PluginCommandNtNtCs9dv23kYwsEz_12clap_builder6derive14FromArgMatches20from_arg_matches_muts1_0B9_
FN:203,_RNCNvXs6_NtCse561JCZuupE_2vx3cliNtB7_13PluginCommandNtNtCs9dv23kYwsEz_12clap_builder6derive14FromArgMatches20from_arg_matches_muts2_0B9_
FN:188,_RNCNvXs6_NtCse561JCZuupE_2vx3cliNtB7_13PluginCommandNtNtCs9dv23kYwsEz_12clap_builder6derive14FromArgMatches20from_arg_matches_muts_0B9_
FN:180,_RNCNvXs6_NtCse561JCZuupE_2vx3cliNtB7_13PluginCommandNtNtCs9dv23kYwsEz_12clap_builder6derive14FromArgMatches27update_from_arg_matches_mut0B9_
FN:193,_RNCNvXs6_NtCse561JCZuupE_2vx3cliNtB7_13PluginCommandNtNtCs9dv23kYwsEz_12clap_builder6derive14FromArgMatches27update_from_arg_matches_muts0_0B9_
FN:198,_RNCNvXs6_NtCse561JCZuupE_2vx3cliNtB7_13PluginCommandNtNtCs9dv23kYwsEz_12clap_builder6derive14FromArgMatches27update_from_arg_matches_muts1_0B9_
FN:203,_RNCNvXs6_NtCse561JCZuupE_2vx3cliNtB7_13PluginCommandNtNtCs9dv23kYwsEz_12clap_builder6derive14FromArgMatches27update_from_arg_matches_muts2_0B9_
FN:188,_RNCNvXs6_NtCse561JCZuupE_2vx3cliNtB7_13PluginCommandNtNtCs9dv23kYwsEz_12clap_builder6derive14FromArgMatches27update_from_arg_matches_muts_0B9_
FN:32,_RNCNvXs0_NtCs8vv7mWF5ug8_2vx3cliNtB7_3CliNtNtCs9dv23kYwsEz_12clap_builder6derive14FromArgMatches20from_arg_matches_mut0B9_
FN:40,_RNCNvXs0_NtCs8vv7mWF5ug8_2vx3cliNtB7_3CliNtNtCs9dv23kYwsEz_12clap_builder6derive14FromArgMatches20from_arg_matches_muts0_0B9_
FN:36,_RNCNvXs0_NtCs8vv7mWF5ug8_2vx3cliNtB7_3CliNtNtCs9dv23kYwsEz_12clap_builder6derive14FromArgMatches20from_arg_matches_muts_0B9_
FN:32,_RNCNvXs0_NtCs8vv7mWF5ug8_2vx3cliNtB7_3CliNtNtCs9dv23kYwsEz_12clap_builder6derive14FromArgMatches27update_from_arg_matches_mut0B9_
FN:40,_RNCNvXs0_NtCs8vv7mWF5ug8_2vx3cliNtB7_3CliNtNtCs9dv23kYwsEz_12clap_builder6derive14FromArgMatches27update_from_arg_matches_muts0_0B9_
FN:36,_RNCNvXs0_NtCs8vv7mWF5ug8_2vx3cliNtB7_3CliNtNtCs9dv23kYwsEz_12clap_builder6derive14FromArgMatches27update_from_arg_matches_muts_0B9_
FN:54,_RNCNvXs2_NtCs8vv7mWF5ug8_2vx3cliNtB7_8CommandsNtNtCs9dv23kYwsEz_12clap_builder6derive14FromArgMatches20from_arg_matches_mut0B9_
FN:68,_RNCNvXs2_NtCs8vv7mWF5ug8_2vx3cliNtB7_8CommandsNtNtCs9dv23kYwsEz_12clap_builder6derive14FromArgMatches20from_arg_matches_muts0_0B9_
FN:74,_RNCNvXs2_NtCs8vv7mWF5ug8_2vx3cliNtB7_8CommandsNtNtCs9dv23kYwsEz_12clap_builder6derive14FromArgMatches20from_arg_matches_muts1_0B9_
FN:79,_RNCNvXs2_NtCs8vv7mWF5ug8_2vx3cliNtB7_8CommandsNtNtCs9dv23kYwsEz_12clap_builder6derive14FromArgMatches20from_arg_matches_muts2_0B9_
FN:85,_RNCNvXs2_NtCs8vv7mWF5ug8_2vx3cliNtB7_8CommandsNtNtCs9dv23kYwsEz_12clap_builder6derive14FromArgMatches20from_arg_matches_muts3_0B9_
FN:88,_RNCNvXs2_NtCs8vv7mWF5ug8_2vx3cliNtB7_8CommandsNtNtCs9dv23kYwsEz_12clap_builder6derive14FromArgMatches20from_arg_matches_muts4_0B9_
FN:94,_RNCNvXs2_NtCs8vv7mWF5ug8_2vx3cliNtB7_8CommandsNtNtCs9dv23kYwsEz_12clap_builder6derive14FromArgMatches20from_arg_matches_muts5_0B9_
FN:100,_RNCNvXs2_NtCs8vv7mWF5ug8_2vx3cliNtB7_8CommandsNtNtCs9dv23kYwsEz_12clap_builder6derive14FromArgMatches20from_arg_matches_muts6_0B9_
FN:103,_RNCNvXs2_NtCs8vv7mWF5ug8_2vx3cliNtB7_8CommandsNtNtCs9dv23kYwsEz_12clap_builder6derive14FromArgMatches20from_arg_matches_muts7_0B9_
FN:106,_RNCNvXs2_NtCs8vv7mWF5ug8_2vx3cliNtB7_8CommandsNtNtCs9dv23kYwsEz_12clap_builder6derive14FromArgMatches20from_arg_matches_muts8_0B9_
FN:112,_RNCNvXs2_NtCs8vv7mWF5ug8_2vx3cliNtB7_8CommandsNtNtCs9dv23kYwsEz_12clap_builder6derive14FromArgMatches20from_arg_matches_muts9_0B9_
FN:59,_RNCNvXs2_NtCs8vv7mWF5ug8_2vx3cliNtB7_8CommandsNtNtCs9dv23kYwsEz_12clap_builder6derive14FromArgMatches20from_arg_matches_muts_0B9_
FN:118,_RNCNvXs2_NtCs8vv7mWF5ug8_2vx3cliNtB7_8CommandsNtNtCs9dv23kYwsEz_12clap_builder6derive14FromArgMatches20from_arg_matches_mutsa_0B9_
FN:121,_RNCNvXs2_NtCs8vv7mWF5ug8_2vx3cliNtB7_8CommandsNtNtCs9dv23kYwsEz_12clap_builder6derive14FromArgMatches20from_arg_matches_mutsb_0B9_
FN:54,_RNCNvXs2_NtCs8vv7mWF5ug8_2vx3cliNtB7_8CommandsNtNtCs9dv23kYwsEz_12clap_builder6derive14FromArgMatches27update_from_arg_matches_mut0B9_
FN:68,_RNCNvXs2_NtCs8vv7mWF5ug8_2vx3cliNtB7_8CommandsNtNtCs9dv23kYwsEz_12clap_builder6derive14FromArgMatches27update_from_arg_matches_muts0_0B9_
FN:74,_RNCNvXs2_NtCs8vv7mWF5ug8_2vx3cliNtB7_8CommandsNtNtCs9dv23kYwsEz_12clap_builder6derive14FromArgMatches27update_from_arg_matches_muts1_0B9_
FN:79,_RNCNvXs2_NtCs8vv7mWF5ug8_2vx3cliNtB7_8CommandsNtNtCs9dv23kYwsEz_12clap_builder6derive14FromArgMatches27update_from_arg_matches_muts2_0B9_
FN:85,_RNCNvXs2_NtCs8vv7mWF5ug8_2vx3cliNtB7_8CommandsNtNtCs9dv23kYwsEz_12clap_builder6derive14FromArgMatches27update_from_arg_matches_muts3_0B9_
FN:88,_RNCNvXs2_NtCs8vv7mWF5ug8_2vx3cliNtB7_8CommandsNtNtCs9dv23kYwsEz_12clap_builder6derive14FromArgMatches27update_from_arg_matches_muts4_0B9_
FN:94,_RNCNvXs2_NtCs8vv7mWF5ug8_2vx3cliNtB7_8CommandsNtNtCs9dv23kYwsEz_12clap_builder6derive14FromArgMatches27update_from_arg_matches_muts5_0B9_
FN:100,_RNCNvXs2_NtCs8vv7mWF5ug8_2vx3cliNtB7_8CommandsNtNtCs9dv23kYwsEz_12clap_builder6derive14FromArgMatches27update_from_arg_matches_muts6_0B9_
FN:103,_RNCNvXs2_NtCs8vv7mWF5ug8_2vx3cliNtB7_8CommandsNtNtCs9dv23kYwsEz_12clap_builder6derive14FromArgMatches27update_from_arg_matches_muts7_0B9_
FN:106,_RNCNvXs2_NtCs8vv7mWF5ug8_2vx3cliNtB7_8CommandsNtNtCs9dv23kYwsEz_12clap_builder6derive14FromArgMatches27update_from_arg_matches_muts8_0B9_
FN:112,_RNCNvXs2_NtCs8vv7mWF5ug8_2vx3cliNtB7_8CommandsNtNtCs9dv23kYwsEz_12clap_builder6derive14FromArgMatches27update_from_arg_matches_muts9_0B9_
FN:59,_RNCNvXs2_NtCs8vv7mWF5ug8_2vx3cliNtB7_8CommandsNtNtCs9dv23kYwsEz_12clap_builder6derive14FromArgMatches27update_from_arg_matches_muts_0B9_
FN:118,_RNCNvXs2_NtCs8vv7mWF5ug8_2vx3cliNtB7_8CommandsNtNtCs9dv23kYwsEz_12clap_builder6derive14FromArgMatches27update_from_arg_matches_mutsa_0B9_
FN:121,_RNCNvXs2_NtCs8vv7mWF5ug8_2vx3cliNtB7_8CommandsNtNtCs9dv23kYwsEz_12clap_builder6derive14FromArgMatches27update_from_arg_matches_mutsb_0B9_
FN:156,_RNCNvXs4_NtCs8vv7mWF5ug8_2vx3cliNtB7_13ConfigCommandNtNtCs9dv23kYwsEz_12clap_builder6derive14FromArgMatches20from_arg_matches_mut0B9_
FN:163,_RNCNvXs4_NtCs8vv7mWF5ug8_2vx3cliNtB7_13ConfigCommandNtNtCs9dv23kYwsEz_12clap_builder6derive14FromArgMatches20from_arg_matches_muts0_0B9_
FN:158,_RNCNvXs4_NtCs8vv7mWF5ug8_2vx3cliNtB7_13ConfigCommandNtNtCs9dv23kYwsEz_12clap_builder6derive14FromArgMatches20from_arg_matches_muts_0B9_
FN:156,_RNCNvXs4_NtCs8vv7mWF5ug8_2vx3cliNtB7_13ConfigCommandNtNtCs9dv23kYwsEz_12clap_builder6derive14FromArgMatches27update_from_arg_matches_mut0B9_
FN:163,_RNCNvXs4_NtCs8vv7mWF5ug8_2vx3cliNtB7_13ConfigCommandNtNtCs9dv23kYwsEz_12clap_builder6derive14FromArgMatches27update_from_arg_matches_muts0_0B9_
FN:158,_RNCNvXs4_NtCs8vv7mWF5ug8_2vx3cliNtB7_13ConfigCommandNtNtCs9dv23kYwsEz_12clap_builder6derive14FromArgMatches27update_from_arg_matches_muts_0B9_
FN:180,_RNCNvXs6_NtCs8vv7mWF5ug8_2vx3cliNtB7_13PluginCommandNtNtCs9dv23kYwsEz_12clap_builder6derive14FromArgMatches20from_arg_matches_mut0B9_
FN:193,_RNCNvXs6_NtCs8vv7mWF5ug8_2vx3cliNtB7_13PluginCommandNtNtCs9dv23kYwsEz_12clap_builder6derive14FromArgMatches20from_arg_matches_muts0_0B9_
FN:198,_RNCNvXs6_NtCs8vv7mWF5ug8_2vx3cliNtB7_13PluginCommandNtNtCs9dv23kYwsEz_12clap_builder6derive14FromArgMatches20from_arg_matches_muts1_0B9_
FN:203,_RNCNvXs6_NtCs8vv7mWF5ug8_2vx3cliNtB7_13PluginCommandNtNtCs9dv23kYwsEz_12clap_builder6derive14FromArgMatches20from_arg_matches_muts2_0B9_
FN:188,_RNCNvXs6_NtCs8vv7mWF5ug8_2vx3cliNtB7_13PluginCommandNtNtCs9dv23kYwsEz_12clap_builder6derive14FromArgMatches20from_arg_matches_muts_0B9_
FN:180,_RNCNvXs6_NtCs8vv7mWF5ug8_2vx3cliNtB7_13PluginCommandNtNtCs9dv23kYwsEz_12clap_builder6derive14FromArgMatches27update_from_arg_matches_mut0B9_
FN:193,_RNCNvXs6_NtCs8vv7mWF5ug8_2vx3cliNtB7_13PluginCommandNtNtCs9dv23kYwsEz_12clap_builder6derive14FromArgMatches27update_from_arg_matches_muts0_0B9_
FN:198,_RNCNvXs6_NtCs8vv7mWF5ug8_2vx3cliNtB7_13PluginCommandNtNtCs9dv23kYwsEz_12clap_builder6derive14FromArgMatches27update_from_arg_matches_muts1_0B9_
FN:203,_RNCNvXs6_NtCs8vv7mWF5ug8_2vx3cliNtB7_13PluginCommandNtNtCs9dv23kYwsEz_12clap_builder6derive14FromArgMatches27update_from_arg_matches_muts2_0B9_
FN:188,_RNCNvXs6_NtCs8vv7mWF5ug8_2vx3cliNtB7_13PluginCommandNtNtCs9dv23kYwsEz_12clap_builder6derive14FromArgMatches27update_from_arg_matches_muts_0B9_
FNDA:0,_RNCNvXs0_NtCse561JCZuupE_2vx3cliNtB7_3CliNtNtCs9dv23kYwsEz_12clap_builder6derive14FromArgMatches20from_arg_matches_mut0B9_
FNDA:0,_RNCNvXs0_NtCse561JCZuupE_2vx3cliNtB7_3CliNtNtCs9dv23kYwsEz_12clap_builder6derive14FromArgMatches20from_arg_matches_muts0_0B9_
FNDA:0,_RNCNvXs0_NtCse561JCZuupE_2vx3cliNtB7_3CliNtNtCs9dv23kYwsEz_12clap_builder6derive14FromArgMatches20from_arg_matches_muts_0B9_
FNDA:0,_RNCNvXs0_NtCse561JCZuupE_2vx3cliNtB7_3CliNtNtCs9dv23kYwsEz_12clap_builder6derive14FromArgMatches27update_from_arg_matches_mut0B9_
FNDA:0,_RNCNvXs0_NtCse561JCZuupE_2vx3cliNtB7_3CliNtNtCs9dv23kYwsEz_12clap_builder6derive14FromArgMatches27update_from_arg_matches_muts0_0B9_
FNDA:0,_RNCNvXs0_NtCse561JCZuupE_2vx3cliNtB7_3CliNtNtCs9dv23kYwsEz_12clap_builder6derive14FromArgMatches27update_from_arg_matches_muts_0B9_
FNDA:0,_RNCNvXs2_NtCse561JCZuupE_2vx3cliNtB7_8CommandsNtNtCs9dv23kYwsEz_12clap_builder6derive14FromArgMatches20from_arg_matches_mut0B9_
FNDA:0,_RNCNvXs2_NtCse561JCZuupE_2vx3cliNtB7_8CommandsNtNtCs9dv23kYwsEz_12clap_builder6derive14FromArgMatches20from_arg_matches_muts0_0B9_
FNDA:0,_RNCNvXs2_NtCse561JCZuupE_2vx3cliNtB7_8CommandsNtNtCs9dv23kYwsEz_12clap_builder6derive14FromArgMatches20from_arg_matches_muts1_0B9_
FNDA:0,_RNCNvXs2_NtCse561JCZuupE_2vx3cliNtB7_8CommandsNtNtCs9dv23kYwsEz_12clap_builder6derive14FromArgMatches20from_arg_matches_muts2_0B9_
FNDA:0,_RNCNvXs2_NtCse561JCZuupE_2vx3cliNtB7_8CommandsNtNtCs9dv23kYwsEz_12clap_builder6derive14FromArgMatches20from_arg_matches_muts3_0B9_
FNDA:0,_RNCNvXs2_NtCse561JCZuupE_2vx3cliNtB7_8CommandsNtNtCs9dv23kYwsEz_12clap_builder6derive14FromArgMatches20from_arg_matches_muts4_0B9_
FNDA:0,_RNCNvXs2_NtCse561JCZuupE_2vx3cliNtB7_8CommandsNtNtCs9dv23kYwsEz_12clap_builder6derive14FromArgMatches20from_arg_matches_muts5_0B9_
FNDA:0,_RNCNvXs2_NtCse561JCZuupE_2vx3cliNtB7_8CommandsNtNtCs9dv23kYwsEz_12clap_builder6derive14FromArgMatches20from_arg_matches_muts6_0B9_
FNDA:0,_RNCNvXs2_NtCse561JCZuupE_2vx3cliNtB7_8CommandsNtNtCs9dv23kYwsEz_12clap_builder6derive14FromArgMatches20from_arg_matches_muts7_0B9_
FNDA:0,_RNCNvXs2_NtCse561JCZuupE_2vx3cliNtB7_8CommandsNtNtCs9dv23kYwsEz_12clap_builder6derive14FromArgMatches20from_arg_matches_muts8_0B9_
FNDA:0,_RNCNvXs2_NtCse561JCZuupE_2vx3cliNtB7_8CommandsNtNtCs9dv23kYwsEz_12clap_builder6derive14FromArgMatches20from_arg_matches_muts9_0B9_
FNDA:0,_RNCNvXs2_NtCse561JCZuupE_2vx3cliNtB7_8CommandsNtNtCs9dv23kYwsEz_12clap_builder6derive14FromArgMatches20from_arg_matches_muts_0B9_
FNDA:0,_RNCNvXs2_NtCse561JCZuupE_2vx3cliNtB7_8CommandsNtNtCs9dv23kYwsEz_12clap_builder6derive14FromArgMatches20from_arg_matches_mutsa_0B9_
FNDA:0,_RNCNvXs2_NtCse561JCZuupE_2vx3cliNtB7_8CommandsNtNtCs9dv23kYwsEz_12clap_builder6derive14FromArgMatches20from_arg_matches_mutsb_0B9_
FNDA:0,_RNCNvXs2_NtCse561JCZuupE_2vx3cliNtB7_8CommandsNtNtCs9dv23kYwsEz_12clap_builder6derive14FromArgMatches27update_from_arg_matches_mut0B9_
FNDA:0,_RNCNvXs2_NtCse561JCZuupE_2vx3cliNtB7_8CommandsNtNtCs9dv23kYwsEz_12clap_builder6derive14FromArgMatches27update_from_arg_matches_muts0_0B9_
FNDA:0,_RNCNvXs2_NtCse561JCZuupE_2vx3cliNtB7_8CommandsNtNtCs9dv23kYwsEz_12clap_builder6derive14FromArgMatches27update_from_arg_matches_muts1_0B9_
FNDA:0,_RNCNvXs2_NtCse561JCZuupE_2vx3cliNtB7_8CommandsNtNtCs9dv23kYwsEz_12clap_builder6derive14FromArgMatches27update_from_arg_matches_muts2_0B9_
FNDA:0,_RNCNvXs2_NtCse561JCZuupE_2vx3cliNtB7_8CommandsNtNtCs9dv23kYwsEz_12clap_builder6derive14FromArgMatches27update_from_arg_matches_muts3_0B9_
FNDA:0,_RNCNvXs2_NtCse561JCZuupE_2vx3cliNtB7_8CommandsNtNtCs9dv23kYwsEz_12clap_builder6derive14FromArgMatches27update_from_arg_matches_muts4_0B9_
FNDA:0,_RNCNvXs2_NtCse561JCZuupE_2vx3cliNtB7_8CommandsNtNtCs9dv23kYwsEz_12clap_builder6derive14FromArgMatches27update_from_arg_matches_muts5_0B9_
FNDA:0,_RNCNvXs2_NtCse561JCZuupE_2vx3cliNtB7_8CommandsNtNtCs9dv23kYwsEz_12clap_builder6derive14FromArgMatches27update_from_arg_matches_muts6_0B9_
FNDA:0,_RNCNvXs2_NtCse561JCZuupE_2vx3cliNtB7_8CommandsNtNtCs9dv23kYwsEz_12clap_builder6derive14FromArgMatches27update_from_arg_matches_muts7_0B9_
FNDA:0,_RNCNvXs2_NtCse561JCZuupE_2vx3cliNtB7_8CommandsNtNtCs9dv23kYwsEz_12clap_builder6derive14FromArgMatches27update_from_arg_matches_muts8_0B9_
FNDA:0,_RNCNvXs2_NtCse561JCZuupE_2vx3cliNtB7_8CommandsNtNtCs9dv23kYwsEz_12clap_builder6derive14FromArgMatches27update_from_arg_matches_muts9_0B9_
FNDA:0,_RNCNvXs2_NtCse561JCZuupE_2vx3cliNtB7_8CommandsNtNtCs9dv23kYwsEz_12clap_builder6derive14FromArgMatches27update_from_arg_matches_muts_0B9_
FNDA:0,_RNCNvXs2_NtCse561JCZuupE_2vx3cliNtB7_8CommandsNtNtCs9dv23kYwsEz_12clap_builder6derive14FromArgMatches27update_from_arg_matches_mutsa_0B9_
FNDA:0,_RNCNvXs2_NtCse561JCZuupE_2vx3cliNtB7_8CommandsNtNtCs9dv23kYwsEz_12clap_builder6derive14FromArgMatches27update_from_arg_matches_mutsb_0B9_
FNDA:0,_RNCNvXs4_NtCse561JCZuupE_2vx3cliNtB7_13ConfigCommandNtNtCs9dv23kYwsEz_12clap_builder6derive14FromArgMatches20from_arg_matches_mut0B9_
FNDA:0,_RNCNvXs4_NtCse561JCZuupE_2vx3cliNtB7_13ConfigCommandNtNtCs9dv23kYwsEz_12clap_builder6derive14FromArgMatches20from_arg_matches_muts0_0B9_
FNDA:0,_RNCNvXs4_NtCse561JCZuupE_2vx3cliNtB7_13ConfigCommandNtNtCs9dv23kYwsEz_12clap_builder6derive14FromArgMatches20from_arg_matches_muts_0B9_
FNDA:0,_RNCNvXs4_NtCse561JCZuupE_2vx3cliNtB7_13ConfigCommandNtNtCs9dv23kYwsEz_12clap_builder6derive14FromArgMatches27update_from_arg_matches_mut0B9_
FNDA:0,_RNCNvXs4_NtCse561JCZuupE_2vx3cliNtB7_13ConfigCommandNtNtCs9dv23kYwsEz_12clap_builder6derive14FromArgMatches27update_from_arg_matches_muts0_0B9_
FNDA:0,_RNCNvXs4_NtCse561JCZuupE_2vx3cliNtB7_13ConfigCommandNtNtCs9dv23kYwsEz_12clap_builder6derive14FromArgMatches27update_from_arg_matches_muts_0B9_
FNDA:0,_RNCNvXs6_NtCse561JCZuupE_2vx3cliNtB7_13PluginCommandNtNtCs9dv23kYwsEz_12clap_builder6derive14FromArgMatches20from_arg_matches_mut0B9_
FNDA:0,_RNCNvXs6_NtCse561JCZuupE_2vx3cliNtB7_13PluginCommandNtNtCs9dv23kYwsEz_12clap_builder6derive14FromArgMatches20from_arg_matches_muts0_0B9_
FNDA:0,_RNCNvXs6_NtCse561JCZuupE_2vx3cliNtB7_13PluginCommandNtNtCs9dv23kYwsEz_12clap_builder6derive14FromArgMatches20from_arg_matches_muts1_0B9_
FNDA:0,_RNCNvXs6_NtCse561JCZuupE_2vx3cliNtB7_13PluginCommandNtNtCs9dv23kYwsEz_12clap_builder6derive14FromArgMatches20from_arg_matches_muts2_0B9_
FNDA:0,_RNCNvXs6_NtCse561JCZuupE_2vx3cliNtB7_13PluginCommandNtNtCs9dv23kYwsEz_12clap_builder6derive14FromArgMatches20from_arg_matches_muts_0B9_
FNDA:0,_RNCNvXs6_NtCse561JCZuupE_2vx3cliNtB7_13PluginCommandNtNtCs9dv23kYwsEz_12clap_builder6derive14FromArgMatches27update_from_arg_matches_mut0B9_
FNDA:0,_RNCNvXs6_NtCse561JCZuupE_2vx3cliNtB7_13PluginCommandNtNtCs9dv23kYwsEz_12clap_builder6derive14FromArgMatches27update_from_arg_matches_muts0_0B9_
FNDA:0,_RNCNvXs6_NtCse561JCZuupE_2vx3cliNtB7_13PluginCommandNtNtCs9dv23kYwsEz_12clap_builder6derive14FromArgMatches27update_from_arg_matches_muts1_0B9_
FNDA:0,_RNCNvXs6_NtCse561JCZuupE_2vx3cliNtB7_13PluginCommandNtNtCs9dv23kYwsEz_12clap_builder6derive14FromArgMatches27update_from_arg_matches_muts2_0B9_
FNDA:0,_RNCNvXs6_NtCse561JCZuupE_2vx3cliNtB7_13PluginCommandNtNtCs9dv23kYwsEz_12clap_builder6derive14FromArgMatches27update_from_arg_matches_muts_0B9_
FNDA:0,_RNCNvXs0_NtCs8vv7mWF5ug8_2vx3cliNtB7_3CliNtNtCs9dv23kYwsEz_12clap_builder6derive14FromArgMatches20from_arg_matches_mut0B9_
FNDA:0,_RNCNvXs0_NtCs8vv7mWF5ug8_2vx3cliNtB7_3CliNtNtCs9dv23kYwsEz_12clap_builder6derive14FromArgMatches20from_arg_matches_muts0_0B9_
FNDA:0,_RNCNvXs0_NtCs8vv7mWF5ug8_2vx3cliNtB7_3CliNtNtCs9dv23kYwsEz_12clap_builder6derive14FromArgMatches20from_arg_matches_muts_0B9_
FNDA:0,_RNCNvXs0_NtCs8vv7mWF5ug8_2vx3cliNtB7_3CliNtNtCs9dv23kYwsEz_12clap_builder6derive14FromArgMatches27update_from_arg_matches_mut0B9_
FNDA:0,_RNCNvXs0_NtCs8vv7mWF5ug8_2vx3cliNtB7_3CliNtNtCs9dv23kYwsEz_12clap_builder6derive14FromArgMatches27update_from_arg_matches_muts0_0B9_
FNDA:0,_RNCNvXs0_NtCs8vv7mWF5ug8_2vx3cliNtB7_3CliNtNtCs9dv23kYwsEz_12clap_builder6derive14FromArgMatches27update_from_arg_matches_muts_0B9_
FNDA:0,_RNCNvXs2_NtCs8vv7mWF5ug8_2vx3cliNtB7_8CommandsNtNtCs9dv23kYwsEz_12clap_builder6derive14FromArgMatches20from_arg_matches_mut0B9_
FNDA:0,_RNCNvXs2_NtCs8vv7mWF5ug8_2vx3cliNtB7_8CommandsNtNtCs9dv23kYwsEz_12clap_builder6derive14FromArgMatches20from_arg_matches_muts0_0B9_
FNDA:0,_RNCNvXs2_NtCs8vv7mWF5ug8_2vx3cliNtB7_8CommandsNtNtCs9dv23kYwsEz_12clap_builder6derive14FromArgMatches20from_arg_matches_muts1_0B9_
FNDA:0,_RNCNvXs2_NtCs8vv7mWF5ug8_2vx3cliNtB7_8CommandsNtNtCs9dv23kYwsEz_12clap_builder6derive14FromArgMatches20from_arg_matches_muts2_0B9_
FNDA:0,_RNCNvXs2_NtCs8vv7mWF5ug8_2vx3cliNtB7_8CommandsNtNtCs9dv23kYwsEz_12clap_builder6derive14FromArgMatches20from_arg_matches_muts3_0B9_
FNDA:0,_RNCNvXs2_NtCs8vv7mWF5ug8_2vx3cliNtB7_8CommandsNtNtCs9dv23kYwsEz_12clap_builder6derive14FromArgMatches20from_arg_matches_muts4_0B9_
FNDA:0,_RNCNvXs2_NtCs8vv7mWF5ug8_2vx3cliNtB7_8CommandsNtNtCs9dv23kYwsEz_12clap_builder6derive14FromArgMatches20from_arg_matches_muts5_0B9_
FNDA:0,_RNCNvXs2_NtCs8vv7mWF5ug8_2vx3cliNtB7_8CommandsNtNtCs9dv23kYwsEz_12clap_builder6derive14FromArgMatches20from_arg_matches_muts6_0B9_
FNDA:0,_RNCNvXs2_NtCs8vv7mWF5ug8_2vx3cliNtB7_8CommandsNtNtCs9dv23kYwsEz_12clap_builder6derive14FromArgMatches20from_arg_matches_muts7_0B9_
FNDA:0,_RNCNvXs2_NtCs8vv7mWF5ug8_2vx3cliNtB7_8CommandsNtNtCs9dv23kYwsEz_12clap_builder6derive14FromArgMatches20from_arg_matches_muts8_0B9_
FNDA:0,_RNCNvXs2_NtCs8vv7mWF5ug8_2vx3cliNtB7_8CommandsNtNtCs9dv23kYwsEz_12clap_builder6derive14FromArgMatches20from_arg_matches_muts9_0B9_
FNDA:0,_RNCNvXs2_NtCs8vv7mWF5ug8_2vx3cliNtB7_8CommandsNtNtCs9dv23kYwsEz_12clap_builder6derive14FromArgMatches20from_arg_matches_muts_0B9_
FNDA:0,_RNCNvXs2_NtCs8vv7mWF5ug8_2vx3cliNtB7_8CommandsNtNtCs9dv23kYwsEz_12clap_builder6derive14FromArgMatches20from_arg_matches_mutsa_0B9_
FNDA:0,_RNCNvXs2_NtCs8vv7mWF5ug8_2vx3cliNtB7_8CommandsNtNtCs9dv23kYwsEz_12clap_builder6derive14FromArgMatches20from_arg_matches_mutsb_0B9_
FNDA:0,_RNCNvXs2_NtCs8vv7mWF5ug8_2vx3cliNtB7_8CommandsNtNtCs9dv23kYwsEz_12clap_builder6derive14FromArgMatches27update_from_arg_matches_mut0B9_
FNDA:0,_RNCNvXs2_NtCs8vv7mWF5ug8_2vx3cliNtB7_8CommandsNtNtCs9dv23kYwsEz_12clap_builder6derive14FromArgMatches27update_from_arg_matches_muts0_0B9_
FNDA:0,_RNCNvXs2_NtCs8vv7mWF5ug8_2vx3cliNtB7_8CommandsNtNtCs9dv23kYwsEz_12clap_builder6derive14FromArgMatches27update_from_arg_matches_muts1_0B9_
FNDA:0,_RNCNvXs2_NtCs8vv7mWF5ug8_2vx3cliNtB7_8CommandsNtNtCs9dv23kYwsEz_12clap_builder6derive14FromArgMatches27update_from_arg_matches_muts2_0B9_
FNDA:0,_RNCNvXs2_NtCs8vv7mWF5ug8_2vx3cliNtB7_8CommandsNtNtCs9dv23kYwsEz_12clap_builder6derive14FromArgMatches27update_from_arg_matches_muts3_0B9_
FNDA:0,_RNCNvXs2_NtCs8vv7mWF5ug8_2vx3cliNtB7_8CommandsNtNtCs9dv23kYwsEz_12clap_builder6derive14FromArgMatches27update_from_arg_matches_muts4_0B9_
FNDA:0,_RNCNvXs2_NtCs8vv7mWF5ug8_2vx3cliNtB7_8CommandsNtNtCs9dv23kYwsEz_12clap_builder6derive14FromArgMatches27update_from_arg_matches_muts5_0B9_
FNDA:0,_RNCNvXs2_NtCs8vv7mWF5ug8_2vx3cliNtB7_8CommandsNtNtCs9dv23kYwsEz_12clap_builder6derive14FromArgMatches27update_from_arg_matches_muts6_0B9_
FNDA:0,_RNCNvXs2_NtCs8vv7mWF5ug8_2vx3cliNtB7_8CommandsNtNtCs9dv23kYwsEz_12clap_builder6derive14FromArgMatches27update_from_arg_matches_muts7_0B9_
FNDA:0,_RNCNvXs2_NtCs8vv7mWF5ug8_2vx3cliNtB7_8CommandsNtNtCs9dv23kYwsEz_12clap_builder6derive14FromArgMatches27update_from_arg_matches_muts8_0B9_
FNDA:0,_RNCNvXs2_NtCs8vv7mWF5ug8_2vx3cliNtB7_8CommandsNtNtCs9dv23kYwsEz_12clap_builder6derive14FromArgMatches27update_from_arg_matches_muts9_0B9_
FNDA:0,_RNCNvXs2_NtCs8vv7mWF5ug8_2vx3cliNtB7_8CommandsNtNtCs9dv23kYwsEz_12clap_builder6derive14FromArgMatches27update_from_arg_matches_muts_0B9_
FNDA:0,_RNCNvXs2_NtCs8vv7mWF5ug8_2vx3cliNtB7_8CommandsNtNtCs9dv23kYwsEz_12clap_builder6derive14FromArgMatches27update_from_arg_matches_mutsa_0B9_
FNDA:0,_RNCNvXs2_NtCs8vv7mWF5ug8_2vx3cliNtB7_8CommandsNtNtCs9dv23kYwsEz_12clap_builder6derive14FromArgMatches27update_from_arg_matches_mutsb_0B9_
FNDA:0,_RNCNvXs4_NtCs8vv7mWF5ug8_2vx3cliNtB7_13ConfigCommandNtNtCs9dv23kYwsEz_12clap_builder6derive14FromArgMatches20from_arg_matches_mut0B9_
FNDA:0,_RNCNvXs4_NtCs8vv7mWF5ug8_2vx3cliNtB7_13ConfigCommandNtNtCs9dv23kYwsEz_12clap_builder6derive14FromArgMatches20from_arg_matches_muts0_0B9_
FNDA:0,_RNCNvXs4_NtCs8vv7mWF5ug8_2vx3cliNtB7_13ConfigCommandNtNtCs9dv23kYwsEz_12clap_builder6derive14FromArgMatches20from_arg_matches_muts_0B9_
FNDA:0,_RNCNvXs4_NtCs8vv7mWF5ug8_2vx3cliNtB7_13ConfigCommandNtNtCs9dv23kYwsEz_12clap_builder6derive14FromArgMatches27update_from_arg_matches_mut0B9_
FNDA:0,_RNCNvXs4_NtCs8vv7mWF5ug8_2vx3cliNtB7_13ConfigCommandNtNtCs9dv23kYwsEz_12clap_builder6derive14FromArgMatches27update_from_arg_matches_muts0_0B9_
FNDA:0,_RNCNvXs4_NtCs8vv7mWF5ug8_2vx3cliNtB7_13ConfigCommandNtNtCs9dv23kYwsEz_12clap_builder6derive14FromArgMatches27update_from_arg_matches_muts_0B9_
FNDA:0,_RNCNvXs6_NtCs8vv7mWF5ug8_2vx3cliNtB7_13PluginCommandNtNtCs9dv23kYwsEz_12clap_builder6derive14FromArgMatches20from_arg_matches_mut0B9_
FNDA:0,_RNCNvXs6_NtCs8vv7mWF5ug8_2vx3cliNtB7_13PluginCommandNtNtCs9dv23kYwsEz_12clap_builder6derive14FromArgMatches20from_arg_matches_muts0_0B9_
FNDA:0,_RNCNvXs6_NtCs8vv7mWF5ug8_2vx3cliNtB7_13PluginCommandNtNtCs9dv23kYwsEz_12clap_builder6derive14FromArgMatches20from_arg_matches_muts1_0B9_
FNDA:0,_RNCNvXs6_NtCs8vv7mWF5ug8_2vx3cliNtB7_13PluginCommandNtNtCs9dv23kYwsEz_12clap_builder6derive14FromArgMatches20from_arg_matches_muts2_0B9_
FNDA:0,_RNCNvXs6_NtCs8vv7mWF5ug8_2vx3cliNtB7_13PluginCommandNtNtCs9dv23kYwsEz_12clap_builder6derive14FromArgMatches20from_arg_matches_muts_0B9_
FNDA:0,_RNCNvXs6_NtCs8vv7mWF5ug8_2vx3cliNtB7_13PluginCommandNtNtCs9dv23kYwsEz_12clap_builder6derive14FromArgMatches27update_from_arg_matches_mut0B9_
FNDA:0,_RNCNvXs6_NtCs8vv7mWF5ug8_2vx3cliNtB7_13PluginCommandNtNtCs9dv23kYwsEz_12clap_builder6derive14FromArgMatches27update_from_arg_matches_muts0_0B9_
FNDA:0,_RNCNvXs6_NtCs8vv7mWF5ug8_2vx3cliNtB7_13PluginCommandNtNtCs9dv23kYwsEz_12clap_builder6derive14FromArgMatches27update_from_arg_matches_muts1_0B9_
FNDA:0,_RNCNvXs6_NtCs8vv7mWF5ug8_2vx3cliNtB7_13PluginCommandNtNtCs9dv23kYwsEz_12clap_builder6derive14FromArgMatches27update_from_arg_matches_muts2_0B9_
FNDA:0,_RNCNvXs6_NtCs8vv7mWF5ug8_2vx3cliNtB7_13PluginCommandNtNtCs9dv23kYwsEz_12clap_builder6derive14FromArgMatches27update_from_arg_matches_muts_0B9_
FNF:25
FNH:0
DA:32,0
DA:36,0
DA:40,0
DA:54,0
DA:59,0
DA:68,0
DA:74,0
DA:79,0
DA:85,0
DA:88,0
DA:94,0
DA:100,0
DA:103,0
DA:106,0
DA:112,0
DA:118,0
DA:121,0
DA:156,0
DA:158,0
DA:163,0
DA:180,0
DA:188,0
DA:193,0
DA:198,0
DA:203,0
BRF:0
BRH:0
LF:25
LH:0
end_of_record
SF:C:\github\mcpx\src\cli\plugin.rs
FN:9,_RNCNCNvNtNtCse561JCZuupE_2vx3cli6plugin6handle00B9_
FN:80,_RNCNCNvNtNtCse561JCZuupE_2vx3cli6plugin6handle0s0_0B9_
FN:102,_RNCNCNvNtNtCse561JCZuupE_2vx3cli6plugin6handle0s1_0B9_
FN:103,_RNCNCNvNtNtCse561JCZuupE_2vx3cli6plugin6handle0s2_0B9_
FN:24,_RNCNCNvNtNtCse561JCZuupE_2vx3cli6plugin6handle0s_0B9_
FN:7,_RNCNvNtNtCse561JCZuupE_2vx3cli6plugin6handle0B7_
FN:7,_RNvNtNtCse561JCZuupE_2vx3cli6plugin6handle
FN:80,_RNCNCNvNtNtCs8vv7mWF5ug8_2vx3cli6plugin6handle0s0_0CsgEqbR8KZSOZ_2vx
FN:9,_RNCNCNvNtNtCs8vv7mWF5ug8_2vx3cli6plugin6handle00CsgEqbR8KZSOZ_2vx
FN:102,_RNCNCNvNtNtCs8vv7mWF5ug8_2vx3cli6plugin6handle0s1_0CsgEqbR8KZSOZ_2vx
FN:103,_RNCNCNvNtNtCs8vv7mWF5ug8_2vx3cli6plugin6handle0s2_0CsgEqbR8KZSOZ_2vx
FN:24,_RNCNCNvNtNtCs8vv7mWF5ug8_2vx3cli6plugin6handle0s_0CsgEqbR8KZSOZ_2vx
FN:7,_RNCNvNtNtCs8vv7mWF5ug8_2vx3cli6plugin6handle0CsgEqbR8KZSOZ_2vx
FN:7,_RNvNtNtCs8vv7mWF5ug8_2vx3cli6plugin6handle
FNDA:0,_RNCNCNvNtNtCse561JCZuupE_2vx3cli6plugin6handle00B9_
FNDA:0,_RNCNCNvNtNtCse561JCZuupE_2vx3cli6plugin6handle0s0_0B9_
FNDA:0,_RNCNCNvNtNtCse561JCZuupE_2vx3cli6plugin6handle0s1_0B9_
FNDA:0,_RNCNCNvNtNtCse561JCZuupE_2vx3cli6plugin6handle0s2_0B9_
FNDA:0,_RNCNCNvNtNtCse561JCZuupE_2vx3cli6plugin6handle0s_0B9_
FNDA:0,_RNCNvNtNtCse561JCZuupE_2vx3cli6plugin6handle0B7_
FNDA:0,_RNvNtNtCse561JCZuupE_2vx3cli6plugin6handle
FNDA:0,_RNCNCNvNtNtCs8vv7mWF5ug8_2vx3cli6plugin6handle0s0_0CsgEqbR8KZSOZ_2vx
FNDA:0,_RNCNCNvNtNtCs8vv7mWF5ug8_2vx3cli6plugin6handle00CsgEqbR8KZSOZ_2vx
FNDA:0,_RNCNCNvNtNtCs8vv7mWF5ug8_2vx3cli6plugin6handle0s1_0CsgEqbR8KZSOZ_2vx
FNDA:0,_RNCNCNvNtNtCs8vv7mWF5ug8_2vx3cli6plugin6handle0s2_0CsgEqbR8KZSOZ_2vx
FNDA:0,_RNCNCNvNtNtCs8vv7mWF5ug8_2vx3cli6plugin6handle0s_0CsgEqbR8KZSOZ_2vx
FNDA:0,_RNCNvNtNtCs8vv7mWF5ug8_2vx3cli6plugin6handle0CsgEqbR8KZSOZ_2vx
FNDA:0,_RNvNtNtCs8vv7mWF5ug8_2vx3cli6plugin6handle
FNF:7
FNH:0
DA:7,0
DA:8,0
DA:9,0
DA:11,0
DA:16,0
DA:17,0
DA:18,0
DA:19,0
DA:20,0
DA:21,0
DA:22,0
DA:23,0
DA:24,0
DA:25,0
DA:26,0
DA:27,0
DA:28,0
DA:29,0
DA:30,0
DA:32,0
DA:33,0
DA:34,0
DA:38,0
DA:39,0
DA:40,0
DA:41,0
DA:42,0
DA:44,0
DA:45,0
DA:46,0
DA:48,0
DA:49,0
DA:50,0
DA:52,0
DA:53,0
DA:54,0
DA:55,0
DA:57,0
DA:61,0
DA:62,0
DA:63,0
DA:66,0
DA:67,0
DA:68,0
DA:69,0
DA:71,0
DA:72,0
DA:73,0
DA:74,0
DA:76,0
DA:77,0
DA:78,0
DA:79,0
DA:80,0
DA:81,0
DA:82,0
DA:83,0
DA:84,0
DA:85,0
DA:86,0
DA:87,0
DA:88,0
DA:89,0
DA:90,0
DA:91,0
DA:92,0
DA:93,0
DA:94,0
DA:95,0
DA:99,0
DA:100,0
DA:101,0
DA:102,0
DA:103,0
DA:104,0
DA:105,0
DA:106,0
DA:107,0
DA:108,0
DA:109,0
DA:110,0
DA:113,0
DA:114,0
BRF:0
BRH:0
LF:90
LH:0
end_of_record
SF:C:\github\mcpx\src\cli\remove.rs
FN:6,_RNCNvNtNtCse561JCZuupE_2vx3cli6remove6handle0B7_
FN:6,_RNvNtNtCse561JCZuupE_2vx3cli6remove6handle
FN:6,_RNCNvNtNtCs8vv7mWF5ug8_2vx3cli6remove6handle0CsgEqbR8KZSOZ_2vx
FN:6,_RNvNtNtCs8vv7mWF5ug8_2vx3cli6remove6handle
FNDA:0,_RNCNvNtNtCse561JCZuupE_2vx3cli6remove6handle0B7_
FNDA:0,_RNvNtNtCse561JCZuupE_2vx3cli6remove6handle
FNDA:0,_RNCNvNtNtCs8vv7mWF5ug8_2vx3cli6remove6handle0CsgEqbR8KZSOZ_2vx
FNDA:0,_RNvNtNtCs8vv7mWF5ug8_2vx3cli6remove6handle
FNF:2
FNH:0
DA:6,0
DA:7,0
DA:9,0
DA:10,0
DA:11,0
DA:13,0
DA:16,0
DA:17,0
DA:18,0
DA:19,0
DA:20,0
DA:22,0
DA:23,0
DA:25,0
DA:28,0
DA:29,0
DA:30,0
DA:31,0
DA:32,0
DA:35,0
DA:36,0
DA:37,0
DA:41,0
DA:42,0
BRF:0
BRH:0
LF:25
LH:0
end_of_record
SF:C:\github\mcpx\src\cli\stats.rs
FN:117,_RNCNCNvNtNtCse561JCZuupE_2vx3cli5stats14show_all_stats00B9_
FN:13,_RNCNvNtNtCse561JCZuupE_2vx3cli5stats14handle_cleanup0B7_
FN:85,_RNCNvNtNtCse561JCZuupE_2vx3cli5stats14show_all_stats0B7_
FN:47,_RNCNvNtNtCse561JCZuupE_2vx3cli5stats15show_tool_stats0B7_
FN:6,_RNCNvNtNtCse561JCZuupE_2vx3cli5stats6handle0B7_
FN:150,_RNvNtNtCse561JCZuupE_2vx3cli5stats11format_size
FN:13,_RNvNtNtCse561JCZuupE_2vx3cli5stats14handle_cleanup
FN:85,_RNvNtNtCse561JCZuupE_2vx3cli5stats14show_all_stats
FN:47,_RNvNtNtCse561JCZuupE_2vx3cli5stats15show_tool_stats
FN:133,_RNvNtNtCse561JCZuupE_2vx3cli5stats24calculate_directory_size
FN:6,_RNvNtNtCse561JCZuupE_2vx3cli5stats6handle
FN:117,_RNCNCNvNtNtCs8vv7mWF5ug8_2vx3cli5stats14show_all_stats00CsgEqbR8KZSOZ_2vx
FN:13,_RNCNvNtNtCs8vv7mWF5ug8_2vx3cli5stats14handle_cleanup0CsgEqbR8KZSOZ_2vx
FN:85,_RNCNvNtNtCs8vv7mWF5ug8_2vx3cli5stats14show_all_stats0CsgEqbR8KZSOZ_2vx
FN:47,_RNCNvNtNtCs8vv7mWF5ug8_2vx3cli5stats15show_tool_stats0CsgEqbR8KZSOZ_2vx
FN:6,_RNCNvNtNtCs8vv7mWF5ug8_2vx3cli5stats6handle0CsgEqbR8KZSOZ_2vx
FN:150,_RNvNtNtCs8vv7mWF5ug8_2vx3cli5stats11format_size
FN:13,_RNvNtNtCs8vv7mWF5ug8_2vx3cli5stats14handle_cleanup
FN:85,_RNvNtNtCs8vv7mWF5ug8_2vx3cli5stats14show_all_stats
FN:47,_RNvNtNtCs8vv7mWF5ug8_2vx3cli5stats15show_tool_stats
FN:133,_RNvNtNtCs8vv7mWF5ug8_2vx3cli5stats24calculate_directory_size
FN:6,_RNvNtNtCs8vv7mWF5ug8_2vx3cli5stats6handle
FNDA:0,_RNCNCNvNtNtCse561JCZuupE_2vx3cli5stats14show_all_stats00B9_
FNDA:0,_RNCNvNtNtCse561JCZuupE_2vx3cli5stats14handle_cleanup0B7_
FNDA:0,_RNCNvNtNtCse561JCZuupE_2vx3cli5stats14show_all_stats0B7_
FNDA:0,_RNCNvNtNtCse561JCZuupE_2vx3cli5stats15show_tool_stats0B7_
FNDA:0,_RNCNvNtNtCse561JCZuupE_2vx3cli5stats6handle0B7_
FNDA:0,_RNvNtNtCse561JCZuupE_2vx3cli5stats11format_size
FNDA:0,_RNvNtNtCse561JCZuupE_2vx3cli5stats14handle_cleanup
FNDA:0,_RNvNtNtCse561JCZuupE_2vx3cli5stats14show_all_stats
FNDA:0,_RNvNtNtCse561JCZuupE_2vx3cli5stats15show_tool_stats
FNDA:0,_RNvNtNtCse561JCZuupE_2vx3cli5stats24calculate_directory_size
FNDA:0,_RNvNtNtCse561JCZuupE_2vx3cli5stats6handle
FNDA:0,_RNCNCNvNtNtCs8vv7mWF5ug8_2vx3cli5stats14show_all_stats00CsgEqbR8KZSOZ_2vx
FNDA:0,_RNCNvNtNtCs8vv7mWF5ug8_2vx3cli5stats14handle_cleanup0CsgEqbR8KZSOZ_2vx
FNDA:0,_RNCNvNtNtCs8vv7mWF5ug8_2vx3cli5stats14show_all_stats0CsgEqbR8KZSOZ_2vx
FNDA:0,_RNCNvNtNtCs8vv7mWF5ug8_2vx3cli5stats15show_tool_stats0CsgEqbR8KZSOZ_2vx
FNDA:0,_RNCNvNtNtCs8vv7mWF5ug8_2vx3cli5stats6handle0CsgEqbR8KZSOZ_2vx
FNDA:0,_RNvNtNtCs8vv7mWF5ug8_2vx3cli5stats11format_size
FNDA:0,_RNvNtNtCs8vv7mWF5ug8_2vx3cli5stats14handle_cleanup
FNDA:0,_RNvNtNtCs8vv7mWF5ug8_2vx3cli5stats14show_all_stats
FNDA:0,_RNvNtNtCs8vv7mWF5ug8_2vx3cli5stats15show_tool_stats
FNDA:0,_RNvNtNtCs8vv7mWF5ug8_2vx3cli5stats24calculate_directory_size
FNDA:0,_RNvNtNtCs8vv7mWF5ug8_2vx3cli5stats6handle
FNF:11
FNH:0
DA:6,0
DA:7,0
DA:8,0
DA:9,0
DA:11,0
DA:13,0
DA:14,0
DA:15,0
DA:16,0
DA:17,0
DA:18,0
DA:20,0
DA:22,0
DA:23,0
DA:24,0
DA:25,0
DA:26,0
DA:27,0
DA:28,0
DA:29,0
DA:31,0
DA:32,0
DA:33,0
DA:34,0
DA:35,0
DA:36,0
DA:38,0
DA:40,0
DA:41,0
DA:42,0
DA:44,0
DA:45,0
DA:47,0
DA:48,0
DA:50,0
DA:51,0
DA:52,0
DA:53,0
DA:54,0
DA:55,0
DA:56,0
DA:57,0
DA:58,0
DA:59,0
DA:60,0
DA:61,0
DA:62,0
DA:63,0
DA:64,0
DA:65,0
DA:66,0
DA:67,0
DA:68,0
DA:70,0
DA:72,0
DA:73,0
DA:74,0
DA:75,0
DA:79,0
DA:80,0
DA:81,0
DA:82,0
DA:83,0
DA:85,0
DA:86,0
DA:87,0
DA:88,0
DA:89,0
DA:90,0
DA:91,0
DA:92,0
DA:93,0
DA:94,0
DA:95,0
DA:96,0
DA:97,0
DA:98,0
DA:99,0
DA:102,0
DA:103,0
DA:104,0
DA:105,0
DA:106,0
DA:107,0
DA:108,0
DA:109,0
DA:110,0
DA:111,0
DA:112,0
DA:113,0
DA:114,0
DA:115,0
DA:116,0
DA:117,0
DA:118,0
DA:119,0
DA:120,0
DA:121,0
DA:122,0
DA:123,0
DA:124,0
DA:125,0
DA:126,0
DA:127,0
DA:128,0
DA:130,0
DA:131,0
DA:133,0
DA:134,0
DA:135,0
DA:136,0
DA:137,0
DA:138,0
DA:139,0
DA:140,0
DA:141,0
DA:142,0
DA:144,0
DA:146,0
DA:148,0
DA:150,0
DA:152,0
DA:153,0
DA:155,0
DA:156,0
DA:157,0
DA:158,0
DA:160,0
DA:161,0
DA:163,0
DA:165,0
BRF:0
BRH:0
LF:137
LH:0
end_of_record
SF:C:\github\mcpx\src\cli\switch.rs
FN:6,_RNCNvNtNtCse561JCZuupE_2vx3cli6switch6handle0B7_
FN:6,_RNvNtNtCse561JCZuupE_2vx3cli6switch6handle
FN:6,_RNCNvNtNtCs8vv7mWF5ug8_2vx3cli6switch6handle0CsgEqbR8KZSOZ_2vx
FN:6,_RNvNtNtCs8vv7mWF5ug8_2vx3cli6switch6handle
FNDA:0,_RNCNvNtNtCse561JCZuupE_2vx3cli6switch6handle0B7_
FNDA:0,_RNvNtNtCse561JCZuupE_2vx3cli6switch6handle
FNDA:0,_RNCNvNtNtCs8vv7mWF5ug8_2vx3cli6switch6handle0CsgEqbR8KZSOZ_2vx
FNDA:0,_RNvNtNtCs8vv7mWF5ug8_2vx3cli6switch6handle
FNF:2
FNH:0
DA:6,0
DA:7,0
DA:8,0
DA:9,0
DA:10,0
DA:11,0
DA:12,0
DA:13,0
DA:14,0
DA:15,0
DA:16,0
DA:17,0
DA:18,0
DA:19,0
DA:21,0
DA:22,0
DA:24,0
DA:25,0
DA:26,0
DA:27,0
DA:28,0
DA:29,0
DA:30,0
DA:31,0
DA:32,0
DA:34,0
DA:35,0
DA:36,0
DA:37,0
DA:41,0
DA:42,0
BRF:0
BRH:0
LF:32
LH:0
end_of_record
SF:C:\github\mcpx\src\cli\update.rs
FN:40,_RNCNCNCNvNtNtCse561JCZuupE_2vx3cli6update11update_tool0s0_00Bb_
FN:99,_RNCNCNCNvNtNtCse561JCZuupE_2vx3cli6update11update_tool0s1_00Bb_
FN:48,_RNCNCNvNtNtCse561JCZuupE_2vx3cli6update11update_tool00B9_
FN:74,_RNCNCNvNtNtCse561JCZuupE_2vx3cli6update11update_tool0s_0B9_
FN:27,_RNCNvNtNtCse561JCZuupE_2vx3cli6update11update_tool0B7_
FN:121,_RNCNvNtNtCse561JCZuupE_2vx3cli6update16update_all_tools0B7_
FN:182,_RNCNvNtNtCse561JCZuupE_2vx3cli6update17check_all_updates0B7_
FN:156,_RNCNvNtNtCse561JCZuupE_2vx3cli6update18check_tool_updates0B7_
FN:264,_RNCNvNtNtCse561JCZuupE_2vx3cli6update18get_latest_version0B7_
FN:245,_RNCNvNtNtCse561JCZuupE_2vx3cli6update19get_current_version0B7_
FN:8,_RNCNvNtNtCse561JCZuupE_2vx3cli6update6handle0B7_
FN:27,_RNvNtNtCse561JCZuupE_2vx3cli6update11update_tool
FN:121,_RNvNtNtCse561JCZuupE_2vx3cli6update16update_all_tools
FN:182,_RNvNtNtCse561JCZuupE_2vx3cli6update17check_all_updates
FN:156,_RNvNtNtCse561JCZuupE_2vx3cli6update18check_tool_updates
FN:264,_RNvNtNtCse561JCZuupE_2vx3cli6update18get_latest_version
FN:245,_RNvNtNtCse561JCZuupE_2vx3cli6update19get_current_version
FN:8,_RNvNtNtCse561JCZuupE_2vx3cli6update6handle
FN:74,_RNCNCNvNtNtCs8vv7mWF5ug8_2vx3cli6update11update_tool0s_0CsgEqbR8KZSOZ_2vx
FN:40,_RNCNCNCNvNtNtCs8vv7mWF5ug8_2vx3cli6update11update_tool0s0_00CsgEqbR8KZSOZ_2vx
FN:99,_RNCNCNCNvNtNtCs8vv7mWF5ug8_2vx3cli6update11update_tool0s1_00CsgEqbR8KZSOZ_2vx
FN:48,_RNCNCNvNtNtCs8vv7mWF5ug8_2vx3cli6update11update_tool00CsgEqbR8KZSOZ_2vx
FN:27,_RNCNvNtNtCs8vv7mWF5ug8_2vx3cli6update11update_tool0CsgEqbR8KZSOZ_2vx
FN:121,_RNCNvNtNtCs8vv7mWF5ug8_2vx3cli6update16update_all_tools0CsgEqbR8KZSOZ_2vx
FN:182,_RNCNvNtNtCs8vv7mWF5ug8_2vx3cli6update17check_all_updates0CsgEqbR8KZSOZ_2vx
FN:156,_RNCNvNtNtCs8vv7mWF5ug8_2vx3cli6update18check_tool_updates0CsgEqbR8KZSOZ_2vx
FN:264,_RNCNvNtNtCs8vv7mWF5ug8_2vx3cli6update18get_latest_version0CsgEqbR8KZSOZ_2vx
FN:245,_RNCNvNtNtCs8vv7mWF5ug8_2vx3cli6update19get_current_version0CsgEqbR8KZSOZ_2vx
FN:8,_RNCNvNtNtCs8vv7mWF5ug8_2vx3cli6update6handle0CsgEqbR8KZSOZ_2vx
FN:27,_RNvNtNtCs8vv7mWF5ug8_2vx3cli6update11update_tool
FN:121,_RNvNtNtCs8vv7mWF5ug8_2vx3cli6update16update_all_tools
FN:182,_RNvNtNtCs8vv7mWF5ug8_2vx3cli6update17check_all_updates
FN:156,_RNvNtNtCs8vv7mWF5ug8_2vx3cli6update18check_tool_updates
FN:264,_RNvNtNtCs8vv7mWF5ug8_2vx3cli6update18get_latest_version
FN:245,_RNvNtNtCs8vv7mWF5ug8_2vx3cli6update19get_current_version
FN:8,_RNvNtNtCs8vv7mWF5ug8_2vx3cli6update6handle
FNDA:0,_RNCNCNCNvNtNtCse561JCZuupE_2vx3cli6update11update_tool0s0_00Bb_
FNDA:0,_RNCNCNCNvNtNtCse561JCZuupE_2vx3cli6update11update_tool0s1_00Bb_
FNDA:0,_RNCNCNvNtNtCse561JCZuupE_2vx3cli6update11update_tool00B9_
FNDA:0,_RNCNCNvNtNtCse561JCZuupE_2vx3cli6update11update_tool0s_0B9_
FNDA:0,_RNCNvNtNtCse561JCZuupE_2vx3cli6update11update_tool0B7_
FNDA:0,_RNCNvNtNtCse561JCZuupE_2vx3cli6update16update_all_tools0B7_
FNDA:0,_RNCNvNtNtCse561JCZuupE_2vx3cli6update17check_all_updates0B7_
FNDA:0,_RNCNvNtNtCse561JCZuupE_2vx3cli6update18check_tool_updates0B7_
FNDA:0,_RNCNvNtNtCse561JCZuupE_2vx3cli6update18get_latest_version0B7_
FNDA:0,_RNCNvNtNtCse561JCZuupE_2vx3cli6update19get_current_version0B7_
FNDA:0,_RNCNvNtNtCse561JCZuupE_2vx3cli6update6handle0B7_
FNDA:0,_RNvNtNtCse561JCZuupE_2vx3cli6update11update_tool
FNDA:0,_RNvNtNtCse561JCZuupE_2vx3cli6update16update_all_tools
FNDA:0,_RNvNtNtCse561JCZuupE_2vx3cli6update17check_all_updates
FNDA:0,_RNvNtNtCse561JCZuupE_2vx3cli6update18check_tool_updates
FNDA:0,_RNvNtNtCse561JCZuupE_2vx3cli6update18get_latest_version
FNDA:0,_RNvNtNtCse561JCZuupE_2vx3cli6update19get_current_version
FNDA:0,_RNvNtNtCse561JCZuupE_2vx3cli6update6handle
FNDA:0,_RNCNCNvNtNtCs8vv7mWF5ug8_2vx3cli6update11update_tool0s_0CsgEqbR8KZSOZ_2vx
FNDA:0,_RNCNCNCNvNtNtCs8vv7mWF5ug8_2vx3cli6update11update_tool0s0_00CsgEqbR8KZSOZ_2vx
FNDA:0,_RNCNCNCNvNtNtCs8vv7mWF5ug8_2vx3cli6update11update_tool0s1_00CsgEqbR8KZSOZ_2vx
FNDA:0,_RNCNCNvNtNtCs8vv7mWF5ug8_2vx3cli6update11update_tool00CsgEqbR8KZSOZ_2vx
FNDA:0,_RNCNvNtNtCs8vv7mWF5ug8_2vx3cli6update11update_tool0CsgEqbR8KZSOZ_2vx
FNDA:0,_RNCNvNtNtCs8vv7mWF5ug8_2vx3cli6update16update_all_tools0CsgEqbR8KZSOZ_2vx
FNDA:0,_RNCNvNtNtCs8vv7mWF5ug8_2vx3cli6update17check_all_updates0CsgEqbR8KZSOZ_2vx
FNDA:0,_RNCNvNtNtCs8vv7mWF5ug8_2vx3cli6update18check_tool_updates0CsgEqbR8KZSOZ_2vx
FNDA:0,_RNCNvNtNtCs8vv7mWF5ug8_2vx3cli6update18get_latest_version0CsgEqbR8KZSOZ_2vx
FNDA:0,_RNCNvNtNtCs8vv7mWF5ug8_2vx3cli6update19get_current_version0CsgEqbR8KZSOZ_2vx
FNDA:0,_RNCNvNtNtCs8vv7mWF5ug8_2vx3cli6update6handle0CsgEqbR8KZSOZ_2vx
FNDA:0,_RNvNtNtCs8vv7mWF5ug8_2vx3cli6update11update_tool
FNDA:0,_RNvNtNtCs8vv7mWF5ug8_2vx3cli6update16update_all_tools
FNDA:0,_RNvNtNtCs8vv7mWF5ug8_2vx3cli6update17check_all_updates
FNDA:0,_RNvNtNtCs8vv7mWF5ug8_2vx3cli6update18check_tool_updates
FNDA:0,_RNvNtNtCs8vv7mWF5ug8_2vx3cli6update18get_latest_version
FNDA:0,_RNvNtNtCs8vv7mWF5ug8_2vx3cli6update19get_current_version
FNDA:0,_RNvNtNtCs8vv7mWF5ug8_2vx3cli6update6handle
FNF:18
FNH:0
DA:8,0
DA:9,0
DA:10,0
DA:11,0
DA:12,0
DA:14,0
DA:18,0
DA:19,0
DA:21,0
DA:25,0
DA:27,0
DA:28,0
DA:30,0
DA:31,0
DA:32,0
DA:33,0
DA:34,0
DA:35,0
DA:36,0
DA:37,0
DA:40,0
DA:41,0
DA:42,0
DA:43,0
DA:44,0
DA:45,0
DA:48,0
DA:50,0
DA:51,0
DA:53,0
DA:57,0
DA:58,0
DA:59,0
DA:60,0
DA:61,0
DA:62,0
DA:63,0
DA:64,0
DA:65,0
DA:66,0
DA:67,0
DA:69,0
DA:70,0
DA:71,0
DA:72,0
DA:73,0
DA:74,0
DA:75,0
DA:76,0
DA:77,0
DA:78,0
DA:79,0
DA:80,0
DA:81,0
DA:82,0
DA:83,0
DA:84,0
DA:86,0
DA:87,0
DA:88,0
DA:89,0
DA:90,0
DA:91,0
DA:92,0
DA:95,0
DA:96,0
DA:97,0
DA:98,0
DA:99,0
DA:100,0
DA:101,0
DA:102,0
DA:103,0
DA:104,0
DA:105,0
DA:106,0
DA:108,0
DA:109,0
DA:110,0
DA:111,0
DA:112,0
DA:113,0
DA:114,0
DA:115,0
DA:116,0
DA:118,0
DA:119,0
DA:121,0
DA:122,0
DA:124,0
DA:125,0
DA:127,0
DA:128,0
DA:129,0
DA:130,0
DA:131,0
DA:132,0
DA:133,0
DA:135,0
DA:136,0
DA:137,0
DA:138,0
DA:139,0
DA:140,0
DA:141,0
DA:142,0
DA:146,0
DA:147,0
DA:148,0
DA:149,0
DA:150,0
DA:151,0
DA:153,0
DA:154,0
DA:156,0
DA:157,0
DA:159,0
DA:160,0
DA:162,0
DA:163,0
DA:164,0
DA:165,0
DA:166,0
DA:167,0
DA:168,0
DA:169,0
DA:170,0
DA:171,0
DA:173,0
DA:174,0
DA:175,0
DA:176,0
DA:179,0
DA:180,0
DA:182,0
DA:183,0
DA:185,0
DA:186,0
DA:188,0
DA:189,0
DA:190,0
DA:191,0
DA:192,0
DA:193,0
DA:194,0
DA:195,0
DA:197,0
DA:199,0
DA:200,0
DA:202,0
DA:203,0
DA:204,0
DA:205,0
DA:206,0
DA:207,0
DA:209,0
DA:210,0
DA:211,0
DA:212,0
DA:213,0
DA:214,0
DA:218,0
DA:219,0
DA:220,0
DA:221,0
DA:222,0
DA:223,0
DA:224,0
DA:225,0
DA:226,0
DA:228,0
DA:229,0
DA:230,0
DA:231,0
DA:232,0
DA:233,0
DA:235,0
DA:236,0
DA:237,0
DA:238,0
DA:239,0
DA:240,0
DA:242,0
DA:243,0
DA:245,0
DA:247,0
DA:248,0
DA:249,0
DA:251,0
DA:252,0
DA:253,0
DA:254,0
DA:256,0
DA:257,0
DA:258,0
DA:259,0
DA:261,0
DA:262,0
DA:264,0
DA:265,0
DA:266,0
DA:267,0
DA:268,0
DA:270,0
DA:271,0
DA:272,0
DA:274,0
DA:277,0
DA:279,0
DA:282,0
DA:284,0
DA:285,0
DA:286,0
DA:287,0
DA:289,0
BRF:0
BRH:0
LF:235
LH:0
end_of_record
SF:C:\github\mcpx\src\cli\use_cmd.rs
FN:6,_RNCNvNtNtCse561JCZuupE_2vx3cli7use_cmd6handle0B7_
FN:6,_RNvNtNtCse561JCZuupE_2vx3cli7use_cmd6handle
FN:6,_RNCNvNtNtCs8vv7mWF5ug8_2vx3cli7use_cmd6handle0CsgEqbR8KZSOZ_2vx
FN:6,_RNvNtNtCs8vv7mWF5ug8_2vx3cli7use_cmd6handle
FNDA:0,_RNCNvNtNtCse561JCZuupE_2vx3cli7use_cmd6handle0B7_
FNDA:0,_RNvNtNtCse561JCZuupE_2vx3cli7use_cmd6handle
FNDA:0,_RNCNvNtNtCs8vv7mWF5ug8_2vx3cli7use_cmd6handle0CsgEqbR8KZSOZ_2vx
FNDA:0,_RNvNtNtCs8vv7mWF5ug8_2vx3cli7use_cmd6handle
FNF:2
FNH:0
DA:6,0
DA:7,0
DA:8,0
DA:9,0
DA:10,0
DA:11,0
DA:12,0
BRF:0
BRH:0
LF:8
LH:0
end_of_record
SF:C:\github\mcpx\src\cli\venv_cmd.rs
FN:91,_RNCNvNtNtCse561JCZuupE_2vx3cli8venv_cmd10list_venvs0B7_
FN:58,_RNCNvNtNtCse561JCZuupE_2vx3cli8venv_cmd11create_venv0B7_
FN:163,_RNCNvNtNtCse561JCZuupE_2vx3cli8venv_cmd11remove_venv0B7_
FN:118,_RNCNvNtNtCse561JCZuupE_2vx3cli8venv_cmd13activate_venv0B7_
FN:145,_RNCNvNtNtCse561JCZuupE_2vx3cli8venv_cmd15deactivate_venv0B7_
FN:195,_RNCNvNtNtCse561JCZuupE_2vx3cli8venv_cmd17show_current_venv0B7_
FN:45,_RNCNvNtNtCse561JCZuupE_2vx3cli8venv_cmd19handle_venv_command0B7_
FN:19,_RNCNvXs0_NtNtCse561JCZuupE_2vx3cli8venv_cmdNtB7_11VenvCommandNtNtCs9dv23kYwsEz_12clap_builder6derive14FromArgMatches20from_arg_matches_mut0Bb_
FN:29,_RNCNvXs0_NtNtCse561JCZuupE_2vx3cli8venv_cmdNtB7_11VenvCommandNtNtCs9dv23kYwsEz_12clap_builder6derive14FromArgMatches20from_arg_matches_muts0_0Bb_
FN:36,_RNCNvXs0_NtNtCse561JCZuupE_2vx3cli8venv_cmdNtB7_11VenvCommandNtNtCs9dv23kYwsEz_12clap_builder6derive14FromArgMatches20from_arg_matches_muts1_0Bb_
FN:39,_RNCNvXs0_NtNtCse561JCZuupE_2vx3cli8venv_cmdNtB7_11VenvCommandNtNtCs9dv23kYwsEz_12clap_builder6derive14FromArgMatches20from_arg_matches_muts2_0Bb_
FN:22,_RNCNvXs0_NtNtCse561JCZuupE_2vx3cli8venv_cmdNtB7_11VenvCommandNtNtCs9dv23kYwsEz_12clap_builder6derive14FromArgMatches20from_arg_matches_muts_0Bb_
FN:19,_RNCNvXs0_NtNtCse561JCZuupE_2vx3cli8venv_cmdNtB7_11VenvCommandNtNtCs9dv23kYwsEz_12clap_builder6derive14FromArgMatches27update_from_arg_matches_mut0Bb_
FN:29,_RNCNvXs0_NtNtCse561JCZuupE_2vx3cli8venv_cmdNtB7_11VenvCommandNtNtCs9dv23kYwsEz_12clap_builder6derive14FromArgMatches27update_from_arg_matches_muts0_0Bb_
FN:36,_RNCNvXs0_NtNtCse561JCZuupE_2vx3cli8venv_cmdNtB7_11VenvCommandNtNtCs9dv23kYwsEz_12clap_builder6derive14FromArgMatches27update_from_arg_matches_muts1_0Bb_
FN:39,_RNCNvXs0_NtNtCse561JCZuupE_2vx3cli8venv_cmdNtB7_11VenvCommandNtNtCs9dv23kYwsEz_12clap_builder6derive14FromArgMatches27update_from_arg_matches_muts2_0Bb_
FN:22,_RNCNvXs0_NtNtCse561JCZuupE_2vx3cli8venv_cmdNtB7_11VenvCommandNtNtCs9dv23kYwsEz_12clap_builder6derive14FromArgMatches27update_from_arg_matches_muts_0Bb_
FN:91,_RNvNtNtCse561JCZuupE_2vx3cli8venv_cmd10list_venvs
FN:58,_RNvNtNtCse561JCZuupE_2vx3cli8venv_cmd11create_venv
FN:163,_RNvNtNtCse561JCZuupE_2vx3cli8venv_cmd11remove_venv
FN:118,_RNvNtNtCse561JCZuupE_2vx3cli8venv_cmd13activate_venv
FN:145,_RNvNtNtCse561JCZuupE_2vx3cli8venv_cmd15deactivate_venv
FN:195,_RNvNtNtCse561JCZuupE_2vx3cli8venv_cmd17show_current_venv
FN:45,_RNvNtNtCse561JCZuupE_2vx3cli8venv_cmd19handle_venv_command
FN:91,_RNCNvNtNtCs8vv7mWF5ug8_2vx3cli8venv_cmd10list_venvs0CsgEqbR8KZSOZ_2vx
FN:58,_RNCNvNtNtCs8vv7mWF5ug8_2vx3cli8venv_cmd11create_venv0CsgEqbR8KZSOZ_2vx
FN:163,_RNCNvNtNtCs8vv7mWF5ug8_2vx3cli8venv_cmd11remove_venv0CsgEqbR8KZSOZ_2vx
FN:118,_RNCNvNtNtCs8vv7mWF5ug8_2vx3cli8venv_cmd13activate_venv0CsgEqbR8KZSOZ_2vx
FN:145,_RNCNvNtNtCs8vv7mWF5ug8_2vx3cli8venv_cmd15deactivate_venv0CsgEqbR8KZSOZ_2vx
FN:195,_RNCNvNtNtCs8vv7mWF5ug8_2vx3cli8venv_cmd17show_current_venv0CsgEqbR8KZSOZ_2vx
FN:45,_RNCNvNtNtCs8vv7mWF5ug8_2vx3cli8venv_cmd19handle_venv_command0CsgEqbR8KZSOZ_2vx
FN:19,_RNCNvXs0_NtNtCs8vv7mWF5ug8_2vx3cli8venv_cmdNtB7_11VenvCommandNtNtCs9dv23kYwsEz_12clap_builder6derive14FromArgMatches20from_arg_matches_mut0Bb_
FN:29,_RNCNvXs0_NtNtCs8vv7mWF5ug8_2vx3cli8venv_cmdNtB7_11VenvCommandNtNtCs9dv23kYwsEz_12clap_builder6derive14FromArgMatches20from_arg_matches_muts0_0Bb_
FN:36,_RNCNvXs0_NtNtCs8vv7mWF5ug8_2vx3cli8venv_cmdNtB7_11VenvCommandNtNtCs9dv23kYwsEz_12clap_builder6derive14FromArgMatches20from_arg_matches_muts1_0Bb_
FN:39,_RNCNvXs0_NtNtCs8vv7mWF5ug8_2vx3cli8venv_cmdNtB7_11VenvCommandNtNtCs9dv23kYwsEz_12clap_builder6derive14FromArgMatches20from_arg_matches_muts2_0Bb_
FN:22,_RNCNvXs0_NtNtCs8vv7mWF5ug8_2vx3cli8venv_cmdNtB7_11VenvCommandNtNtCs9dv23kYwsEz_12clap_builder6derive14FromArgMatches20from_arg_matches_muts_0Bb_
FN:19,_RNCNvXs0_NtNtCs8vv7mWF5ug8_2vx3cli8venv_cmdNtB7_11VenvCommandNtNtCs9dv23kYwsEz_12clap_builder6derive14FromArgMatches27update_from_arg_matches_mut0Bb_
FN:29,_RNCNvXs0_NtNtCs8vv7mWF5ug8_2vx3cli8venv_cmdNtB7_11VenvCommandNtNtCs9dv23kYwsEz_12clap_builder6derive14FromArgMatches27update_from_arg_matches_muts0_0Bb_
FN:36,_RNCNvXs0_NtNtCs8vv7mWF5ug8_2vx3cli8venv_cmdNtB7_11VenvCommandNtNtCs9dv23kYwsEz_12clap_builder6derive14FromArgMatches27update_from_arg_matches_muts1_0Bb_
FN:39,_RNCNvXs0_NtNtCs8vv7mWF5ug8_2vx3cli8venv_cmdNtB7_11VenvCommandNtNtCs9dv23kYwsEz_12clap_builder6derive14FromArgMatches27update_from_arg_matches_muts2_0Bb_
FN:22,_RNCNvXs0_NtNtCs8vv7mWF5ug8_2vx3cli8venv_cmdNtB7_11VenvCommandNtNtCs9dv23kYwsEz_12clap_builder6derive14FromArgMatches27update_from_arg_matches_muts_0Bb_
FN:91,_RNvNtNtCs8vv7mWF5ug8_2vx3cli8venv_cmd10list_venvs
FN:58,_RNvNtNtCs8vv7mWF5ug8_2vx3cli8venv_cmd11create_venv
FN:163,_RNvNtNtCs8vv7mWF5ug8_2vx3cli8venv_cmd11remove_venv
FN:118,_RNvNtNtCs8vv7mWF5ug8_2vx3cli8venv_cmd13activate_venv
FN:145,_RNvNtNtCs8vv7mWF5ug8_2vx3cli8venv_cmd15deactivate_venv
FN:195,_RNvNtNtCs8vv7mWF5ug8_2vx3cli8venv_cmd17show_current_venv
FN:45,_RNvNtNtCs8vv7mWF5ug8_2vx3cli8venv_cmd19handle_venv_command
FNDA:0,_RNCNvNtNtCse561JCZuupE_2vx3cli8venv_cmd10list_venvs0B7_
FNDA:0,_RNCNvNtNtCse561JCZuupE_2vx3cli8venv_cmd11create_venv0B7_
FNDA:0,_RNCNvNtNtCse561JCZuupE_2vx3cli8venv_cmd11remove_venv0B7_
FNDA:0,_RNCNvNtNtCse561JCZuupE_2vx3cli8venv_cmd13activate_venv0B7_
FNDA:0,_RNCNvNtNtCse561JCZuupE_2vx3cli8venv_cmd15deactivate_venv0B7_
FNDA:0,_RNCNvNtNtCse561JCZuupE_2vx3cli8venv_cmd17show_current_venv0B7_
FNDA:0,_RNCNvNtNtCse561JCZuupE_2vx3cli8venv_cmd19handle_venv_command0B7_
FNDA:0,_RNCNvXs0_NtNtCse561JCZuupE_2vx3cli8venv_cmdNtB7_11VenvCommandNtNtCs9dv23kYwsEz_12clap_builder6derive14FromArgMatches20from_arg_matches_mut0Bb_
FNDA:0,_RNCNvXs0_NtNtCse561JCZuupE_2vx3cli8venv_cmdNtB7_11VenvCommandNtNtCs9dv23kYwsEz_12clap_builder6derive14FromArgMatches20from_arg_matches_muts0_0Bb_
FNDA:0,_RNCNvXs0_NtNtCse561JCZuupE_2vx3cli8venv_cmdNtB7_11VenvCommandNtNtCs9dv23kYwsEz_12clap_builder6derive14FromArgMatches20from_arg_matches_muts1_0Bb_
FNDA:0,_RNCNvXs0_NtNtCse561JCZuupE_2vx3cli8venv_cmdNtB7_11VenvCommandNtNtCs9dv23kYwsEz_12clap_builder6derive14FromArgMatches20from_arg_matches_muts2_0Bb_
FNDA:0,_RNCNvXs0_NtNtCse561JCZuupE_2vx3cli8venv_cmdNtB7_11VenvCommandNtNtCs9dv23kYwsEz_12clap_builder6derive14FromArgMatches20from_arg_matches_muts_0Bb_
FNDA:0,_RNCNvXs0_NtNtCse561JCZuupE_2vx3cli8venv_cmdNtB7_11VenvCommandNtNtCs9dv23kYwsEz_12clap_builder6derive14FromArgMatches27update_from_arg_matches_mut0Bb_
FNDA:0,_RNCNvXs0_NtNtCse561JCZuupE_2vx3cli8venv_cmdNtB7_11VenvCommandNtNtCs9dv23kYwsEz_12clap_builder6derive14FromArgMatches27update_from_arg_matches_muts0_0Bb_
FNDA:0,_RNCNvXs0_NtNtCse561JCZuupE_2vx3cli8venv_cmdNtB7_11VenvCommandNtNtCs9dv23kYwsEz_12clap_builder6derive14FromArgMatches27update_from_arg_matches_muts1_0Bb_
FNDA:0,_RNCNvXs0_NtNtCse561JCZuupE_2vx3cli8venv_cmdNtB7_11VenvCommandNtNtCs9dv23kYwsEz_12clap_builder6derive14FromArgMatches27update_from_arg_matches_muts2_0Bb_
FNDA:0,_RNCNvXs0_NtNtCse561JCZuupE_2vx3cli8venv_cmdNtB7_11VenvCommandNtNtCs9dv23kYwsEz_12clap_builder6derive14FromArgMatches27update_from_arg_matches_muts_0Bb_
FNDA:0,_RNvNtNtCse561JCZuupE_2vx3cli8venv_cmd10list_venvs
FNDA:0,_RNvNtNtCse561JCZuupE_2vx3cli8venv_cmd11create_venv
FNDA:0,_RNvNtNtCse561JCZuupE_2vx3cli8venv_cmd11remove_venv
FNDA:0,_RNvNtNtCse561JCZuupE_2vx3cli8venv_cmd13activate_venv
FNDA:0,_RNvNtNtCse561JCZuupE_2vx3cli8venv_cmd15deactivate_venv
FNDA:0,_RNvNtNtCse561JCZuupE_2vx3cli8venv_cmd17show_current_venv
FNDA:0,_RNvNtNtCse561JCZuupE_2vx3cli8venv_cmd19handle_venv_command
FNDA:0,_RNCNvNtNtCs8vv7mWF5ug8_2vx3cli8venv_cmd10list_venvs0CsgEqbR8KZSOZ_2vx
FNDA:0,_RNCNvNtNtCs8vv7mWF5ug8_2vx3cli8venv_cmd11create_venv0CsgEqbR8KZSOZ_2vx
FNDA:0,_RNCNvNtNtCs8vv7mWF5ug8_2vx3cli8venv_cmd11remove_venv0CsgEqbR8KZSOZ_2vx
FNDA:0,_RNCNvNtNtCs8vv7mWF5ug8_2vx3cli8venv_cmd13activate_venv0CsgEqbR8KZSOZ_2vx
FNDA:0,_RNCNvNtNtCs8vv7mWF5ug8_2vx3cli8venv_cmd15deactivate_venv0CsgEqbR8KZSOZ_2vx
FNDA:0,_RNCNvNtNtCs8vv7mWF5ug8_2vx3cli8venv_cmd17show_current_venv0CsgEqbR8KZSOZ_2vx
FNDA:0,_RNCNvNtNtCs8vv7mWF5ug8_2vx3cli8venv_cmd19handle_venv_command0CsgEqbR8KZSOZ_2vx
FNDA:0,_RNCNvXs0_NtNtCs8vv7mWF5ug8_2vx3cli8venv_cmdNtB7_11VenvCommandNtNtCs9dv23kYwsEz_12clap_builder6derive14FromArgMatches20from_arg_matches_mut0Bb_
FNDA:0,_RNCNvXs0_NtNtCs8vv7mWF5ug8_2vx3cli8venv_cmdNtB7_11VenvCommandNtNtCs9dv23kYwsEz_12clap_builder6derive14FromArgMatches20from_arg_matches_muts0_0Bb_
FNDA:0,_RNCNvXs0_NtNtCs8vv7mWF5ug8_2vx3cli8venv_cmdNtB7_11VenvCommandNtNtCs9dv23kYwsEz_12clap_builder6derive14FromArgMatches20from_arg_matches_muts1_0Bb_
FNDA:0,_RNCNvXs0_NtNtCs8vv7mWF5ug8_2vx3cli8venv_cmdNtB7_11VenvCommandNtNtCs9dv23kYwsEz_12clap_builder6derive14FromArgMatches20from_arg_matches_muts2_0Bb_
FNDA:0,_RNCNvXs0_NtNtCs8vv7mWF5ug8_2vx3cli8venv_cmdNtB7_11VenvCommandNtNtCs9dv23kYwsEz_12clap_builder6derive14FromArgMatches20from_arg_matches_muts_0Bb_
FNDA:0,_RNCNvXs0_NtNtCs8vv7mWF5ug8_2vx3cli8venv_cmdNtB7_11VenvCommandNtNtCs9dv23kYwsEz_12clap_builder6derive14FromArgMatches27update_from_arg_matches_mut0Bb_
FNDA:0,_RNCNvXs0_NtNtCs8vv7mWF5ug8_2vx3cli8venv_cmdNtB7_11VenvCommandNtNtCs9dv23kYwsEz_12clap_builder6derive14FromArgMatches27update_from_arg_matches_muts0_0Bb_
FNDA:0,_RNCNvXs0_NtNtCs8vv7mWF5ug8_2vx3cli8venv_cmdNtB7_11VenvCommandNtNtCs9dv23kYwsEz_12clap_builder6derive14FromArgMatches27update_from_arg_matches_muts1_0Bb_
FNDA:0,_RNCNvXs0_NtNtCs8vv7mWF5ug8_2vx3cli8venv_cmdNtB7_11VenvCommandNtNtCs9dv23kYwsEz_12clap_builder6derive14FromArgMatches27update_from_arg_matches_muts2_0Bb_
FNDA:0,_RNCNvXs0_NtNtCs8vv7mWF5ug8_2vx3cli8venv_cmdNtB7_11VenvCommandNtNtCs9dv23kYwsEz_12clap_builder6derive14FromArgMatches27update_from_arg_matches_muts_0Bb_
FNDA:0,_RNvNtNtCs8vv7mWF5ug8_2vx3cli8venv_cmd10list_venvs
FNDA:0,_RNvNtNtCs8vv7mWF5ug8_2vx3cli8venv_cmd11create_venv
FNDA:0,_RNvNtNtCs8vv7mWF5ug8_2vx3cli8venv_cmd11remove_venv
FNDA:0,_RNvNtNtCs8vv7mWF5ug8_2vx3cli8venv_cmd13activate_venv
FNDA:0,_RNvNtNtCs8vv7mWF5ug8_2vx3cli8venv_cmd15deactivate_venv
FNDA:0,_RNvNtNtCs8vv7mWF5ug8_2vx3cli8venv_cmd17show_current_venv
FNDA:0,_RNvNtNtCs8vv7mWF5ug8_2vx3cli8venv_cmd19handle_venv_command
FNF:19
FNH:0
DA:19,0
DA:22,0
DA:29,0
DA:36,0
DA:39,0
DA:45,0
DA:46,0
DA:48,0
DA:49,0
DA:50,0
DA:51,0
DA:52,0
DA:53,0
DA:54,0
DA:56,0
DA:58,0
DA:59,0
DA:60,0
DA:61,0
DA:62,0
DA:63,0
DA:64,0
DA:65,0
DA:66,0
DA:67,0
DA:68,0
DA:71,0
DA:72,0
DA:73,0
DA:74,0
DA:75,0
DA:76,0
DA:77,0
DA:80,0
DA:82,0
DA:83,0
DA:84,0
DA:85,0
DA:86,0
DA:87,0
DA:88,0
DA:89,0
DA:91,0
DA:92,0
DA:94,0
DA:95,0
DA:96,0
DA:97,0
DA:98,0
DA:99,0
DA:100,0
DA:101,0
DA:103,0
DA:104,0
DA:105,0
DA:106,0
DA:107,0
DA:108,0
DA:111,0
DA:112,0
DA:113,0
DA:115,0
DA:116,0
DA:118,0
DA:119,0
DA:120,0
DA:121,0
DA:122,0
DA:123,0
DA:124,0
DA:125,0
DA:126,0
DA:127,0
DA:128,0
DA:130,0
DA:132,0
DA:133,0
DA:134,0
DA:135,0
DA:136,0
DA:137,0
DA:138,0
DA:139,0
DA:140,0
DA:141,0
DA:142,0
DA:143,0
DA:145,0
DA:146,0
DA:147,0
DA:148,0
DA:149,0
DA:150,0
DA:151,0
DA:152,0
DA:153,0
DA:154,0
DA:155,0
DA:156,0
DA:157,0
DA:158,0
DA:159,0
DA:160,0
DA:161,0
DA:163,0
DA:164,0
DA:167,0
DA:168,0
DA:169,0
DA:170,0
DA:171,0
DA:172,0
DA:173,0
DA:175,0
DA:176,0
DA:177,0
DA:178,0
DA:179,0
DA:182,0
DA:183,0
DA:184,0
DA:185,0
DA:186,0
DA:187,0
DA:189,0
DA:190,0
DA:191,0
DA:192,0
DA:193,0
DA:195,0
DA:196,0
DA:197,0
DA:198,0
DA:199,0
DA:200,0
[...]
FN:79,_RNvMNtCs8vv7mWF5ug8_2vx24universal_package_routerNtB2_22UniversalPackageRouter22handle_install_command
FN:236,_RNvMNtCs8vv7mWF5ug8_2vx24universal_package_routerNtB2_22UniversalPackageRouter24handle_ecosystem_command
FN:318,_RNvMNtCs8vv7mWF5ug8_2vx24universal_package_routerNtB2_22UniversalPackageRouter29handle_direct_manager_command
FN:15,_RNvMNtCs8vv7mWF5ug8_2vx24universal_package_routerNtB2_22UniversalPackageRouter3new
FN:364,_RNvXs_NtCs8vv7mWF5ug8_2vx24universal_package_routerNtB4_22UniversalPackageRouterNtNtCsaDtq73Zt8sT_4core7default7Default7default
FN:210,_RNCNvMNtCse561JCZuupE_2vx24universal_package_routerNtB4_22UniversalPackageRouter19handle_info_command0B6_
FN:334,_RNvMNtCse561JCZuupE_2vx24universal_package_routerNtB2_22UniversalPackageRouter11has_manager
FN:43,_RNvMNtCse561JCZuupE_2vx24universal_package_routerNtB2_22UniversalPackageRouter13route_command
FN:199,_RNvMNtCse561JCZuupE_2vx24universal_package_routerNtB2_22UniversalPackageRouter19handle_info_command
FN:130,_RNvMNtCse561JCZuupE_2vx24universal_package_routerNtB2_22UniversalPackageRouter19handle_list_command
FN:96,_RNvMNtCse561JCZuupE_2vx24universal_package_routerNtB2_22UniversalPackageRouter21handle_remove_command
FN:159,_RNvMNtCse561JCZuupE_2vx24universal_package_routerNtB2_22UniversalPackageRouter21handle_search_command
FN:305,_RNvMNtCse561JCZuupE_2vx24universal_package_routerNtB2_22UniversalPackageRouter21handle_system_command
FN:113,_RNvMNtCse561JCZuupE_2vx24universal_package_routerNtB2_22UniversalPackageRouter21handle_update_command
FN:79,_RNvMNtCse561JCZuupE_2vx24universal_package_routerNtB2_22UniversalPackageRouter22handle_install_command
FN:236,_RNvMNtCse561JCZuupE_2vx24universal_package_routerNtB2_22UniversalPackageRouter24handle_ecosystem_command
FN:318,_RNvMNtCse561JCZuupE_2vx24universal_package_routerNtB2_22UniversalPackageRouter29handle_direct_manager_command
FN:364,_RNvXs_NtCse561JCZuupE_2vx24universal_package_routerNtB4_22UniversalPackageRouterNtNtCsaDtq73Zt8sT_4core7default7Default7default
FN:374,_RNvNtNtCse561JCZuupE_2vx24universal_package_router5testss_20test_router_creation
FN:381,_RNvNtNtCse561JCZuupE_2vx24universal_package_router5testss_25test_package_spec_parsing
FN:339,_RNvMNtCse561JCZuupE_2vx24universal_package_routerNtB2_22UniversalPackageRouter19parse_package_specs
FN:15,_RNvMNtCse561JCZuupE_2vx24universal_package_routerNtB2_22UniversalPackageRouter3new
FNDA:0,_RNCNvMNtCs8vv7mWF5ug8_2vx24universal_package_routerNtB4_22UniversalPackageRouter19handle_info_command0B6_
FNDA:0,_RNvMNtCs8vv7mWF5ug8_2vx24universal_package_routerNtB2_22UniversalPackageRouter11has_manager
FNDA:0,_RNvMNtCs8vv7mWF5ug8_2vx24universal_package_routerNtB2_22UniversalPackageRouter13route_command
FNDA:0,_RNvMNtCs8vv7mWF5ug8_2vx24universal_package_routerNtB2_22UniversalPackageRouter19handle_info_command
FNDA:0,_RNvMNtCs8vv7mWF5ug8_2vx24universal_package_routerNtB2_22UniversalPackageRouter19handle_list_command
FNDA:0,_RNvMNtCs8vv7mWF5ug8_2vx24universal_package_routerNtB2_22UniversalPackageRouter19parse_package_specs
FNDA:0,_RNvMNtCs8vv7mWF5ug8_2vx24universal_package_routerNtB2_22UniversalPackageRouter21handle_remove_command
FNDA:0,_RNvMNtCs8vv7mWF5ug8_2vx24universal_package_routerNtB2_22UniversalPackageRouter21handle_search_command
FNDA:0,_RNvMNtCs8vv7mWF5ug8_2vx24universal_package_routerNtB2_22UniversalPackageRouter21handle_system_command
FNDA:0,_RNvMNtCs8vv7mWF5ug8_2vx24universal_package_routerNtB2_22UniversalPackageRouter21handle_update_command
FNDA:0,_RNvMNtCs8vv7mWF5ug8_2vx24universal_package_routerNtB2_22UniversalPackageRouter22handle_install_command
FNDA:0,_RNvMNtCs8vv7mWF5ug8_2vx24universal_package_routerNtB2_22UniversalPackageRouter24handle_ecosystem_command
FNDA:0,_RNvMNtCs8vv7mWF5ug8_2vx24universal_package_routerNtB2_22UniversalPackageRouter29handle_direct_manager_command
FNDA:0,_RNvMNtCs8vv7mWF5ug8_2vx24universal_package_routerNtB2_22UniversalPackageRouter3new
FNDA:0,_RNvXs_NtCs8vv7mWF5ug8_2vx24universal_package_routerNtB4_22UniversalPackageRouterNtNtCsaDtq73Zt8sT_4core7default7Default7default
FNDA:0,_RNCNvMNtCse561JCZuupE_2vx24universal_package_routerNtB4_22UniversalPackageRouter19handle_info_command0B6_
FNDA:0,_RNvMNtCse561JCZuupE_2vx24universal_package_routerNtB2_22UniversalPackageRouter11has_manager
FNDA:0,_RNvMNtCse561JCZuupE_2vx24universal_package_routerNtB2_22UniversalPackageRouter13route_command
FNDA:0,_RNvMNtCse561JCZuupE_2vx24universal_package_routerNtB2_22UniversalPackageRouter19handle_info_command
FNDA:0,_RNvMNtCse561JCZuupE_2vx24universal_package_routerNtB2_22UniversalPackageRouter19handle_list_command
FNDA:0,_RNvMNtCse561JCZuupE_2vx24universal_package_routerNtB2_22UniversalPackageRouter21handle_remove_command
FNDA:0,_RNvMNtCse561JCZuupE_2vx24universal_package_routerNtB2_22UniversalPackageRouter21handle_search_command
FNDA:0,_RNvMNtCse561JCZuupE_2vx24universal_package_routerNtB2_22UniversalPackageRouter21handle_system_command
FNDA:0,_RNvMNtCse561JCZuupE_2vx24universal_package_routerNtB2_22UniversalPackageRouter21handle_update_command
FNDA:0,_RNvMNtCse561JCZuupE_2vx24universal_package_routerNtB2_22UniversalPackageRouter22handle_install_command
FNDA:0,_RNvMNtCse561JCZuupE_2vx24universal_package_routerNtB2_22UniversalPackageRouter24handle_ecosystem_command
FNDA:0,_RNvMNtCse561JCZuupE_2vx24universal_package_routerNtB2_22UniversalPackageRouter29handle_direct_manager_command
FNDA:0,_RNvXs_NtCse561JCZuupE_2vx24universal_package_routerNtB4_22UniversalPackageRouterNtNtCsaDtq73Zt8sT_4core7default7Default7default
FNDA:1,_RNvNtNtCse561JCZuupE_2vx24universal_package_router5testss_20test_router_creation
FNDA:1,_RNvNtNtCse561JCZuupE_2vx24universal_package_router5testss_25test_package_spec_parsing
FNDA:1,_RNvMNtCse561JCZuupE_2vx24universal_package_routerNtB2_22UniversalPackageRouter19parse_package_specs
FNDA:2,_RNvMNtCse561JCZuupE_2vx24universal_package_routerNtB2_22UniversalPackageRouter3new
FNF:17
FNH:4
DA:15,2
DA:16,2
DA:17,2
DA:18,2
DA:19,2
DA:20,2
DA:21,2
DA:22,2
DA:23,2
DA:24,2
DA:25,2
DA:26,2
DA:27,2
DA:28,2
DA:29,2
DA:30,2
DA:31,2
DA:32,2
DA:33,2
DA:34,2
DA:35,2
DA:36,2
DA:37,2
DA:38,2
DA:39,2
DA:40,2
DA:43,0
DA:44,0
DA:45,0
DA:46,0
DA:47,0
DA:48,0
DA:49,0
DA:50,0
DA:51,0
DA:52,0
DA:53,0
DA:54,0
DA:55,0
DA:56,0
DA:57,0
DA:58,0
DA:61,0
DA:62,0
DA:64,0
DA:65,0
DA:66,0
DA:67,0
DA:68,0
DA:69,0
DA:70,0
DA:74,0
DA:76,0
DA:79,0
DA:80,0
DA:82,0
DA:83,0
DA:84,0
DA:85,0
DA:87,0
DA:88,0
DA:89,0
DA:92,0
DA:93,0
DA:96,0
DA:97,0
DA:99,0
DA:100,0
DA:101,0
DA:102,0
DA:104,0
DA:105,0
DA:106,0
DA:109,0
DA:110,0
DA:113,0
DA:114,0
DA:116,0
DA:117,0
DA:118,0
DA:119,0
DA:121,0
DA:122,0
DA:123,0
DA:126,0
DA:127,0
DA:130,0
DA:131,0
DA:133,0
DA:134,0
DA:136,0
DA:137,0
DA:138,0
DA:139,0
DA:140,0
DA:141,0
DA:142,0
DA:143,0
DA:144,0
DA:149,0
DA:150,0
DA:151,0
DA:152,0
DA:155,0
DA:156,0
DA:159,0
DA:160,0
DA:161,0
DA:162,0
DA:163,0
DA:164,0
DA:165,0
DA:167,0
DA:168,0
DA:170,0
DA:171,0
DA:172,0
DA:173,0
DA:174,0
DA:175,0
DA:176,0
DA:177,0
DA:178,0
DA:180,0
DA:181,0
DA:182,0
DA:183,0
DA:185,0
DA:186,0
DA:187,0
DA:190,0
DA:191,0
DA:192,0
DA:195,0
DA:196,0
DA:199,0
DA:200,0
DA:201,0
DA:202,0
DA:203,0
DA:204,0
DA:205,0
DA:207,0
DA:208,0
DA:210,0
DA:211,0
DA:212,0
DA:213,0
DA:214,0
DA:215,0
DA:216,0
DA:217,0
DA:218,0
DA:219,0
DA:220,0
DA:221,0
DA:222,0
DA:223,0
DA:224,0
DA:225,0
DA:227,0
DA:228,0
DA:229,0
DA:232,0
DA:233,0
DA:236,0
DA:237,0
DA:238,0
DA:239,0
DA:240,0
DA:241,0
DA:242,0
DA:243,0
DA:244,0
DA:245,0
DA:246,0
DA:247,0
DA:248,0
DA:249,0
DA:250,0
DA:251,0
DA:252,0
DA:253,0
DA:254,0
DA:255,0
DA:256,0
DA:258,0
DA:259,0
DA:260,0
DA:261,0
DA:263,0
DA:264,0
DA:265,0
DA:266,0
DA:268,0
DA:269,0
DA:270,0
DA:271,0
DA:272,0
DA:274,0
DA:275,0
DA:276,0
DA:277,0
DA:278,0
DA:279,0
DA:280,0
DA:284,0
DA:285,0
DA:286,0
DA:287,0
DA:288,0
DA:292,0
DA:293,0
DA:294,0
DA:295,0
DA:298,0
DA:301,0
DA:302,0
DA:305,0
DA:306,0
DA:307,0
DA:308,0
DA:309,0
DA:311,0
DA:314,0
DA:315,0
DA:318,0
DA:319,0
DA:322,0
DA:323,0
DA:324,0
DA:326,0
DA:327,0
DA:328,0
DA:329,0
DA:331,0
DA:334,0
DA:335,0
DA:336,0
DA:339,1
DA:340,1
DA:342,3
DA:343,2
DA:344,1
DA:345,1
DA:347,1
DA:350,2
DA:351,2
DA:352,2
DA:353,2
DA:354,2
DA:355,2
DA:356,2
DA:359,1
DA:360,1
DA:364,0
DA:365,0
DA:366,0
DA:374,1
DA:375,1
DA:376,1
DA:377,1
DA:378,1
DA:381,1
DA:382,1
DA:383,1
DA:384,1
DA:385,1
DA:386,1
DA:387,1
DA:388,1
DA:389,1
DA:390,1
DA:391,1
DA:392,1
DA:393,1
BRF:0
BRH:0
LF:277
LH:60
end_of_record
SF:C:\github\mcpx\src\venv.rs
FN:40,_RNCNvMNtCs8vv7mWF5ug8_2vx4venvNtB4_11VenvManager3new0B6_
FN:120,_RNvMNtCs8vv7mWF5ug8_2vx4venvNtB2_11VenvManager10deactivate
FN:193,_RNvMNtCs8vv7mWF5ug8_2vx4venvNtB2_11VenvManager16load_venv_config
FN:181,_RNvMNtCs8vv7mWF5ug8_2vx4venvNtB2_11VenvManager16save_venv_config
FN:172,_RNvMNtCs8vv7mWF5ug8_2vx4venvNtB2_11VenvManager21install_tool_for_venv
FN:31,_RNvMNtCs8vv7mWF5ug8_2vx4venvNtB2_11VenvManager3new
FN:130,_RNvMNtCs8vv7mWF5ug8_2vx4venvNtB2_11VenvManager4list
FN:56,_RNvMNtCs8vv7mWF5ug8_2vx4venvNtB2_11VenvManager6create
FN:149,_RNvMNtCs8vv7mWF5ug8_2vx4venvNtB2_11VenvManager6remove
FN:162,_RNvMNtCs8vv7mWF5ug8_2vx4venvNtB2_11VenvManager7current
FN:94,_RNvMNtCs8vv7mWF5ug8_2vx4venvNtB2_11VenvManager8activate
FN:167,_RNvMNtCs8vv7mWF5ug8_2vx4venvNtB2_11VenvManager9is_active
FN:210,_RNvXs_NtCs8vv7mWF5ug8_2vx4venvNtB4_11VenvManagerNtNtCsaDtq73Zt8sT_4core7default7Default7default
FN:120,_RNvMNtCse561JCZuupE_2vx4venvNtB2_11VenvManager10deactivate
FN:193,_RNvMNtCse561JCZuupE_2vx4venvNtB2_11VenvManager16load_venv_config
FN:181,_RNvMNtCse561JCZuupE_2vx4venvNtB2_11VenvManager16save_venv_config
FN:172,_RNvMNtCse561JCZuupE_2vx4venvNtB2_11VenvManager21install_tool_for_venv
FN:130,_RNvMNtCse561JCZuupE_2vx4venvNtB2_11VenvManager4list
FN:56,_RNvMNtCse561JCZuupE_2vx4venvNtB2_11VenvManager6create
FN:149,_RNvMNtCse561JCZuupE_2vx4venvNtB2_11VenvManager6remove
FN:162,_RNvMNtCse561JCZuupE_2vx4venvNtB2_11VenvManager7current
FN:94,_RNvMNtCse561JCZuupE_2vx4venvNtB2_11VenvManager8activate
FN:210,_RNvXs_NtCse561JCZuupE_2vx4venvNtB4_11VenvManagerNtNtCsaDtq73Zt8sT_4core7default7Default7default
FN:226,_RNvNtNtCse561JCZuupE_2vx4venv5testss_17test_current_venv
FN:220,_RNvNtNtCse561JCZuupE_2vx4venv5testss_26test_venv_manager_creation
FN:40,_RNCNvMNtCse561JCZuupE_2vx4venvNtB4_11VenvManager3new0B6_
FN:31,_RNvMNtCse561JCZuupE_2vx4venvNtB2_11VenvManager3new
FN:167,_RNvMNtCse561JCZuupE_2vx4venvNtB2_11VenvManager9is_active
FNDA:0,_RNCNvMNtCs8vv7mWF5ug8_2vx4venvNtB4_11VenvManager3new0B6_
FNDA:0,_RNvMNtCs8vv7mWF5ug8_2vx4venvNtB2_11VenvManager10deactivate
FNDA:0,_RNvMNtCs8vv7mWF5ug8_2vx4venvNtB2_11VenvManager16load_venv_config
FNDA:0,_RNvMNtCs8vv7mWF5ug8_2vx4venvNtB2_11VenvManager16save_venv_config
FNDA:0,_RNvMNtCs8vv7mWF5ug8_2vx4venvNtB2_11VenvManager21install_tool_for_venv
FNDA:0,_RNvMNtCs8vv7mWF5ug8_2vx4venvNtB2_11VenvManager3new
FNDA:0,_RNvMNtCs8vv7mWF5ug8_2vx4venvNtB2_11VenvManager4list
FNDA:0,_RNvMNtCs8vv7mWF5ug8_2vx4venvNtB2_11VenvManager6create
FNDA:0,_RNvMNtCs8vv7mWF5ug8_2vx4venvNtB2_11VenvManager6remove
FNDA:0,_RNvMNtCs8vv7mWF5ug8_2vx4venvNtB2_11VenvManager7current
FNDA:0,_RNvMNtCs8vv7mWF5ug8_2vx4venvNtB2_11VenvManager8activate
FNDA:0,_RNvMNtCs8vv7mWF5ug8_2vx4venvNtB2_11VenvManager9is_active
FNDA:0,_RNvXs_NtCs8vv7mWF5ug8_2vx4venvNtB4_11VenvManagerNtNtCsaDtq73Zt8sT_4core7default7Default7default
FNDA:0,_RNvMNtCse561JCZuupE_2vx4venvNtB2_11VenvManager10deactivate
FNDA:0,_RNvMNtCse561JCZuupE_2vx4venvNtB2_11VenvManager16load_venv_config
FNDA:0,_RNvMNtCse561JCZuupE_2vx4venvNtB2_11VenvManager16save_venv_config
FNDA:0,_RNvMNtCse561JCZuupE_2vx4venvNtB2_11VenvManager21install_tool_for_venv
FNDA:0,_RNvMNtCse561JCZuupE_2vx4venvNtB2_11VenvManager4list
FNDA:0,_RNvMNtCse561JCZuupE_2vx4venvNtB2_11VenvManager6create
FNDA:0,_RNvMNtCse561JCZuupE_2vx4venvNtB2_11VenvManager6remove
FNDA:0,_RNvMNtCse561JCZuupE_2vx4venvNtB2_11VenvManager7current
FNDA:0,_RNvMNtCse561JCZuupE_2vx4venvNtB2_11VenvManager8activate
FNDA:0,_RNvXs_NtCse561JCZuupE_2vx4venvNtB4_11VenvManagerNtNtCsaDtq73Zt8sT_4core7default7Default7default
FNDA:1,_RNvNtNtCse561JCZuupE_2vx4venv5testss_17test_current_venv
FNDA:1,_RNvNtNtCse561JCZuupE_2vx4venv5testss_26test_venv_manager_creation
FNDA:0,_RNCNvMNtCse561JCZuupE_2vx4venvNtB4_11VenvManager3new0B6_
FNDA:1,_RNvMNtCse561JCZuupE_2vx4venvNtB2_11VenvManager3new
FNDA:1,_RNvMNtCse561JCZuupE_2vx4venvNtB2_11VenvManager9is_active
FNF:15
FNH:4
DA:31,1
DA:32,1
DA:33,1
DA:36,1
DA:37,1
DA:39,0
DA:40,0
DA:41,0
DA:42,0
DA:46,1
DA:48,1
DA:49,1
DA:50,1
DA:51,1
DA:52,1
DA:53,1
DA:56,0
DA:57,0
DA:58,0
DA:59,0
DA:60,0
DA:61,0
DA:62,0
DA:63,0
DA:64,0
DA:65,0
DA:66,0
DA:69,0
DA:70,0
DA:71,0
DA:72,0
DA:74,0
DA:75,0
DA:76,0
DA:77,0
DA:78,0
DA:79,0
DA:80,0
DA:81,0
DA:82,0
DA:85,0
DA:86,0
DA:89,0
DA:90,0
DA:91,0
DA:94,0
DA:95,0
DA:98,0
DA:99,0
DA:100,0
DA:101,0
DA:104,0
DA:105,0
DA:106,0
DA:109,0
DA:110,0
DA:111,0
DA:114,0
DA:115,0
DA:116,0
DA:117,0
DA:120,0
DA:121,0
DA:122,0
DA:123,0
DA:124,0
DA:125,0
DA:126,0
DA:127,0
DA:130,0
DA:131,0
DA:132,0
DA:133,0
DA:134,0
DA:135,0
DA:136,0
DA:137,0
DA:138,0
DA:139,0
DA:140,0
DA:142,0
DA:144,0
DA:145,0
DA:146,0
DA:149,0
DA:150,0
DA:151,0
DA:152,0
DA:153,0
DA:154,0
DA:155,0
DA:156,0
DA:157,0
DA:158,0
DA:159,0
DA:162,0
DA:163,0
DA:164,0
DA:167,1
DA:168,1
DA:169,1
DA:172,0
DA:173,0
DA:174,0
DA:175,0
DA:176,0
DA:177,0
DA:178,0
DA:181,0
DA:182,0
DA:183,0
DA:184,0
DA:185,0
DA:186,0
DA:187,0
DA:188,0
DA:189,0
DA:190,0
DA:193,0
DA:194,0
DA:195,0
DA:196,0
DA:197,0
DA:198,0
DA:199,0
DA:200,0
DA:201,0
DA:203,0
DA:204,0
DA:205,0
DA:206,0
DA:210,0
DA:211,0
DA:212,0
DA:220,1
DA:221,1
DA:222,1
DA:223,1
DA:226,1
DA:227,1
DA:228,1
DA:229,1
BRF:0
BRH:0
LF:143
LH:23
end_of_record
SF:C:\github\mcpx\src\version.rs
FN:17,_RNvMNtCs8vv7mWF5ug8_2vx7versionNtB2_7Version5parse
FN:46,_RNvMNtCs8vv7mWF5ug8_2vx7versionNtB2_7Version9as_string
FN:88,_RNvMs0_NtCs8vv7mWF5ug8_2vx7versionNtB5_14VersionManager18get_latest_version
FN:64,_RNvMs0_NtCs8vv7mWF5ug8_2vx7versionNtB5_14VersionManager21get_installed_version
FN:99,_RNvMs0_NtCs8vv7mWF5ug8_2vx7versionNtB5_14VersionManager21get_uv_latest_version
FN:115,_RNvMs0_NtCs8vv7mWF5ug8_2vx7versionNtB5_14VersionManager23get_node_latest_version
FN:136,_RNvMs0_NtCs8vv7mWF5ug8_2vx7versionNtB5_14VersionManager27extract_version_from_output
FN:55,_RNvXs_NtCs8vv7mWF5ug8_2vx7versionNtB4_7VersionNtNtCsaDtq73Zt8sT_4core3fmt7Display3fmt
FN:110,_RNCNCNvMs0_NtCse561JCZuupE_2vx7versionNtB9_14VersionManager21get_uv_latest_version00Bb_
FN:126,_RNCNCNvMs0_NtCse561JCZuupE_2vx7versionNtB9_14VersionManager23get_node_latest_version00Bb_
FN:131,_RNCNCNvMs0_NtCse561JCZuupE_2vx7versionNtB9_14VersionManager23get_node_latest_version0s0_0Bb_
FN:127,_RNCNCNvMs0_NtCse561JCZuupE_2vx7versionNtB9_14VersionManager23get_node_latest_version0s_0Bb_
FN:88,_RNCNvMs0_NtCse561JCZuupE_2vx7versionNtB7_14VersionManager18get_latest_version0B9_
FN:99,_RNCNvMs0_NtCse561JCZuupE_2vx7versionNtB7_14VersionManager21get_uv_latest_version0B9_
FN:115,_RNCNvMs0_NtCse561JCZuupE_2vx7versionNtB7_14VersionManager23get_node_latest_version0B9_
FN:17,_RNvMNtCse561JCZuupE_2vx7versionNtB2_7Version5parse
FN:46,_RNvMNtCse561JCZuupE_2vx7versionNtB2_7Version9as_string
FN:88,_RNvMs0_NtCse561JCZuupE_2vx7versionNtB5_14VersionManager18get_latest_version
FN:64,_RNvMs0_NtCse561JCZuupE_2vx7versionNtB5_14VersionManager21get_installed_version
FN:99,_RNvMs0_NtCse561JCZuupE_2vx7versionNtB5_14VersionManager21get_uv_latest_version
FN:115,_RNvMs0_NtCse561JCZuupE_2vx7versionNtB5_14VersionManager23get_node_latest_version
FN:136,_RNvMs0_NtCse561JCZuupE_2vx7versionNtB5_14VersionManager27extract_version_from_output
FN:55,_RNvXs_NtCse561JCZuupE_2vx7versionNtB4_7VersionNtNtCsaDtq73Zt8sT_4core3fmt7Display3fmt
FN:110,_RNCNCNvMs0_NtCs8vv7mWF5ug8_2vx7versionNtB9_14VersionManager21get_uv_latest_version00CsgEqbR8KZSOZ_2vx
FN:126,_RNCNCNvMs0_NtCs8vv7mWF5ug8_2vx7versionNtB9_14VersionManager23get_node_latest_version00CsgEqbR8KZSOZ_2vx
FN:131,_RNCNCNvMs0_NtCs8vv7mWF5ug8_2vx7versionNtB9_14VersionManager23get_node_latest_version0s0_0CsgEqbR8KZSOZ_2vx
FN:127,_RNCNCNvMs0_NtCs8vv7mWF5ug8_2vx7versionNtB9_14VersionManager23get_node_latest_version0s_0CsgEqbR8KZSOZ_2vx
FN:88,_RNCNvMs0_NtCs8vv7mWF5ug8_2vx7versionNtB7_14VersionManager18get_latest_version0CsgEqbR8KZSOZ_2vx
FN:99,_RNCNvMs0_NtCs8vv7mWF5ug8_2vx7versionNtB7_14VersionManager21get_uv_latest_version0CsgEqbR8KZSOZ_2vx
FN:115,_RNCNvMs0_NtCs8vv7mWF5ug8_2vx7versionNtB7_14VersionManager23get_node_latest_version0CsgEqbR8KZSOZ_2vx
FNDA:0,_RNvMNtCs8vv7mWF5ug8_2vx7versionNtB2_7Version5parse
FNDA:0,_RNvMNtCs8vv7mWF5ug8_2vx7versionNtB2_7Version9as_string
FNDA:0,_RNvMs0_NtCs8vv7mWF5ug8_2vx7versionNtB5_14VersionManager18get_latest_version
FNDA:0,_RNvMs0_NtCs8vv7mWF5ug8_2vx7versionNtB5_14VersionManager21get_installed_version
FNDA:0,_RNvMs0_NtCs8vv7mWF5ug8_2vx7versionNtB5_14VersionManager21get_uv_latest_version
FNDA:0,_RNvMs0_NtCs8vv7mWF5ug8_2vx7versionNtB5_14VersionManager23get_node_latest_version
FNDA:0,_RNvMs0_NtCs8vv7mWF5ug8_2vx7versionNtB5_14VersionManager27extract_version_from_output
FNDA:0,_RNvXs_NtCs8vv7mWF5ug8_2vx7versionNtB4_7VersionNtNtCsaDtq73Zt8sT_4core3fmt7Display3fmt
FNDA:0,_RNCNCNvMs0_NtCse561JCZuupE_2vx7versionNtB9_14VersionManager21get_uv_latest_version00Bb_
FNDA:0,_RNCNCNvMs0_NtCse561JCZuupE_2vx7versionNtB9_14VersionManager23get_node_latest_version00Bb_
FNDA:0,_RNCNCNvMs0_NtCse561JCZuupE_2vx7versionNtB9_14VersionManager23get_node_latest_version0s0_0Bb_
FNDA:0,_RNCNCNvMs0_NtCse561JCZuupE_2vx7versionNtB9_14VersionManager23get_node_latest_version0s_0Bb_
FNDA:0,_RNCNvMs0_NtCse561JCZuupE_2vx7versionNtB7_14VersionManager18get_latest_version0B9_
FNDA:0,_RNCNvMs0_NtCse561JCZuupE_2vx7versionNtB7_14VersionManager21get_uv_latest_version0B9_
FNDA:0,_RNCNvMs0_NtCse561JCZuupE_2vx7versionNtB7_14VersionManager23get_node_latest_version0B9_
FNDA:0,_RNvMNtCse561JCZuupE_2vx7versionNtB2_7Version5parse
FNDA:0,_RNvMNtCse561JCZuupE_2vx7versionNtB2_7Version9as_string
FNDA:0,_RNvMs0_NtCse561JCZuupE_2vx7versionNtB5_14VersionManager18get_latest_version
FNDA:0,_RNvMs0_NtCse561JCZuupE_2vx7versionNtB5_14VersionManager21get_installed_version
FNDA:0,_RNvMs0_NtCse561JCZuupE_2vx7versionNtB5_14VersionManager21get_uv_latest_version
FNDA:0,_RNvMs0_NtCse561JCZuupE_2vx7versionNtB5_14VersionManager23get_node_latest_version
FNDA:0,_RNvMs0_NtCse561JCZuupE_2vx7versionNtB5_14VersionManager27extract_version_from_output
FNDA:0,_RNvXs_NtCse561JCZuupE_2vx7versionNtB4_7VersionNtNtCsaDtq73Zt8sT_4core3fmt7Display3fmt
FNDA:0,_RNCNCNvMs0_NtCs8vv7mWF5ug8_2vx7versionNtB9_14VersionManager21get_uv_latest_version00CsgEqbR8KZSOZ_2vx
FNDA:0,_RNCNCNvMs0_NtCs8vv7mWF5ug8_2vx7versionNtB9_14VersionManager23get_node_latest_version00CsgEqbR8KZSOZ_2vx
FNDA:0,_RNCNCNvMs0_NtCs8vv7mWF5ug8_2vx7versionNtB9_14VersionManager23get_node_latest_version0s0_0CsgEqbR8KZSOZ_2vx
FNDA:0,_RNCNCNvMs0_NtCs8vv7mWF5ug8_2vx7versionNtB9_14VersionManager23get_node_latest_version0s_0CsgEqbR8KZSOZ_2vx
FNDA:0,_RNCNvMs0_NtCs8vv7mWF5ug8_2vx7versionNtB7_14VersionManager18get_latest_version0CsgEqbR8KZSOZ_2vx
FNDA:0,_RNCNvMs0_NtCs8vv7mWF5ug8_2vx7versionNtB7_14VersionManager21get_uv_latest_version0CsgEqbR8KZSOZ_2vx
FNDA:0,_RNCNvMs0_NtCs8vv7mWF5ug8_2vx7versionNtB7_14VersionManager23get_node_latest_version0CsgEqbR8KZSOZ_2vx
FNF:15
FNH:0
DA:17,0
DA:18,0
DA:19,0
DA:20,0
DA:21,0
DA:22,0
DA:23,0
DA:25,0
DA:26,0
DA:29,0
DA:30,0
DA:31,0
DA:32,0
DA:33,0
DA:35,0
DA:38,0
DA:39,0
DA:40,0
DA:41,0
DA:42,0
DA:43,0
DA:44,0
DA:46,0
DA:47,0
DA:48,0
DA:49,0
DA:51,0
DA:55,0
DA:56,0
DA:57,0
DA:64,0
DA:65,0
DA:66,0
DA:67,0
DA:68,0
DA:71,0
DA:73,0
DA:74,0
DA:75,0
DA:76,0
DA:77,0
DA:78,0
DA:81,0
DA:82,0
DA:84,0
DA:85,0
DA:88,0
DA:89,0
DA:90,0
DA:91,0
DA:92,0
DA:93,0
DA:94,0
DA:95,0
DA:97,0
DA:99,0
DA:100,0
DA:101,0
DA:102,0
DA:103,0
DA:104,0
DA:105,0
DA:107,0
DA:108,0
DA:109,0
DA:110,0
DA:112,0
DA:113,0
DA:115,0
DA:116,0
DA:117,0
DA:118,0
DA:119,0
DA:120,0
DA:121,0
DA:123,0
DA:124,0
DA:125,0
DA:126,0
DA:127,0
DA:129,0
DA:130,0
DA:131,0
DA:133,0
DA:134,0
DA:136,0
DA:137,0
DA:138,0
DA:139,0
DA:140,0
DA:141,0
DA:143,0
DA:144,0
DA:145,0
DA:146,0
DA:147,0
DA:148,0
DA:149,0
DA:150,0
DA:153,0
DA:154,0
DA:155,0
DA:156,0
DA:157,0
BRF:0
BRH:0
LF:111
LH:0
end_of_record